{"/home/nighthawks/Desktop/UMS/FYP/Development/server/app.js": {"path":"/home/nighthawks/Desktop/UMS/FYP/Development/server/app.js","statementMap":{"0":{"start":{"line":1,"column":0},"end":{"line":1,"column":27}},"1":{"start":{"line":2,"column":21},"end":{"line":2,"column":46}},"2":{"start":{"line":4,"column":18},"end":{"line":4,"column":41}},"3":{"start":{"line":5,"column":13},"end":{"line":5,"column":37}},"4":{"start":{"line":7,"column":12},"end":{"line":7,"column":26}},"5":{"start":{"line":9,"column":0},"end":{"line":17,"column":3}},"6":{"start":{"line":10,"column":2},"end":{"line":16,"column":3}},"7":{"start":{"line":11,"column":4},"end":{"line":13,"column":66}},"8":{"start":{"line":13,"column":18},"end":{"line":13,"column":64}},"9":{"start":{"line":15,"column":4},"end":{"line":15,"column":23}},"10":{"start":{"line":19,"column":0},"end":{"line":19,"column":21}}},"fnMap":{"0":{"name":"(anonymous_0)","decl":{"start":{"line":9,"column":17},"end":{"line":9,"column":18}},"loc":{"start":{"line":9,"column":29},"end":{"line":17,"column":1}},"line":9},"1":{"name":"(anonymous_1)","decl":{"start":{"line":13,"column":12},"end":{"line":13,"column":13}},"loc":{"start":{"line":13,"column":18},"end":{"line":13,"column":64}},"line":13}},"branchMap":{"0":{"loc":{"start":{"line":5,"column":13},"end":{"line":5,"column":37}},"type":"binary-expr","locations":[{"start":{"line":5,"column":13},"end":{"line":5,"column":29}},{"start":{"line":5,"column":33},"end":{"line":5,"column":37}}],"line":5}},"s":{"0":4,"1":4,"2":4,"3":4,"4":4,"5":4,"6":1,"7":1,"8":1,"9":0,"10":4},"f":{"0":1,"1":1},"b":{"0":[4,0]},"_coverageSchema":"1a1c01bbd47fc00a2c39e90264f33305004495a9","hash":"54eaec4253fa78dd2df8a9a9e2c8bc8a2b77ccec"}
,"/home/nighthawks/Desktop/UMS/FYP/Development/server/controllers/auth.js": {"path":"/home/nighthawks/Desktop/UMS/FYP/Development/server/controllers/auth.js","statementMap":{"0":{"start":{"line":1,"column":23},"end":{"line":1,"column":56}},"1":{"start":{"line":2,"column":24},"end":{"line":2,"column":52}},"2":{"start":{"line":3,"column":50},"end":{"line":3,"column":70}},"3":{"start":{"line":5,"column":13},"end":{"line":5,"column":23}},"4":{"start":{"line":7,"column":14},"end":{"line":66,"column":1}},"5":{"start":{"line":8,"column":30},"end":{"line":8,"column":38}},"6":{"start":{"line":10,"column":2},"end":{"line":12,"column":3}},"7":{"start":{"line":11,"column":4},"end":{"line":11,"column":67}},"8":{"start":{"line":14,"column":15},"end":{"line":18,"column":4}},"9":{"start":{"line":20,"column":2},"end":{"line":22,"column":3}},"10":{"start":{"line":21,"column":4},"end":{"line":21,"column":60}},"11":{"start":{"line":24,"column":28},"end":{"line":24,"column":62}},"12":{"start":{"line":25,"column":2},"end":{"line":27,"column":3}},"13":{"start":{"line":26,"column":4},"end":{"line":26,"column":55}},"14":{"start":{"line":29,"column":16},"end":{"line":29,"column":34}},"15":{"start":{"line":31,"column":2},"end":{"line":37,"column":5}},"16":{"start":{"line":39,"column":2},"end":{"line":54,"column":4}},"17":{"start":{"line":56,"column":2},"end":{"line":65,"column":5}},"18":{"start":{"line":68,"column":15},"end":{"line":73,"column":1}},"19":{"start":{"line":69,"column":2},"end":{"line":69,"column":26}},"20":{"start":{"line":70,"column":2},"end":{"line":70,"column":27}},"21":{"start":{"line":72,"column":2},"end":{"line":72,"column":74}},"22":{"start":{"line":75,"column":0},"end":{"line":78,"column":2}}},"fnMap":{"0":{"name":"(anonymous_0)","decl":{"start":{"line":7,"column":14},"end":{"line":7,"column":15}},"loc":{"start":{"line":7,"column":34},"end":{"line":66,"column":1}},"line":7},"1":{"name":"(anonymous_1)","decl":{"start":{"line":68,"column":15},"end":{"line":68,"column":16}},"loc":{"start":{"line":68,"column":29},"end":{"line":73,"column":1}},"line":68}},"branchMap":{"0":{"loc":{"start":{"line":10,"column":2},"end":{"line":12,"column":3}},"type":"if","locations":[{"start":{"line":10,"column":2},"end":{"line":12,"column":3}},{"start":{},"end":{}}],"line":10},"1":{"loc":{"start":{"line":10,"column":6},"end":{"line":10,"column":25}},"type":"binary-expr","locations":[{"start":{"line":10,"column":6},"end":{"line":10,"column":12}},{"start":{"line":10,"column":16},"end":{"line":10,"column":25}}],"line":10},"2":{"loc":{"start":{"line":20,"column":2},"end":{"line":22,"column":3}},"type":"if","locations":[{"start":{"line":20,"column":2},"end":{"line":22,"column":3}},{"start":{},"end":{}}],"line":20},"3":{"loc":{"start":{"line":25,"column":2},"end":{"line":27,"column":3}},"type":"if","locations":[{"start":{"line":25,"column":2},"end":{"line":27,"column":3}},{"start":{},"end":{}}],"line":25}},"s":{"0":4,"1":4,"2":4,"3":4,"4":4,"5":9,"6":9,"7":2,"8":7,"9":7,"10":1,"11":6,"12":6,"13":1,"14":5,"15":5,"16":5,"17":5,"18":4,"19":1,"20":1,"21":1,"22":4},"f":{"0":9,"1":1},"b":{"0":[2,7],"1":[9,8],"2":[1,6],"3":[1,5]},"_coverageSchema":"1a1c01bbd47fc00a2c39e90264f33305004495a9","hash":"3c718d4c6747062731c3c094d2260e3dd21952d8"}
,"/home/nighthawks/Desktop/UMS/FYP/Development/server/controllers/board.js": {"path":"/home/nighthawks/Desktop/UMS/FYP/Development/server/controllers/board.js","statementMap":{"0":{"start":{"line":1,"column":38},"end":{"line":1,"column":71}},"1":{"start":{"line":2,"column":24},"end":{"line":2,"column":52}},"2":{"start":{"line":3,"column":43},"end":{"line":3,"column":63}},"3":{"start":{"line":4,"column":13},"end":{"line":4,"column":28}},"4":{"start":{"line":7,"column":14},"end":{"line":7,"column":25}},"5":{"start":{"line":9,"column":21},"end":{"line":13,"column":1}},"6":{"start":{"line":10,"column":17},"end":{"line":10,"column":38}},"7":{"start":{"line":12,"column":2},"end":{"line":12,"column":68}},"8":{"start":{"line":15,"column":17},"end":{"line":41,"column":1}},"9":{"start":{"line":16,"column":16},"end":{"line":23,"column":4}},"10":{"start":{"line":25,"column":2},"end":{"line":40,"column":3}},"11":{"start":{"line":26,"column":4},"end":{"line":37,"column":7}},"12":{"start":{"line":39,"column":4},"end":{"line":39,"column":65}},"13":{"start":{"line":43,"column":17},"end":{"line":95,"column":1}},"14":{"start":{"line":44,"column":55},"end":{"line":44,"column":63}},"15":{"start":{"line":45,"column":14},"end":{"line":45,"column":16}},"16":{"start":{"line":47,"column":2},"end":{"line":69,"column":3}},"17":{"start":{"line":48,"column":17},"end":{"line":48,"column":32}},"18":{"start":{"line":50,"column":30},"end":{"line":50,"column":55}},"19":{"start":{"line":51,"column":26},"end":{"line":51,"column":63}},"20":{"start":{"line":52,"column":4},"end":{"line":56,"column":5}},"21":{"start":{"line":53,"column":6},"end":{"line":55,"column":8}},"22":{"start":{"line":58,"column":4},"end":{"line":58,"column":22}},"23":{"start":{"line":59,"column":23},"end":{"line":59,"column":78}},"24":{"start":{"line":61,"column":4},"end":{"line":68,"column":7}},"25":{"start":{"line":62,"column":6},"end":{"line":67,"column":7}},"26":{"start":{"line":63,"column":8},"end":{"line":63,"column":29}},"27":{"start":{"line":64,"column":8},"end":{"line":66,"column":32}},"28":{"start":{"line":71,"column":16},"end":{"line":78,"column":4}},"29":{"start":{"line":80,"column":2},"end":{"line":94,"column":3}},"30":{"start":{"line":81,"column":4},"end":{"line":91,"column":7}},"31":{"start":{"line":93,"column":4},"end":{"line":93,"column":78}},"32":{"start":{"line":97,"column":20},"end":{"line":169,"column":1}},"33":{"start":{"line":101,"column":6},"end":{"line":101,"column":9}},"34":{"start":{"line":102,"column":14},"end":{"line":102,"column":16}},"35":{"start":{"line":104,"column":2},"end":{"line":106,"column":3}},"36":{"start":{"line":105,"column":4},"end":{"line":105,"column":59}},"37":{"start":{"line":108,"column":16},"end":{"line":108,"column":45}},"38":{"start":{"line":110,"column":2},"end":{"line":112,"column":3}},"39":{"start":{"line":111,"column":4},"end":{"line":111,"column":59}},"40":{"start":{"line":115,"column":18},"end":{"line":121,"column":3}},"41":{"start":{"line":123,"column":2},"end":{"line":144,"column":3}},"42":{"start":{"line":124,"column":17},"end":{"line":124,"column":32}},"43":{"start":{"line":126,"column":30},"end":{"line":126,"column":55}},"44":{"start":{"line":127,"column":26},"end":{"line":127,"column":63}},"45":{"start":{"line":128,"column":4},"end":{"line":132,"column":5}},"46":{"start":{"line":129,"column":6},"end":{"line":131,"column":8}},"47":{"start":{"line":134,"column":4},"end":{"line":134,"column":22}},"48":{"start":{"line":135,"column":23},"end":{"line":135,"column":78}},"49":{"start":{"line":136,"column":4},"end":{"line":143,"column":7}},"50":{"start":{"line":137,"column":6},"end":{"line":142,"column":7}},"51":{"start":{"line":138,"column":8},"end":{"line":138,"column":29}},"52":{"start":{"line":139,"column":8},"end":{"line":141,"column":32}},"53":{"start":{"line":146,"column":2},"end":{"line":146,"column":20}},"54":{"start":{"line":147,"column":2},"end":{"line":147,"column":20}},"55":{"start":{"line":148,"column":2},"end":{"line":148,"column":28}},"56":{"start":{"line":149,"column":2},"end":{"line":149,"column":32}},"57":{"start":{"line":150,"column":2},"end":{"line":150,"column":22}},"58":{"start":{"line":152,"column":19},"end":{"line":152,"column":37}},"59":{"start":{"line":154,"column":2},"end":{"line":168,"column":3}},"60":{"start":{"line":155,"column":2},"end":{"line":165,"column":5}},"61":{"start":{"line":167,"column":4},"end":{"line":167,"column":79}},"62":{"start":{"line":171,"column":20},"end":{"line":184,"column":1}},"63":{"start":{"line":172,"column":18},"end":{"line":172,"column":31}},"64":{"start":{"line":174,"column":16},"end":{"line":178,"column":4}},"65":{"start":{"line":179,"column":2},"end":{"line":181,"column":3}},"66":{"start":{"line":180,"column":4},"end":{"line":180,"column":59}},"67":{"start":{"line":183,"column":2},"end":{"line":183,"column":78}},"68":{"start":{"line":185,"column":0},"end":{"line":191,"column":2}}},"fnMap":{"0":{"name":"(anonymous_0)","decl":{"start":{"line":9,"column":21},"end":{"line":9,"column":22}},"loc":{"start":{"line":9,"column":41},"end":{"line":13,"column":1}},"line":9},"1":{"name":"(anonymous_1)","decl":{"start":{"line":15,"column":17},"end":{"line":15,"column":18}},"loc":{"start":{"line":15,"column":37},"end":{"line":41,"column":1}},"line":15},"2":{"name":"(anonymous_2)","decl":{"start":{"line":43,"column":17},"end":{"line":43,"column":18}},"loc":{"start":{"line":43,"column":37},"end":{"line":95,"column":1}},"line":43},"3":{"name":"(anonymous_3)","decl":{"start":{"line":61,"column":24},"end":{"line":61,"column":25}},"loc":{"start":{"line":61,"column":35},"end":{"line":68,"column":5}},"line":61},"4":{"name":"(anonymous_4)","decl":{"start":{"line":97,"column":20},"end":{"line":97,"column":21}},"loc":{"start":{"line":97,"column":40},"end":{"line":169,"column":1}},"line":97},"5":{"name":"(anonymous_5)","decl":{"start":{"line":136,"column":24},"end":{"line":136,"column":25}},"loc":{"start":{"line":136,"column":35},"end":{"line":143,"column":5}},"line":136},"6":{"name":"(anonymous_6)","decl":{"start":{"line":171,"column":20},"end":{"line":171,"column":21}},"loc":{"start":{"line":171,"column":40},"end":{"line":184,"column":1}},"line":171}},"branchMap":{"0":{"loc":{"start":{"line":25,"column":2},"end":{"line":40,"column":3}},"type":"if","locations":[{"start":{"line":25,"column":2},"end":{"line":40,"column":3}},{"start":{"line":38,"column":9},"end":{"line":40,"column":3}}],"line":25},"1":{"loc":{"start":{"line":47,"column":2},"end":{"line":69,"column":3}},"type":"if","locations":[{"start":{"line":47,"column":2},"end":{"line":69,"column":3}},{"start":{},"end":{}}],"line":47},"2":{"loc":{"start":{"line":47,"column":6},"end":{"line":47,"column":34}},"type":"binary-expr","locations":[{"start":{"line":47,"column":6},"end":{"line":47,"column":15}},{"start":{"line":47,"column":19},"end":{"line":47,"column":34}}],"line":47},"3":{"loc":{"start":{"line":52,"column":4},"end":{"line":56,"column":5}},"type":"if","locations":[{"start":{"line":52,"column":4},"end":{"line":56,"column":5}},{"start":{},"end":{}}],"line":52},"4":{"loc":{"start":{"line":62,"column":6},"end":{"line":67,"column":7}},"type":"if","locations":[{"start":{"line":62,"column":6},"end":{"line":67,"column":7}},{"start":{},"end":{}}],"line":62},"5":{"loc":{"start":{"line":80,"column":2},"end":{"line":94,"column":3}},"type":"if","locations":[{"start":{"line":80,"column":2},"end":{"line":94,"column":3}},{"start":{"line":92,"column":9},"end":{"line":94,"column":3}}],"line":80},"6":{"loc":{"start":{"line":104,"column":2},"end":{"line":106,"column":3}},"type":"if","locations":[{"start":{"line":104,"column":2},"end":{"line":106,"column":3}},{"start":{},"end":{}}],"line":104},"7":{"loc":{"start":{"line":104,"column":6},"end":{"line":104,"column":59}},"type":"binary-expr","locations":[{"start":{"line":104,"column":6},"end":{"line":104,"column":11}},{"start":{"line":104,"column":15},"end":{"line":104,"column":20}},{"start":{"line":104,"column":24},"end":{"line":104,"column":33}},{"start":{"line":104,"column":37},"end":{"line":104,"column":48}},{"start":{"line":104,"column":52},"end":{"line":104,"column":59}}],"line":104},"8":{"loc":{"start":{"line":110,"column":2},"end":{"line":112,"column":3}},"type":"if","locations":[{"start":{"line":110,"column":2},"end":{"line":112,"column":3}},{"start":{},"end":{}}],"line":110},"9":{"loc":{"start":{"line":123,"column":2},"end":{"line":144,"column":3}},"type":"if","locations":[{"start":{"line":123,"column":2},"end":{"line":144,"column":3}},{"start":{},"end":{}}],"line":123},"10":{"loc":{"start":{"line":123,"column":6},"end":{"line":123,"column":34}},"type":"binary-expr","locations":[{"start":{"line":123,"column":6},"end":{"line":123,"column":15}},{"start":{"line":123,"column":19},"end":{"line":123,"column":34}}],"line":123},"11":{"loc":{"start":{"line":128,"column":4},"end":{"line":132,"column":5}},"type":"if","locations":[{"start":{"line":128,"column":4},"end":{"line":132,"column":5}},{"start":{},"end":{}}],"line":128},"12":{"loc":{"start":{"line":137,"column":6},"end":{"line":142,"column":7}},"type":"if","locations":[{"start":{"line":137,"column":6},"end":{"line":142,"column":7}},{"start":{},"end":{}}],"line":137},"13":{"loc":{"start":{"line":154,"column":2},"end":{"line":168,"column":3}},"type":"if","locations":[{"start":{"line":154,"column":2},"end":{"line":168,"column":3}},{"start":{"line":166,"column":7},"end":{"line":168,"column":3}}],"line":154},"14":{"loc":{"start":{"line":179,"column":2},"end":{"line":181,"column":3}},"type":"if","locations":[{"start":{"line":179,"column":2},"end":{"line":181,"column":3}},{"start":{},"end":{}}],"line":179}},"s":{"0":4,"1":4,"2":4,"3":4,"4":4,"5":4,"6":2,"7":2,"8":4,"9":3,"10":3,"11":0,"12":3,"13":4,"14":8,"15":8,"16":8,"17":8,"18":8,"19":8,"20":8,"21":1,"22":7,"23":7,"24":7,"25":7,"26":0,"27":0,"28":7,"29":0,"30":0,"31":0,"32":4,"33":8,"34":8,"35":8,"36":5,"37":3,"38":3,"39":3,"40":0,"41":0,"42":0,"43":0,"44":0,"45":0,"46":0,"47":0,"48":0,"49":0,"50":0,"51":0,"52":0,"53":0,"54":0,"55":0,"56":0,"57":0,"58":0,"59":0,"60":0,"61":0,"62":4,"63":2,"64":2,"65":2,"66":2,"67":0,"68":4},"f":{"0":2,"1":3,"2":8,"3":7,"4":8,"5":0,"6":2},"b":{"0":[0,3],"1":[8,0],"2":[8,8],"3":[1,7],"4":[0,7],"5":[0,0],"6":[5,3],"7":[8,7,6,5,4],"8":[3,0],"9":[0,0],"10":[0,0],"11":[0,0],"12":[0,0],"13":[0,0],"14":[2,0]},"_coverageSchema":"1a1c01bbd47fc00a2c39e90264f33305004495a9","hash":"20c048fc4903b0ad8344e32eeae83dd94cc7c107"}
,"/home/nighthawks/Desktop/UMS/FYP/Development/server/controllers/dashboard.js": {"path":"/home/nighthawks/Desktop/UMS/FYP/Development/server/controllers/dashboard.js","statementMap":{"0":{"start":{"line":1,"column":42},"end":{"line":1,"column":75}},"1":{"start":{"line":2,"column":24},"end":{"line":2,"column":52}},"2":{"start":{"line":3,"column":59},"end":{"line":3,"column":79}},"3":{"start":{"line":5,"column":18},"end":{"line":5,"column":33}},"4":{"start":{"line":6,"column":15},"end":{"line":6,"column":27}},"5":{"start":{"line":8,"column":24},"end":{"line":39,"column":1}},"6":{"start":{"line":9,"column":17},"end":{"line":9,"column":30}},"7":{"start":{"line":10,"column":21},"end":{"line":19,"column":4}},"8":{"start":{"line":21,"column":30},"end":{"line":34,"column":4}},"9":{"start":{"line":22,"column":26},"end":{"line":22,"column":44}},"10":{"start":{"line":23,"column":4},"end":{"line":33,"column":6}},"11":{"start":{"line":36,"column":2},"end":{"line":38,"column":73}},"12":{"start":{"line":41,"column":21},"end":{"line":59,"column":1}},"13":{"start":{"line":42,"column":22},"end":{"line":42,"column":35}},"14":{"start":{"line":43,"column":20},"end":{"line":43,"column":57}},"15":{"start":{"line":45,"column":2},"end":{"line":58,"column":3}},"16":{"start":{"line":46,"column":4},"end":{"line":55,"column":7}},"17":{"start":{"line":57,"column":4},"end":{"line":57,"column":71}},"18":{"start":{"line":61,"column":21},"end":{"line":99,"column":1}},"19":{"start":{"line":62,"column":52},"end":{"line":62,"column":60}},"20":{"start":{"line":64,"column":17},"end":{"line":64,"column":48}},"21":{"start":{"line":66,"column":2},"end":{"line":68,"column":3}},"22":{"start":{"line":67,"column":4},"end":{"line":67,"column":51}},"23":{"start":{"line":71,"column":4},"end":{"line":73,"column":15}},"24":{"start":{"line":75,"column":20},"end":{"line":81,"column":4}},"25":{"start":{"line":83,"column":2},"end":{"line":98,"column":3}},"26":{"start":{"line":84,"column":4},"end":{"line":93,"column":7}},"27":{"start":{"line":95,"column":4},"end":{"line":97,"column":6}},"28":{"start":{"line":101,"column":24},"end":{"line":144,"column":1}},"29":{"start":{"line":105,"column":6},"end":{"line":105,"column":9}},"30":{"start":{"line":118,"column":2},"end":{"line":122,"column":3}},"31":{"start":{"line":119,"column":4},"end":{"line":119,"column":33}},"32":{"start":{"line":120,"column":4},"end":{"line":120,"column":24}},"33":{"start":{"line":121,"column":4},"end":{"line":121,"column":72}},"34":{"start":{"line":124,"column":20},"end":{"line":124,"column":57}},"35":{"start":{"line":128,"column":2},"end":{"line":128,"column":24}},"36":{"start":{"line":132,"column":2},"end":{"line":132,"column":25}},"37":{"start":{"line":134,"column":2},"end":{"line":143,"column":5}},"38":{"start":{"line":146,"column":24},"end":{"line":171,"column":1}},"39":{"start":{"line":147,"column":22},"end":{"line":147,"column":35}},"40":{"start":{"line":148,"column":26},"end":{"line":148,"column":63}},"41":{"start":{"line":150,"column":2},"end":{"line":152,"column":3}},"42":{"start":{"line":151,"column":4},"end":{"line":151,"column":67}},"43":{"start":{"line":154,"column":2},"end":{"line":156,"column":3}},"44":{"start":{"line":155,"column":4},"end":{"line":155,"column":72}},"45":{"start":{"line":158,"column":20},"end":{"line":162,"column":4}},"46":{"start":{"line":164,"column":2},"end":{"line":166,"column":3}},"47":{"start":{"line":165,"column":4},"end":{"line":165,"column":67}},"48":{"start":{"line":168,"column":2},"end":{"line":170,"column":62}},"49":{"start":{"line":173,"column":0},"end":{"line":179,"column":2}}},"fnMap":{"0":{"name":"(anonymous_0)","decl":{"start":{"line":8,"column":24},"end":{"line":8,"column":25}},"loc":{"start":{"line":8,"column":44},"end":{"line":39,"column":1}},"line":8},"1":{"name":"(anonymous_1)","decl":{"start":{"line":21,"column":45},"end":{"line":21,"column":46}},"loc":{"start":{"line":21,"column":60},"end":{"line":34,"column":3}},"line":21},"2":{"name":"(anonymous_2)","decl":{"start":{"line":41,"column":21},"end":{"line":41,"column":22}},"loc":{"start":{"line":41,"column":41},"end":{"line":59,"column":1}},"line":41},"3":{"name":"(anonymous_3)","decl":{"start":{"line":61,"column":21},"end":{"line":61,"column":22}},"loc":{"start":{"line":61,"column":41},"end":{"line":99,"column":1}},"line":61},"4":{"name":"(anonymous_4)","decl":{"start":{"line":101,"column":24},"end":{"line":101,"column":25}},"loc":{"start":{"line":101,"column":44},"end":{"line":144,"column":1}},"line":101},"5":{"name":"(anonymous_5)","decl":{"start":{"line":146,"column":24},"end":{"line":146,"column":25}},"loc":{"start":{"line":146,"column":44},"end":{"line":171,"column":1}},"line":146}},"branchMap":{"0":{"loc":{"start":{"line":32,"column":18},"end":{"line":32,"column":73}},"type":"cond-expr","locations":[{"start":{"line":32,"column":41},"end":{"line":32,"column":66}},{"start":{"line":32,"column":69},"end":{"line":32,"column":73}}],"line":32},"1":{"loc":{"start":{"line":45,"column":2},"end":{"line":58,"column":3}},"type":"if","locations":[{"start":{"line":45,"column":2},"end":{"line":58,"column":3}},{"start":{"line":56,"column":9},"end":{"line":58,"column":3}}],"line":45},"2":{"loc":{"start":{"line":66,"column":2},"end":{"line":68,"column":3}},"type":"if","locations":[{"start":{"line":66,"column":2},"end":{"line":68,"column":3}},{"start":{},"end":{}}],"line":66},"3":{"loc":{"start":{"line":71,"column":4},"end":{"line":73,"column":15}},"type":"cond-expr","locations":[{"start":{"line":72,"column":8},"end":{"line":72,"column":13}},{"start":{"line":73,"column":8},"end":{"line":73,"column":15}}],"line":71},"4":{"loc":{"start":{"line":71,"column":4},"end":{"line":71,"column":69}},"type":"binary-expr","locations":[{"start":{"line":71,"column":4},"end":{"line":71,"column":34}},{"start":{"line":71,"column":38},"end":{"line":71,"column":69}}],"line":71},"5":{"loc":{"start":{"line":83,"column":2},"end":{"line":98,"column":3}},"type":"if","locations":[{"start":{"line":83,"column":2},"end":{"line":98,"column":3}},{"start":{"line":94,"column":9},"end":{"line":98,"column":3}}],"line":83},"6":{"loc":{"start":{"line":118,"column":2},"end":{"line":122,"column":3}},"type":"if","locations":[{"start":{"line":118,"column":2},"end":{"line":122,"column":3}},{"start":{},"end":{}}],"line":118},"7":{"loc":{"start":{"line":150,"column":2},"end":{"line":152,"column":3}},"type":"if","locations":[{"start":{"line":150,"column":2},"end":{"line":152,"column":3}},{"start":{},"end":{}}],"line":150},"8":{"loc":{"start":{"line":154,"column":2},"end":{"line":156,"column":3}},"type":"if","locations":[{"start":{"line":154,"column":2},"end":{"line":156,"column":3}},{"start":{},"end":{}}],"line":154},"9":{"loc":{"start":{"line":164,"column":2},"end":{"line":166,"column":3}},"type":"if","locations":[{"start":{"line":164,"column":2},"end":{"line":166,"column":3}},{"start":{},"end":{}}],"line":164}},"s":{"0":4,"1":4,"2":4,"3":4,"4":4,"5":4,"6":0,"7":0,"8":0,"9":0,"10":0,"11":0,"12":4,"13":0,"14":0,"15":0,"16":0,"17":0,"18":4,"19":0,"20":0,"21":0,"22":0,"23":0,"24":0,"25":0,"26":0,"27":0,"28":4,"29":0,"30":0,"31":0,"32":0,"33":0,"34":0,"35":0,"36":0,"37":0,"38":4,"39":0,"40":0,"41":0,"42":0,"43":0,"44":0,"45":0,"46":0,"47":0,"48":0,"49":4},"f":{"0":0,"1":0,"2":0,"3":0,"4":0,"5":0},"b":{"0":[0,0],"1":[0,0],"2":[0,0],"3":[0,0],"4":[0,0],"5":[0,0],"6":[0,0],"7":[0,0],"8":[0,0],"9":[0,0]},"_coverageSchema":"1a1c01bbd47fc00a2c39e90264f33305004495a9","hash":"934c153ce1f59abf7447083a8bc8fa7f8a6a58e2"}
,"/home/nighthawks/Desktop/UMS/FYP/Development/server/controllers/notification.js": {"path":"/home/nighthawks/Desktop/UMS/FYP/Development/server/controllers/notification.js","statementMap":{"0":{"start":{"line":1,"column":45},"end":{"line":1,"column":78}},"1":{"start":{"line":2,"column":24},"end":{"line":2,"column":52}},"2":{"start":{"line":3,"column":59},"end":{"line":3,"column":79}},"3":{"start":{"line":5,"column":21},"end":{"line":5,"column":39}},"4":{"start":{"line":7,"column":28},"end":{"line":35,"column":1}},"5":{"start":{"line":8,"column":17},"end":{"line":8,"column":32}},"6":{"start":{"line":9,"column":24},"end":{"line":16,"column":4}},"7":{"start":{"line":18,"column":33},"end":{"line":29,"column":5}},"8":{"start":{"line":18,"column":70},"end":{"line":29,"column":3}},"9":{"start":{"line":31,"column":2},"end":{"line":34,"column":5}},"10":{"start":{"line":37,"column":24},"end":{"line":64,"column":1}},"11":{"start":{"line":38,"column":23},"end":{"line":44,"column":4}},"12":{"start":{"line":46,"column":2},"end":{"line":63,"column":3}},"13":{"start":{"line":47,"column":4},"end":{"line":60,"column":7}},"14":{"start":{"line":62,"column":4},"end":{"line":62,"column":72}},"15":{"start":{"line":66,"column":24},"end":{"line":108,"column":1}},"16":{"start":{"line":76,"column":6},"end":{"line":76,"column":14}},"17":{"start":{"line":78,"column":23},"end":{"line":87,"column":4}},"18":{"start":{"line":89,"column":2},"end":{"line":107,"column":3}},"19":{"start":{"line":90,"column":4},"end":{"line":102,"column":7}},"20":{"start":{"line":104,"column":4},"end":{"line":106,"column":6}},"21":{"start":{"line":110,"column":27},"end":{"line":168,"column":1}},"22":{"start":{"line":123,"column":6},"end":{"line":123,"column":9}},"23":{"start":{"line":125,"column":2},"end":{"line":136,"column":3}},"24":{"start":{"line":135,"column":4},"end":{"line":135,"column":59}},"25":{"start":{"line":138,"column":2},"end":{"line":140,"column":3}},"26":{"start":{"line":139,"column":4},"end":{"line":139,"column":75}},"27":{"start":{"line":142,"column":23},"end":{"line":142,"column":66}},"28":{"start":{"line":144,"column":2},"end":{"line":144,"column":31}},"29":{"start":{"line":145,"column":2},"end":{"line":145,"column":35}},"30":{"start":{"line":146,"column":2},"end":{"line":146,"column":27}},"31":{"start":{"line":147,"column":2},"end":{"line":147,"column":37}},"32":{"start":{"line":148,"column":2},"end":{"line":148,"column":37}},"33":{"start":{"line":149,"column":2},"end":{"line":149,"column":33}},"34":{"start":{"line":150,"column":2},"end":{"line":150,"column":35}},"35":{"start":{"line":151,"column":2},"end":{"line":151,"column":33}},"36":{"start":{"line":153,"column":2},"end":{"line":153,"column":28}},"37":{"start":{"line":155,"column":2},"end":{"line":167,"column":5}},"38":{"start":{"line":170,"column":27},"end":{"line":196,"column":1}},"39":{"start":{"line":171,"column":25},"end":{"line":171,"column":38}},"40":{"start":{"line":173,"column":29},"end":{"line":173,"column":72}},"41":{"start":{"line":175,"column":2},"end":{"line":177,"column":3}},"42":{"start":{"line":176,"column":4},"end":{"line":176,"column":73}},"43":{"start":{"line":179,"column":2},"end":{"line":181,"column":3}},"44":{"start":{"line":180,"column":4},"end":{"line":180,"column":75}},"45":{"start":{"line":183,"column":23},"end":{"line":187,"column":4}},"46":{"start":{"line":189,"column":2},"end":{"line":191,"column":3}},"47":{"start":{"line":190,"column":4},"end":{"line":190,"column":73}},"48":{"start":{"line":193,"column":2},"end":{"line":195,"column":68}},"49":{"start":{"line":198,"column":0},"end":{"line":204,"column":2}}},"fnMap":{"0":{"name":"(anonymous_0)","decl":{"start":{"line":7,"column":28},"end":{"line":7,"column":29}},"loc":{"start":{"line":7,"column":48},"end":{"line":35,"column":1}},"line":7},"1":{"name":"(anonymous_1)","decl":{"start":{"line":18,"column":51},"end":{"line":18,"column":52}},"loc":{"start":{"line":18,"column":70},"end":{"line":29,"column":3}},"line":18},"2":{"name":"(anonymous_2)","decl":{"start":{"line":37,"column":24},"end":{"line":37,"column":25}},"loc":{"start":{"line":37,"column":44},"end":{"line":64,"column":1}},"line":37},"3":{"name":"(anonymous_3)","decl":{"start":{"line":66,"column":24},"end":{"line":66,"column":25}},"loc":{"start":{"line":66,"column":44},"end":{"line":108,"column":1}},"line":66},"4":{"name":"(anonymous_4)","decl":{"start":{"line":110,"column":27},"end":{"line":110,"column":28}},"loc":{"start":{"line":110,"column":47},"end":{"line":168,"column":1}},"line":110},"5":{"name":"(anonymous_5)","decl":{"start":{"line":170,"column":27},"end":{"line":170,"column":28}},"loc":{"start":{"line":170,"column":47},"end":{"line":196,"column":1}},"line":170}},"branchMap":{"0":{"loc":{"start":{"line":46,"column":2},"end":{"line":63,"column":3}},"type":"if","locations":[{"start":{"line":46,"column":2},"end":{"line":63,"column":3}},{"start":{"line":61,"column":9},"end":{"line":63,"column":3}}],"line":46},"1":{"loc":{"start":{"line":89,"column":2},"end":{"line":107,"column":3}},"type":"if","locations":[{"start":{"line":89,"column":2},"end":{"line":107,"column":3}},{"start":{"line":103,"column":9},"end":{"line":107,"column":3}}],"line":89},"2":{"loc":{"start":{"line":125,"column":2},"end":{"line":136,"column":3}},"type":"if","locations":[{"start":{"line":125,"column":2},"end":{"line":136,"column":3}},{"start":{},"end":{}}],"line":125},"3":{"loc":{"start":{"line":126,"column":4},"end":{"line":133,"column":12}},"type":"binary-expr","locations":[{"start":{"line":126,"column":4},"end":{"line":126,"column":11}},{"start":{"line":127,"column":4},"end":{"line":127,"column":13}},{"start":{"line":128,"column":4},"end":{"line":128,"column":9}},{"start":{"line":129,"column":4},"end":{"line":129,"column":14}},{"start":{"line":130,"column":4},"end":{"line":130,"column":14}},{"start":{"line":131,"column":4},"end":{"line":131,"column":12}},{"start":{"line":132,"column":4},"end":{"line":132,"column":13}},{"start":{"line":133,"column":4},"end":{"line":133,"column":12}}],"line":126},"4":{"loc":{"start":{"line":138,"column":2},"end":{"line":140,"column":3}},"type":"if","locations":[{"start":{"line":138,"column":2},"end":{"line":140,"column":3}},{"start":{},"end":{}}],"line":138},"5":{"loc":{"start":{"line":175,"column":2},"end":{"line":177,"column":3}},"type":"if","locations":[{"start":{"line":175,"column":2},"end":{"line":177,"column":3}},{"start":{},"end":{}}],"line":175},"6":{"loc":{"start":{"line":179,"column":2},"end":{"line":181,"column":3}},"type":"if","locations":[{"start":{"line":179,"column":2},"end":{"line":181,"column":3}},{"start":{},"end":{}}],"line":179},"7":{"loc":{"start":{"line":189,"column":2},"end":{"line":191,"column":3}},"type":"if","locations":[{"start":{"line":189,"column":2},"end":{"line":191,"column":3}},{"start":{},"end":{}}],"line":189}},"s":{"0":4,"1":4,"2":4,"3":4,"4":4,"5":0,"6":0,"7":0,"8":0,"9":0,"10":4,"11":0,"12":0,"13":0,"14":0,"15":4,"16":0,"17":0,"18":0,"19":0,"20":0,"21":4,"22":0,"23":0,"24":0,"25":0,"26":0,"27":0,"28":0,"29":0,"30":0,"31":0,"32":0,"33":0,"34":0,"35":0,"36":0,"37":0,"38":4,"39":0,"40":0,"41":0,"42":0,"43":0,"44":0,"45":0,"46":0,"47":0,"48":0,"49":4},"f":{"0":0,"1":0,"2":0,"3":0,"4":0,"5":0},"b":{"0":[0,0],"1":[0,0],"2":[0,0],"3":[0,0,0,0,0,0,0,0],"4":[0,0],"5":[0,0],"6":[0,0],"7":[0,0]},"_coverageSchema":"1a1c01bbd47fc00a2c39e90264f33305004495a9","hash":"f855c668dfac817b1a00717a3d4163770a1fe49d"}
,"/home/nighthawks/Desktop/UMS/FYP/Development/server/controllers/sensor.js": {"path":"/home/nighthawks/Desktop/UMS/FYP/Development/server/controllers/sensor.js","statementMap":{"0":{"start":{"line":8,"column":4},"end":{"line":8,"column":37}},"1":{"start":{"line":9,"column":24},"end":{"line":9,"column":52}},"2":{"start":{"line":10,"column":43},"end":{"line":10,"column":63}},"3":{"start":{"line":11,"column":13},"end":{"line":11,"column":28}},"4":{"start":{"line":13,"column":15},"end":{"line":13,"column":27}},"5":{"start":{"line":15,"column":22},"end":{"line":39,"column":1}},"6":{"start":{"line":16,"column":18},"end":{"line":22,"column":4}},"7":{"start":{"line":24,"column":27},"end":{"line":34,"column":5}},"8":{"start":{"line":24,"column":52},"end":{"line":34,"column":3}},"9":{"start":{"line":36,"column":2},"end":{"line":38,"column":64}},"10":{"start":{"line":41,"column":18},"end":{"line":74,"column":1}},"11":{"start":{"line":42,"column":17},"end":{"line":50,"column":4}},"12":{"start":{"line":52,"column":2},"end":{"line":73,"column":3}},"13":{"start":{"line":53,"column":26},"end":{"line":56,"column":6}},"14":{"start":{"line":58,"column":4},"end":{"line":70,"column":7}},"15":{"start":{"line":72,"column":4},"end":{"line":72,"column":66}},"16":{"start":{"line":76,"column":18},"end":{"line":127,"column":1}},"17":{"start":{"line":77,"column":46},"end":{"line":77,"column":54}},"18":{"start":{"line":78,"column":14},"end":{"line":78,"column":16}},"19":{"start":{"line":79,"column":15},"end":{"line":79,"column":30}},"20":{"start":{"line":81,"column":2},"end":{"line":101,"column":3}},"21":{"start":{"line":82,"column":30},"end":{"line":82,"column":55}},"22":{"start":{"line":83,"column":26},"end":{"line":83,"column":63}},"23":{"start":{"line":84,"column":4},"end":{"line":88,"column":5}},"24":{"start":{"line":85,"column":6},"end":{"line":87,"column":8}},"25":{"start":{"line":90,"column":4},"end":{"line":90,"column":22}},"26":{"start":{"line":91,"column":23},"end":{"line":91,"column":78}},"27":{"start":{"line":93,"column":4},"end":{"line":100,"column":7}},"28":{"start":{"line":94,"column":6},"end":{"line":99,"column":7}},"29":{"start":{"line":95,"column":8},"end":{"line":95,"column":29}},"30":{"start":{"line":96,"column":8},"end":{"line":98,"column":32}},"31":{"start":{"line":103,"column":17},"end":{"line":110,"column":4}},"32":{"start":{"line":112,"column":2},"end":{"line":126,"column":3}},"33":{"start":{"line":113,"column":4},"end":{"line":123,"column":7}},"34":{"start":{"line":125,"column":4},"end":{"line":125,"column":78}},"35":{"start":{"line":129,"column":21},"end":{"line":190,"column":1}},"36":{"start":{"line":133,"column":6},"end":{"line":133,"column":9}},"37":{"start":{"line":134,"column":14},"end":{"line":134,"column":16}},"38":{"start":{"line":136,"column":2},"end":{"line":138,"column":3}},"39":{"start":{"line":137,"column":4},"end":{"line":137,"column":59}},"40":{"start":{"line":140,"column":17},"end":{"line":140,"column":48}},"41":{"start":{"line":142,"column":2},"end":{"line":144,"column":3}},"42":{"start":{"line":143,"column":4},"end":{"line":143,"column":61}},"43":{"start":{"line":146,"column":2},"end":{"line":167,"column":3}},"44":{"start":{"line":147,"column":17},"end":{"line":147,"column":32}},"45":{"start":{"line":149,"column":30},"end":{"line":149,"column":55}},"46":{"start":{"line":150,"column":26},"end":{"line":150,"column":63}},"47":{"start":{"line":151,"column":4},"end":{"line":155,"column":5}},"48":{"start":{"line":152,"column":6},"end":{"line":154,"column":8}},"49":{"start":{"line":157,"column":4},"end":{"line":157,"column":22}},"50":{"start":{"line":158,"column":23},"end":{"line":158,"column":78}},"51":{"start":{"line":159,"column":4},"end":{"line":166,"column":7}},"52":{"start":{"line":160,"column":6},"end":{"line":165,"column":7}},"53":{"start":{"line":161,"column":8},"end":{"line":161,"column":29}},"54":{"start":{"line":162,"column":8},"end":{"line":164,"column":32}},"55":{"start":{"line":169,"column":2},"end":{"line":169,"column":27}},"56":{"start":{"line":170,"column":2},"end":{"line":170,"column":21}},"57":{"start":{"line":171,"column":2},"end":{"line":171,"column":19}},"58":{"start":{"line":172,"column":2},"end":{"line":172,"column":21}},"59":{"start":{"line":173,"column":2},"end":{"line":173,"column":23}},"60":{"start":{"line":174,"column":2},"end":{"line":174,"column":23}},"61":{"start":{"line":176,"column":2},"end":{"line":176,"column":22}},"62":{"start":{"line":178,"column":2},"end":{"line":189,"column":5}},"63":{"start":{"line":192,"column":21},"end":{"line":205,"column":1}},"64":{"start":{"line":193,"column":19},"end":{"line":193,"column":32}},"65":{"start":{"line":194,"column":17},"end":{"line":198,"column":4}},"66":{"start":{"line":200,"column":2},"end":{"line":202,"column":3}},"67":{"start":{"line":201,"column":4},"end":{"line":201,"column":61}},"68":{"start":{"line":204,"column":2},"end":{"line":204,"column":80}},"69":{"start":{"line":319,"column":0},"end":{"line":325,"column":2}}},"fnMap":{"0":{"name":"(anonymous_0)","decl":{"start":{"line":15,"column":22},"end":{"line":15,"column":23}},"loc":{"start":{"line":15,"column":42},"end":{"line":39,"column":1}},"line":15},"1":{"name":"(anonymous_1)","decl":{"start":{"line":24,"column":39},"end":{"line":24,"column":40}},"loc":{"start":{"line":24,"column":52},"end":{"line":34,"column":3}},"line":24},"2":{"name":"(anonymous_2)","decl":{"start":{"line":41,"column":18},"end":{"line":41,"column":19}},"loc":{"start":{"line":41,"column":38},"end":{"line":74,"column":1}},"line":41},"3":{"name":"(anonymous_3)","decl":{"start":{"line":76,"column":18},"end":{"line":76,"column":19}},"loc":{"start":{"line":76,"column":38},"end":{"line":127,"column":1}},"line":76},"4":{"name":"(anonymous_4)","decl":{"start":{"line":93,"column":24},"end":{"line":93,"column":25}},"loc":{"start":{"line":93,"column":35},"end":{"line":100,"column":5}},"line":93},"5":{"name":"(anonymous_5)","decl":{"start":{"line":129,"column":21},"end":{"line":129,"column":22}},"loc":{"start":{"line":129,"column":41},"end":{"line":190,"column":1}},"line":129},"6":{"name":"(anonymous_6)","decl":{"start":{"line":159,"column":24},"end":{"line":159,"column":25}},"loc":{"start":{"line":159,"column":35},"end":{"line":166,"column":5}},"line":159},"7":{"name":"(anonymous_7)","decl":{"start":{"line":192,"column":21},"end":{"line":192,"column":22}},"loc":{"start":{"line":192,"column":41},"end":{"line":205,"column":1}},"line":192}},"branchMap":{"0":{"loc":{"start":{"line":52,"column":2},"end":{"line":73,"column":3}},"type":"if","locations":[{"start":{"line":52,"column":2},"end":{"line":73,"column":3}},{"start":{"line":71,"column":9},"end":{"line":73,"column":3}}],"line":52},"1":{"loc":{"start":{"line":67,"column":19},"end":{"line":67,"column":58}},"type":"cond-expr","locations":[{"start":{"line":67,"column":34},"end":{"line":67,"column":51}},{"start":{"line":67,"column":54},"end":{"line":67,"column":58}}],"line":67},"2":{"loc":{"start":{"line":68,"column":15},"end":{"line":68,"column":57}},"type":"cond-expr","locations":[{"start":{"line":68,"column":31},"end":{"line":68,"column":50}},{"start":{"line":68,"column":53},"end":{"line":68,"column":57}}],"line":68},"3":{"loc":{"start":{"line":81,"column":2},"end":{"line":101,"column":3}},"type":"if","locations":[{"start":{"line":81,"column":2},"end":{"line":101,"column":3}},{"start":{},"end":{}}],"line":81},"4":{"loc":{"start":{"line":81,"column":6},"end":{"line":81,"column":34}},"type":"binary-expr","locations":[{"start":{"line":81,"column":6},"end":{"line":81,"column":15}},{"start":{"line":81,"column":19},"end":{"line":81,"column":34}}],"line":81},"5":{"loc":{"start":{"line":84,"column":4},"end":{"line":88,"column":5}},"type":"if","locations":[{"start":{"line":84,"column":4},"end":{"line":88,"column":5}},{"start":{},"end":{}}],"line":84},"6":{"loc":{"start":{"line":94,"column":6},"end":{"line":99,"column":7}},"type":"if","locations":[{"start":{"line":94,"column":6},"end":{"line":99,"column":7}},{"start":{},"end":{}}],"line":94},"7":{"loc":{"start":{"line":112,"column":2},"end":{"line":126,"column":3}},"type":"if","locations":[{"start":{"line":112,"column":2},"end":{"line":126,"column":3}},{"start":{"line":124,"column":9},"end":{"line":126,"column":3}}],"line":112},"8":{"loc":{"start":{"line":136,"column":2},"end":{"line":138,"column":3}},"type":"if","locations":[{"start":{"line":136,"column":2},"end":{"line":138,"column":3}},{"start":{},"end":{}}],"line":136},"9":{"loc":{"start":{"line":136,"column":6},"end":{"line":136,"column":50}},"type":"binary-expr","locations":[{"start":{"line":136,"column":6},"end":{"line":136,"column":14}},{"start":{"line":136,"column":18},"end":{"line":136,"column":23}},{"start":{"line":136,"column":27},"end":{"line":136,"column":31}},{"start":{"line":136,"column":35},"end":{"line":136,"column":40}},{"start":{"line":136,"column":44},"end":{"line":136,"column":50}}],"line":136},"10":{"loc":{"start":{"line":142,"column":2},"end":{"line":144,"column":3}},"type":"if","locations":[{"start":{"line":142,"column":2},"end":{"line":144,"column":3}},{"start":{},"end":{}}],"line":142},"11":{"loc":{"start":{"line":146,"column":2},"end":{"line":167,"column":3}},"type":"if","locations":[{"start":{"line":146,"column":2},"end":{"line":167,"column":3}},{"start":{},"end":{}}],"line":146},"12":{"loc":{"start":{"line":146,"column":6},"end":{"line":146,"column":34}},"type":"binary-expr","locations":[{"start":{"line":146,"column":6},"end":{"line":146,"column":15}},{"start":{"line":146,"column":19},"end":{"line":146,"column":34}}],"line":146},"13":{"loc":{"start":{"line":151,"column":4},"end":{"line":155,"column":5}},"type":"if","locations":[{"start":{"line":151,"column":4},"end":{"line":155,"column":5}},{"start":{},"end":{}}],"line":151},"14":{"loc":{"start":{"line":160,"column":6},"end":{"line":165,"column":7}},"type":"if","locations":[{"start":{"line":160,"column":6},"end":{"line":165,"column":7}},{"start":{},"end":{}}],"line":160},"15":{"loc":{"start":{"line":200,"column":2},"end":{"line":202,"column":3}},"type":"if","locations":[{"start":{"line":200,"column":2},"end":{"line":202,"column":3}},{"start":{},"end":{}}],"line":200}},"s":{"0":4,"1":4,"2":4,"3":4,"4":4,"5":4,"6":0,"7":0,"8":0,"9":0,"10":4,"11":0,"12":0,"13":0,"14":0,"15":0,"16":4,"17":0,"18":0,"19":0,"20":0,"21":0,"22":0,"23":0,"24":0,"25":0,"26":0,"27":0,"28":0,"29":0,"30":0,"31":0,"32":0,"33":0,"34":0,"35":4,"36":0,"37":0,"38":0,"39":0,"40":0,"41":0,"42":0,"43":0,"44":0,"45":0,"46":0,"47":0,"48":0,"49":0,"50":0,"51":0,"52":0,"53":0,"54":0,"55":0,"56":0,"57":0,"58":0,"59":0,"60":0,"61":0,"62":0,"63":4,"64":0,"65":0,"66":0,"67":0,"68":0,"69":4},"f":{"0":0,"1":0,"2":0,"3":0,"4":0,"5":0,"6":0,"7":0},"b":{"0":[0,0],"1":[0,0],"2":[0,0],"3":[0,0],"4":[0,0],"5":[0,0],"6":[0,0],"7":[0,0],"8":[0,0],"9":[0,0,0,0,0],"10":[0,0],"11":[0,0],"12":[0,0],"13":[0,0],"14":[0,0],"15":[0,0]},"_coverageSchema":"1a1c01bbd47fc00a2c39e90264f33305004495a9","hash":"cd8147bf0eebe143759e77d66f0abd988da4bc68"}
,"/home/nighthawks/Desktop/UMS/FYP/Development/server/controllers/sensorControl.js": {"path":"/home/nighthawks/Desktop/UMS/FYP/Development/server/controllers/sensorControl.js","statementMap":{"0":{"start":{"line":1,"column":33},"end":{"line":1,"column":66}},"1":{"start":{"line":2,"column":13},"end":{"line":2,"column":39}},"2":{"start":{"line":3,"column":24},"end":{"line":3,"column":52}},"3":{"start":{"line":4,"column":43},"end":{"line":4,"column":63}},"4":{"start":{"line":6,"column":22},"end":{"line":6,"column":42}},"5":{"start":{"line":8,"column":29},"end":{"line":14,"column":1}},"6":{"start":{"line":9,"column":25},"end":{"line":9,"column":54}},"7":{"start":{"line":11,"column":2},"end":{"line":13,"column":60}},"8":{"start":{"line":16,"column":25},"end":{"line":33,"column":1}},"9":{"start":{"line":17,"column":26},"end":{"line":17,"column":39}},"10":{"start":{"line":19,"column":24},"end":{"line":19,"column":69}},"11":{"start":{"line":21,"column":2},"end":{"line":32,"column":3}},"12":{"start":{"line":22,"column":4},"end":{"line":29,"column":7}},"13":{"start":{"line":31,"column":4},"end":{"line":31,"column":76}},"14":{"start":{"line":35,"column":25},"end":{"line":66,"column":1}},"15":{"start":{"line":36,"column":51},"end":{"line":36,"column":59}},"16":{"start":{"line":38,"column":24},"end":{"line":42,"column":4}},"17":{"start":{"line":46,"column":18},"end":{"line":49,"column":4}},"18":{"start":{"line":50,"column":2},"end":{"line":50,"column":31}},"19":{"start":{"line":52,"column":2},"end":{"line":65,"column":3}},"20":{"start":{"line":53,"column":4},"end":{"line":60,"column":7}},"21":{"start":{"line":62,"column":4},"end":{"line":64,"column":6}},"22":{"start":{"line":68,"column":0},"end":{"line":72,"column":2}}},"fnMap":{"0":{"name":"(anonymous_0)","decl":{"start":{"line":8,"column":29},"end":{"line":8,"column":30}},"loc":{"start":{"line":8,"column":49},"end":{"line":14,"column":1}},"line":8},"1":{"name":"(anonymous_1)","decl":{"start":{"line":16,"column":25},"end":{"line":16,"column":26}},"loc":{"start":{"line":16,"column":45},"end":{"line":33,"column":1}},"line":16},"2":{"name":"(anonymous_2)","decl":{"start":{"line":35,"column":25},"end":{"line":35,"column":26}},"loc":{"start":{"line":35,"column":45},"end":{"line":66,"column":1}},"line":35}},"branchMap":{"0":{"loc":{"start":{"line":21,"column":2},"end":{"line":32,"column":3}},"type":"if","locations":[{"start":{"line":21,"column":2},"end":{"line":32,"column":3}},{"start":{"line":30,"column":9},"end":{"line":32,"column":3}}],"line":21},"1":{"loc":{"start":{"line":52,"column":2},"end":{"line":65,"column":3}},"type":"if","locations":[{"start":{"line":52,"column":2},"end":{"line":65,"column":3}},{"start":{"line":61,"column":9},"end":{"line":65,"column":3}}],"line":52}},"s":{"0":4,"1":4,"2":4,"3":4,"4":4,"5":4,"6":0,"7":0,"8":4,"9":0,"10":0,"11":0,"12":0,"13":0,"14":4,"15":0,"16":0,"17":0,"18":0,"19":0,"20":0,"21":0,"22":4},"f":{"0":0,"1":0,"2":0},"b":{"0":[0,0],"1":[0,0]},"_coverageSchema":"1a1c01bbd47fc00a2c39e90264f33305004495a9","hash":"326193eb17b5585bec3ab561b8d5b0e75b0e2603"}
,"/home/nighthawks/Desktop/UMS/FYP/Development/server/controllers/sensorData.js": {"path":"/home/nighthawks/Desktop/UMS/FYP/Development/server/controllers/sensorData.js","statementMap":{"0":{"start":{"line":5,"column":4},"end":{"line":5,"column":37}},"1":{"start":{"line":6,"column":24},"end":{"line":6,"column":52}},"2":{"start":{"line":7,"column":43},"end":{"line":7,"column":63}},"3":{"start":{"line":9,"column":19},"end":{"line":9,"column":35}},"4":{"start":{"line":10,"column":22},"end":{"line":10,"column":42}},"5":{"start":{"line":11,"column":25},"end":{"line":15,"column":1}},"6":{"start":{"line":12,"column":21},"end":{"line":12,"column":47}},"7":{"start":{"line":14,"column":2},"end":{"line":14,"column":76}},"8":{"start":{"line":17,"column":22},"end":{"line":53,"column":1}},"9":{"start":{"line":18,"column":19},"end":{"line":18,"column":32}},"10":{"start":{"line":20,"column":21},"end":{"line":23,"column":4}},"11":{"start":{"line":25,"column":25},"end":{"line":28,"column":4}},"12":{"start":{"line":30,"column":23},"end":{"line":32,"column":3}},"13":{"start":{"line":31,"column":14},"end":{"line":31,"column":59}},"14":{"start":{"line":34,"column":24},"end":{"line":48,"column":4}},"15":{"start":{"line":35,"column":4},"end":{"line":47,"column":5}},"16":{"start":{"line":36,"column":6},"end":{"line":40,"column":8}},"17":{"start":{"line":41,"column":11},"end":{"line":47,"column":5}},"18":{"start":{"line":42,"column":6},"end":{"line":46,"column":8}},"19":{"start":{"line":50,"column":2},"end":{"line":52,"column":70}},"20":{"start":{"line":55,"column":28},"end":{"line":92,"column":1}},"21":{"start":{"line":56,"column":19},"end":{"line":56,"column":32}},"22":{"start":{"line":58,"column":21},"end":{"line":61,"column":4}},"23":{"start":{"line":63,"column":25},"end":{"line":66,"column":4}},"24":{"start":{"line":68,"column":23},"end":{"line":70,"column":3}},"25":{"start":{"line":69,"column":14},"end":{"line":69,"column":59}},"26":{"start":{"line":72,"column":24},"end":{"line":87,"column":4}},"27":{"start":{"line":73,"column":4},"end":{"line":86,"column":5}},"28":{"start":{"line":74,"column":6},"end":{"line":79,"column":8}},"29":{"start":{"line":80,"column":11},"end":{"line":86,"column":5}},"30":{"start":{"line":81,"column":6},"end":{"line":85,"column":8}},"31":{"start":{"line":89,"column":2},"end":{"line":91,"column":5}},"32":{"start":{"line":94,"column":22},"end":{"line":123,"column":1}},"33":{"start":{"line":95,"column":32},"end":{"line":95,"column":40}},"34":{"start":{"line":97,"column":17},"end":{"line":101,"column":4}},"35":{"start":{"line":103,"column":21},"end":{"line":107,"column":4}},"36":{"start":{"line":109,"column":2},"end":{"line":122,"column":3}},"37":{"start":{"line":110,"column":4},"end":{"line":117,"column":7}},"38":{"start":{"line":119,"column":4},"end":{"line":121,"column":6}},"39":{"start":{"line":125,"column":0},"end":{"line":130,"column":2}}},"fnMap":{"0":{"name":"(anonymous_0)","decl":{"start":{"line":11,"column":25},"end":{"line":11,"column":26}},"loc":{"start":{"line":11,"column":45},"end":{"line":15,"column":1}},"line":11},"1":{"name":"(anonymous_1)","decl":{"start":{"line":17,"column":22},"end":{"line":17,"column":23}},"loc":{"start":{"line":17,"column":42},"end":{"line":53,"column":1}},"line":17},"2":{"name":"(anonymous_2)","decl":{"start":{"line":31,"column":4},"end":{"line":31,"column":5}},"loc":{"start":{"line":31,"column":14},"end":{"line":31,"column":59}},"line":31},"3":{"name":"(anonymous_3)","decl":{"start":{"line":34,"column":41},"end":{"line":34,"column":42}},"loc":{"start":{"line":34,"column":52},"end":{"line":48,"column":3}},"line":34},"4":{"name":"(anonymous_4)","decl":{"start":{"line":55,"column":28},"end":{"line":55,"column":29}},"loc":{"start":{"line":55,"column":48},"end":{"line":92,"column":1}},"line":55},"5":{"name":"(anonymous_5)","decl":{"start":{"line":69,"column":4},"end":{"line":69,"column":5}},"loc":{"start":{"line":69,"column":14},"end":{"line":69,"column":59}},"line":69},"6":{"name":"(anonymous_6)","decl":{"start":{"line":72,"column":41},"end":{"line":72,"column":42}},"loc":{"start":{"line":72,"column":52},"end":{"line":87,"column":3}},"line":72},"7":{"name":"(anonymous_7)","decl":{"start":{"line":94,"column":22},"end":{"line":94,"column":23}},"loc":{"start":{"line":94,"column":42},"end":{"line":123,"column":1}},"line":94}},"branchMap":{"0":{"loc":{"start":{"line":35,"column":4},"end":{"line":47,"column":5}},"type":"if","locations":[{"start":{"line":35,"column":4},"end":{"line":47,"column":5}},{"start":{"line":41,"column":11},"end":{"line":47,"column":5}}],"line":35},"1":{"loc":{"start":{"line":41,"column":11},"end":{"line":47,"column":5}},"type":"if","locations":[{"start":{"line":41,"column":11},"end":{"line":47,"column":5}},{"start":{},"end":{}}],"line":41},"2":{"loc":{"start":{"line":73,"column":4},"end":{"line":86,"column":5}},"type":"if","locations":[{"start":{"line":73,"column":4},"end":{"line":86,"column":5}},{"start":{"line":80,"column":11},"end":{"line":86,"column":5}}],"line":73},"3":{"loc":{"start":{"line":80,"column":11},"end":{"line":86,"column":5}},"type":"if","locations":[{"start":{"line":80,"column":11},"end":{"line":86,"column":5}},{"start":{},"end":{}}],"line":80},"4":{"loc":{"start":{"line":109,"column":2},"end":{"line":122,"column":3}},"type":"if","locations":[{"start":{"line":109,"column":2},"end":{"line":122,"column":3}},{"start":{"line":118,"column":9},"end":{"line":122,"column":3}}],"line":109}},"s":{"0":4,"1":4,"2":4,"3":4,"4":4,"5":4,"6":0,"7":0,"8":4,"9":0,"10":0,"11":0,"12":0,"13":0,"14":0,"15":0,"16":0,"17":0,"18":0,"19":0,"20":4,"21":0,"22":0,"23":0,"24":0,"25":0,"26":0,"27":0,"28":0,"29":0,"30":0,"31":0,"32":4,"33":0,"34":0,"35":0,"36":0,"37":0,"38":0,"39":4},"f":{"0":0,"1":0,"2":0,"3":0,"4":0,"5":0,"6":0,"7":0},"b":{"0":[0,0],"1":[0,0],"2":[0,0],"3":[0,0],"4":[0,0]},"_coverageSchema":"1a1c01bbd47fc00a2c39e90264f33305004495a9","hash":"d7a4d54b700a94b967c0890682ea616046f24826"}
,"/home/nighthawks/Desktop/UMS/FYP/Development/server/controllers/user.js": {"path":"/home/nighthawks/Desktop/UMS/FYP/Development/server/controllers/user.js","statementMap":{"0":{"start":{"line":7,"column":4},"end":{"line":7,"column":37}},"1":{"start":{"line":8,"column":24},"end":{"line":8,"column":52}},"2":{"start":{"line":9,"column":59},"end":{"line":9,"column":79}},"3":{"start":{"line":10,"column":15},"end":{"line":10,"column":32}},"4":{"start":{"line":11,"column":13},"end":{"line":11,"column":28}},"5":{"start":{"line":13,"column":13},"end":{"line":13,"column":23}},"6":{"start":{"line":14,"column":16},"end":{"line":64,"column":1}},"7":{"start":{"line":15,"column":42},"end":{"line":15,"column":50}},"8":{"start":{"line":16,"column":14},"end":{"line":16,"column":16}},"9":{"start":{"line":18,"column":2},"end":{"line":39,"column":3}},"10":{"start":{"line":19,"column":17},"end":{"line":19,"column":32}},"11":{"start":{"line":20,"column":30},"end":{"line":20,"column":55}},"12":{"start":{"line":21,"column":26},"end":{"line":21,"column":63}},"13":{"start":{"line":22,"column":4},"end":{"line":26,"column":5}},"14":{"start":{"line":23,"column":6},"end":{"line":25,"column":8}},"15":{"start":{"line":28,"column":4},"end":{"line":28,"column":22}},"16":{"start":{"line":29,"column":23},"end":{"line":29,"column":78}},"17":{"start":{"line":31,"column":4},"end":{"line":38,"column":7}},"18":{"start":{"line":32,"column":6},"end":{"line":37,"column":7}},"19":{"start":{"line":33,"column":8},"end":{"line":33,"column":29}},"20":{"start":{"line":34,"column":8},"end":{"line":36,"column":32}},"21":{"start":{"line":41,"column":15},"end":{"line":47,"column":4}},"22":{"start":{"line":49,"column":16},"end":{"line":49,"column":34}},"23":{"start":{"line":50,"column":2},"end":{"line":63,"column":3}},"24":{"start":{"line":51,"column":4},"end":{"line":60,"column":7}},"25":{"start":{"line":62,"column":4},"end":{"line":62,"column":77}},"26":{"start":{"line":66,"column":20},"end":{"line":70,"column":1}},"27":{"start":{"line":67,"column":16},"end":{"line":67,"column":36}},"28":{"start":{"line":69,"column":2},"end":{"line":69,"column":66}},"29":{"start":{"line":72,"column":16},"end":{"line":92,"column":1}},"30":{"start":{"line":73,"column":2},"end":{"line":75,"column":3}},"31":{"start":{"line":74,"column":4},"end":{"line":74,"column":67}},"32":{"start":{"line":77,"column":15},"end":{"line":77,"column":49}},"33":{"start":{"line":79,"column":2},"end":{"line":91,"column":3}},"34":{"start":{"line":80,"column":4},"end":{"line":88,"column":7}},"35":{"start":{"line":90,"column":4},"end":{"line":90,"column":64}},"36":{"start":{"line":190,"column":19},"end":{"line":303,"column":1}},"37":{"start":{"line":195,"column":6},"end":{"line":195,"column":9}},"38":{"start":{"line":197,"column":2},"end":{"line":199,"column":3}},"39":{"start":{"line":198,"column":4},"end":{"line":198,"column":68}},"40":{"start":{"line":201,"column":2},"end":{"line":203,"column":3}},"41":{"start":{"line":202,"column":4},"end":{"line":202,"column":59}},"42":{"start":{"line":205,"column":15},"end":{"line":205,"column":42}},"43":{"start":{"line":206,"column":2},"end":{"line":208,"column":3}},"44":{"start":{"line":207,"column":4},"end":{"line":207,"column":57}},"45":{"start":{"line":211,"column":18},"end":{"line":216,"column":3}},"46":{"start":{"line":218,"column":25},"end":{"line":218,"column":70}},"47":{"start":{"line":221,"column":2},"end":{"line":221,"column":21}},"48":{"start":{"line":222,"column":2},"end":{"line":222,"column":19}},"49":{"start":{"line":223,"column":2},"end":{"line":223,"column":27}},"50":{"start":{"line":224,"column":2},"end":{"line":224,"column":19}},"51":{"start":{"line":226,"column":14},"end":{"line":226,"column":16}},"52":{"start":{"line":229,"column":2},"end":{"line":252,"column":3}},"53":{"start":{"line":230,"column":17},"end":{"line":230,"column":32}},"54":{"start":{"line":232,"column":30},"end":{"line":232,"column":55}},"55":{"start":{"line":233,"column":26},"end":{"line":233,"column":63}},"56":{"start":{"line":234,"column":4},"end":{"line":238,"column":5}},"57":{"start":{"line":235,"column":6},"end":{"line":237,"column":8}},"58":{"start":{"line":240,"column":4},"end":{"line":240,"column":22}},"59":{"start":{"line":242,"column":22},"end":{"line":242,"column":77}},"60":{"start":{"line":243,"column":4},"end":{"line":250,"column":7}},"61":{"start":{"line":244,"column":6},"end":{"line":249,"column":7}},"62":{"start":{"line":245,"column":8},"end":{"line":245,"column":29}},"63":{"start":{"line":246,"column":8},"end":{"line":248,"column":32}},"64":{"start":{"line":251,"column":4},"end":{"line":251,"column":27}},"65":{"start":{"line":254,"column":18},"end":{"line":254,"column":35}},"66":{"start":{"line":258,"column":2},"end":{"line":302,"column":3}},"67":{"start":{"line":269,"column":18},"end":{"line":269,"column":36}},"68":{"start":{"line":270,"column":4},"end":{"line":270,"column":28}},"69":{"start":{"line":271,"column":4},"end":{"line":276,"column":7}},"70":{"start":{"line":278,"column":4},"end":{"line":288,"column":7}},"71":{"start":{"line":292,"column":4},"end":{"line":301,"column":7}},"72":{"start":{"line":305,"column":19},"end":{"line":318,"column":1}},"73":{"start":{"line":306,"column":15},"end":{"line":310,"column":4}},"74":{"start":{"line":311,"column":2},"end":{"line":313,"column":3}},"75":{"start":{"line":312,"column":4},"end":{"line":312,"column":64}},"76":{"start":{"line":315,"column":2},"end":{"line":317,"column":59}},"77":{"start":{"line":424,"column":0},"end":{"line":430,"column":2}}},"fnMap":{"0":{"name":"(anonymous_0)","decl":{"start":{"line":14,"column":16},"end":{"line":14,"column":17}},"loc":{"start":{"line":14,"column":36},"end":{"line":64,"column":1}},"line":14},"1":{"name":"(anonymous_1)","decl":{"start":{"line":31,"column":24},"end":{"line":31,"column":25}},"loc":{"start":{"line":31,"column":35},"end":{"line":38,"column":5}},"line":31},"2":{"name":"(anonymous_2)","decl":{"start":{"line":66,"column":20},"end":{"line":66,"column":21}},"loc":{"start":{"line":66,"column":40},"end":{"line":70,"column":1}},"line":66},"3":{"name":"(anonymous_3)","decl":{"start":{"line":72,"column":16},"end":{"line":72,"column":17}},"loc":{"start":{"line":72,"column":36},"end":{"line":92,"column":1}},"line":72},"4":{"name":"(anonymous_4)","decl":{"start":{"line":190,"column":19},"end":{"line":190,"column":20}},"loc":{"start":{"line":190,"column":39},"end":{"line":303,"column":1}},"line":190},"5":{"name":"(anonymous_5)","decl":{"start":{"line":243,"column":23},"end":{"line":243,"column":24}},"loc":{"start":{"line":243,"column":34},"end":{"line":250,"column":5}},"line":243},"6":{"name":"(anonymous_6)","decl":{"start":{"line":305,"column":19},"end":{"line":305,"column":20}},"loc":{"start":{"line":305,"column":39},"end":{"line":318,"column":1}},"line":305}},"branchMap":{"0":{"loc":{"start":{"line":18,"column":2},"end":{"line":39,"column":3}},"type":"if","locations":[{"start":{"line":18,"column":2},"end":{"line":39,"column":3}},{"start":{},"end":{}}],"line":18},"1":{"loc":{"start":{"line":18,"column":6},"end":{"line":18,"column":34}},"type":"binary-expr","locations":[{"start":{"line":18,"column":6},"end":{"line":18,"column":15}},{"start":{"line":18,"column":19},"end":{"line":18,"column":34}}],"line":18},"2":{"loc":{"start":{"line":22,"column":4},"end":{"line":26,"column":5}},"type":"if","locations":[{"start":{"line":22,"column":4},"end":{"line":26,"column":5}},{"start":{},"end":{}}],"line":22},"3":{"loc":{"start":{"line":32,"column":6},"end":{"line":37,"column":7}},"type":"if","locations":[{"start":{"line":32,"column":6},"end":{"line":37,"column":7}},{"start":{},"end":{}}],"line":32},"4":{"loc":{"start":{"line":50,"column":2},"end":{"line":63,"column":3}},"type":"if","locations":[{"start":{"line":50,"column":2},"end":{"line":63,"column":3}},{"start":{"line":61,"column":9},"end":{"line":63,"column":3}}],"line":50},"5":{"loc":{"start":{"line":73,"column":2},"end":{"line":75,"column":3}},"type":"if","locations":[{"start":{"line":73,"column":2},"end":{"line":75,"column":3}},{"start":{},"end":{}}],"line":73},"6":{"loc":{"start":{"line":73,"column":6},"end":{"line":73,"column":67}},"type":"binary-expr","locations":[{"start":{"line":73,"column":6},"end":{"line":73,"column":39}},{"start":{"line":73,"column":43},"end":{"line":73,"column":67}}],"line":73},"7":{"loc":{"start":{"line":79,"column":2},"end":{"line":91,"column":3}},"type":"if","locations":[{"start":{"line":79,"column":2},"end":{"line":91,"column":3}},{"start":{"line":89,"column":9},"end":{"line":91,"column":3}}],"line":79},"8":{"loc":{"start":{"line":197,"column":2},"end":{"line":199,"column":3}},"type":"if","locations":[{"start":{"line":197,"column":2},"end":{"line":199,"column":3}},{"start":{},"end":{}}],"line":197},"9":{"loc":{"start":{"line":197,"column":6},"end":{"line":197,"column":67}},"type":"binary-expr","locations":[{"start":{"line":197,"column":6},"end":{"line":197,"column":39}},{"start":{"line":197,"column":43},"end":{"line":197,"column":67}}],"line":197},"10":{"loc":{"start":{"line":201,"column":2},"end":{"line":203,"column":3}},"type":"if","locations":[{"start":{"line":201,"column":2},"end":{"line":203,"column":3}},{"start":{},"end":{}}],"line":201},"11":{"loc":{"start":{"line":201,"column":6},"end":{"line":201,"column":43}},"type":"binary-expr","locations":[{"start":{"line":201,"column":6},"end":{"line":201,"column":11}},{"start":{"line":201,"column":15},"end":{"line":201,"column":21}},{"start":{"line":201,"column":25},"end":{"line":201,"column":34}},{"start":{"line":201,"column":38},"end":{"line":201,"column":43}}],"line":201},"12":{"loc":{"start":{"line":206,"column":2},"end":{"line":208,"column":3}},"type":"if","locations":[{"start":{"line":206,"column":2},"end":{"line":208,"column":3}},{"start":{},"end":{}}],"line":206},"13":{"loc":{"start":{"line":229,"column":2},"end":{"line":252,"column":3}},"type":"if","locations":[{"start":{"line":229,"column":2},"end":{"line":252,"column":3}},{"start":{},"end":{}}],"line":229},"14":{"loc":{"start":{"line":229,"column":6},"end":{"line":229,"column":34}},"type":"binary-expr","locations":[{"start":{"line":229,"column":6},"end":{"line":229,"column":15}},{"start":{"line":229,"column":19},"end":{"line":229,"column":34}}],"line":229},"15":{"loc":{"start":{"line":234,"column":4},"end":{"line":238,"column":5}},"type":"if","locations":[{"start":{"line":234,"column":4},"end":{"line":238,"column":5}},{"start":{},"end":{}}],"line":234},"16":{"loc":{"start":{"line":244,"column":6},"end":{"line":249,"column":7}},"type":"if","locations":[{"start":{"line":244,"column":6},"end":{"line":249,"column":7}},{"start":{},"end":{}}],"line":244},"17":{"loc":{"start":{"line":258,"column":2},"end":{"line":302,"column":3}},"type":"if","locations":[{"start":{"line":258,"column":2},"end":{"line":302,"column":3}},{"start":{"line":291,"column":7},"end":{"line":302,"column":3}}],"line":258},"18":{"loc":{"start":{"line":259,"column":4},"end":{"line":267,"column":22}},"type":"binary-expr","locations":[{"start":{"line":259,"column":4},"end":{"line":259,"column":20}},{"start":{"line":260,"column":5},"end":{"line":266,"column":8}},{"start":{"line":267,"column":6},"end":{"line":267,"column":21}}],"line":259},"19":{"loc":{"start":{"line":311,"column":2},"end":{"line":313,"column":3}},"type":"if","locations":[{"start":{"line":311,"column":2},"end":{"line":313,"column":3}},{"start":{},"end":{}}],"line":311}},"s":{"0":4,"1":4,"2":4,"3":4,"4":4,"5":4,"6":4,"7":13,"8":13,"9":13,"10":13,"11":13,"12":13,"13":13,"14":1,"15":12,"16":12,"17":12,"18":12,"19":0,"20":0,"21":12,"22":2,"23":2,"24":2,"25":0,"26":4,"27":1,"28":1,"29":4,"30":5,"31":1,"32":4,"33":4,"34":3,"35":1,"36":4,"37":17,"38":17,"39":1,"40":16,"41":4,"42":12,"43":12,"44":1,"45":11,"46":11,"47":11,"48":11,"49":11,"50":11,"51":11,"52":11,"53":11,"54":11,"55":11,"56":11,"57":1,"58":10,"59":10,"60":10,"61":10,"62":0,"63":0,"64":10,"65":10,"66":3,"67":2,"68":2,"69":2,"70":2,"71":1,"72":4,"73":2,"74":2,"75":1,"76":1,"77":4},"f":{"0":13,"1":12,"2":1,"3":5,"4":17,"5":10,"6":2},"b":{"0":[13,0],"1":[13,13],"2":[1,12],"3":[0,12],"4":[2,0],"5":[1,4],"6":[5,3],"7":[3,1],"8":[1,16],"9":[17,15],"10":[4,12],"11":[16,15,14,13],"12":[1,11],"13":[11,0],"14":[11,11],"15":[1,10],"16":[0,10],"17":[2,1],"18":[3,2,0],"19":[1,1]},"_coverageSchema":"1a1c01bbd47fc00a2c39e90264f33305004495a9","hash":"b766228f3b697f65c5afb0e6b74031316052d5c1"}
,"/home/nighthawks/Desktop/UMS/FYP/Development/server/db/connect.js": {"path":"/home/nighthawks/Desktop/UMS/FYP/Development/server/db/connect.js","statementMap":{"0":{"start":{"line":1,"column":22},"end":{"line":1,"column":42}},"1":{"start":{"line":2,"column":0},"end":{"line":2,"column":27}},"2":{"start":{"line":4,"column":18},"end":{"line":18,"column":1}},"3":{"start":{"line":20,"column":0},"end":{"line":20,"column":27}}},"fnMap":{},"branchMap":{},"s":{"0":4,"1":4,"2":4,"3":4},"f":{},"b":{},"_coverageSchema":"1a1c01bbd47fc00a2c39e90264f33305004495a9","hash":"b7c65fa841895cf6bd7839a95e4eec1be75745f0"}
,"/home/nighthawks/Desktop/UMS/FYP/Development/server/errors/bad-request.js": {"path":"/home/nighthawks/Desktop/UMS/FYP/Development/server/errors/bad-request.js","statementMap":{"0":{"start":{"line":1,"column":24},"end":{"line":1,"column":52}},"1":{"start":{"line":2,"column":23},"end":{"line":2,"column":46}},"2":{"start":{"line":3,"column":10},"end":{"line":3,"column":25}},"3":{"start":{"line":7,"column":4},"end":{"line":7,"column":19}},"4":{"start":{"line":8,"column":4},"end":{"line":8,"column":46}},"5":{"start":{"line":12,"column":0},"end":{"line":12,"column":33}}},"fnMap":{"0":{"name":"(anonymous_0)","decl":{"start":{"line":6,"column":2},"end":{"line":6,"column":3}},"loc":{"start":{"line":6,"column":23},"end":{"line":9,"column":3}},"line":6}},"branchMap":{},"s":{"0":4,"1":4,"2":4,"3":14,"4":14,"5":4},"f":{"0":14},"b":{},"_coverageSchema":"1a1c01bbd47fc00a2c39e90264f33305004495a9","hash":"156cff40de17c5490884b495d0f5c918181655c5"}
,"/home/nighthawks/Desktop/UMS/FYP/Development/server/errors/custom-api.js": {"path":"/home/nighthawks/Desktop/UMS/FYP/Development/server/errors/custom-api.js","statementMap":{"0":{"start":{"line":3,"column":4},"end":{"line":3,"column":19}},"1":{"start":{"line":7,"column":0},"end":{"line":7,"column":32}}},"fnMap":{"0":{"name":"(anonymous_0)","decl":{"start":{"line":2,"column":2},"end":{"line":2,"column":3}},"loc":{"start":{"line":2,"column":23},"end":{"line":4,"column":3}},"line":2}},"branchMap":{},"s":{"0":41,"1":4},"f":{"0":41},"b":{},"_coverageSchema":"1a1c01bbd47fc00a2c39e90264f33305004495a9","hash":"a76d63bd80631ccceb5e16f4652f748a42719070"}
,"/home/nighthawks/Desktop/UMS/FYP/Development/server/errors/forbidden.js": {"path":"/home/nighthawks/Desktop/UMS/FYP/Development/server/errors/forbidden.js","statementMap":{"0":{"start":{"line":1,"column":24},"end":{"line":1,"column":52}},"1":{"start":{"line":2,"column":23},"end":{"line":2,"column":46}},"2":{"start":{"line":6,"column":4},"end":{"line":6,"column":19}},"3":{"start":{"line":7,"column":4},"end":{"line":7,"column":44}},"4":{"start":{"line":11,"column":0},"end":{"line":11,"column":32}}},"fnMap":{"0":{"name":"(anonymous_0)","decl":{"start":{"line":5,"column":2},"end":{"line":5,"column":3}},"loc":{"start":{"line":5,"column":23},"end":{"line":8,"column":3}},"line":5}},"branchMap":{},"s":{"0":4,"1":4,"2":2,"3":2,"4":4},"f":{"0":2},"b":{},"_coverageSchema":"1a1c01bbd47fc00a2c39e90264f33305004495a9","hash":"757861823adce568815ac75c76d364487887402e"}
,"/home/nighthawks/Desktop/UMS/FYP/Development/server/errors/index.js": {"path":"/home/nighthawks/Desktop/UMS/FYP/Development/server/errors/index.js","statementMap":{"0":{"start":{"line":1,"column":23},"end":{"line":1,"column":46}},"1":{"start":{"line":2,"column":29},"end":{"line":2,"column":57}},"2":{"start":{"line":3,"column":22},"end":{"line":3,"column":44}},"3":{"start":{"line":4,"column":24},"end":{"line":4,"column":48}},"4":{"start":{"line":5,"column":23},"end":{"line":5,"column":45}},"5":{"start":{"line":7,"column":0},"end":{"line":13,"column":2}}},"fnMap":{},"branchMap":{},"s":{"0":4,"1":4,"2":4,"3":4,"4":4,"5":4},"f":{},"b":{},"_coverageSchema":"1a1c01bbd47fc00a2c39e90264f33305004495a9","hash":"9e3a462965d821e292b94517d7865f1f81aa9d52"}
,"/home/nighthawks/Desktop/UMS/FYP/Development/server/errors/not-found.js": {"path":"/home/nighthawks/Desktop/UMS/FYP/Development/server/errors/not-found.js","statementMap":{"0":{"start":{"line":1,"column":24},"end":{"line":1,"column":52}},"1":{"start":{"line":2,"column":23},"end":{"line":2,"column":46}},"2":{"start":{"line":6,"column":4},"end":{"line":6,"column":19}},"3":{"start":{"line":7,"column":4},"end":{"line":7,"column":44}},"4":{"start":{"line":11,"column":0},"end":{"line":11,"column":31}}},"fnMap":{"0":{"name":"(anonymous_0)","decl":{"start":{"line":5,"column":2},"end":{"line":5,"column":3}},"loc":{"start":{"line":5,"column":23},"end":{"line":8,"column":3}},"line":5}},"branchMap":{},"s":{"0":4,"1":4,"2":11,"3":11,"4":4},"f":{"0":11},"b":{},"_coverageSchema":"1a1c01bbd47fc00a2c39e90264f33305004495a9","hash":"aeb6d9947b89d1cf8cc9581bdc66e19aeff654da"}
,"/home/nighthawks/Desktop/UMS/FYP/Development/server/errors/unauthenticated.js": {"path":"/home/nighthawks/Desktop/UMS/FYP/Development/server/errors/unauthenticated.js","statementMap":{"0":{"start":{"line":1,"column":24},"end":{"line":1,"column":52}},"1":{"start":{"line":2,"column":23},"end":{"line":2,"column":46}},"2":{"start":{"line":6,"column":4},"end":{"line":6,"column":19}},"3":{"start":{"line":7,"column":4},"end":{"line":7,"column":47}},"4":{"start":{"line":11,"column":0},"end":{"line":11,"column":38}}},"fnMap":{"0":{"name":"(anonymous_0)","decl":{"start":{"line":5,"column":2},"end":{"line":5,"column":3}},"loc":{"start":{"line":5,"column":23},"end":{"line":8,"column":3}},"line":5}},"branchMap":{},"s":{"0":4,"1":4,"2":14,"3":14,"4":4},"f":{"0":14},"b":{},"_coverageSchema":"1a1c01bbd47fc00a2c39e90264f33305004495a9","hash":"fe93e027179dc1ce9b2221c19a9ba66b130e7fd0"}
,"/home/nighthawks/Desktop/UMS/FYP/Development/server/middleware/authenticationAdmin.js": {"path":"/home/nighthawks/Desktop/UMS/FYP/Development/server/middleware/authenticationAdmin.js","statementMap":{"0":{"start":{"line":1,"column":12},"end":{"line":1,"column":35}},"1":{"start":{"line":2,"column":33},"end":{"line":2,"column":53}},"2":{"start":{"line":3,"column":0},"end":{"line":3,"column":27}},"3":{"start":{"line":5,"column":17},"end":{"line":32,"column":1}},"4":{"start":{"line":6,"column":21},"end":{"line":6,"column":46}},"5":{"start":{"line":7,"column":2},"end":{"line":9,"column":3}},"6":{"start":{"line":8,"column":4},"end":{"line":8,"column":61}},"7":{"start":{"line":11,"column":16},"end":{"line":11,"column":40}},"8":{"start":{"line":12,"column":2},"end":{"line":31,"column":3}},"9":{"start":{"line":13,"column":20},"end":{"line":13,"column":61}},"10":{"start":{"line":17,"column":4},"end":{"line":22,"column":6}},"11":{"start":{"line":24,"column":4},"end":{"line":26,"column":5}},"12":{"start":{"line":25,"column":6},"end":{"line":25,"column":63}},"13":{"start":{"line":28,"column":4},"end":{"line":28,"column":11}},"14":{"start":{"line":30,"column":4},"end":{"line":30,"column":61}},"15":{"start":{"line":34,"column":0},"end":{"line":34,"column":26}}},"fnMap":{"0":{"name":"(anonymous_0)","decl":{"start":{"line":5,"column":17},"end":{"line":5,"column":18}},"loc":{"start":{"line":5,"column":43},"end":{"line":32,"column":1}},"line":5}},"branchMap":{"0":{"loc":{"start":{"line":7,"column":2},"end":{"line":9,"column":3}},"type":"if","locations":[{"start":{"line":7,"column":2},"end":{"line":9,"column":3}},{"start":{},"end":{}}],"line":7},"1":{"loc":{"start":{"line":7,"column":6},"end":{"line":7,"column":53}},"type":"binary-expr","locations":[{"start":{"line":7,"column":6},"end":{"line":7,"column":17}},{"start":{"line":7,"column":21},"end":{"line":7,"column":53}}],"line":7},"2":{"loc":{"start":{"line":24,"column":4},"end":{"line":26,"column":5}},"type":"if","locations":[{"start":{"line":24,"column":4},"end":{"line":26,"column":5}},{"start":{},"end":{}}],"line":24}},"s":{"0":4,"1":4,"2":4,"3":4,"4":40,"5":40,"6":0,"7":40,"8":40,"9":40,"10":40,"11":40,"12":6,"13":34,"14":6,"15":4},"f":{"0":40},"b":{"0":[0,40],"1":[40,40],"2":[6,34]},"_coverageSchema":"1a1c01bbd47fc00a2c39e90264f33305004495a9","hash":"b8ffdf574d7af211fff479136cede9cb14d9c9b4"}
,"/home/nighthawks/Desktop/UMS/FYP/Development/server/middleware/authenticationUser.js": {"path":"/home/nighthawks/Desktop/UMS/FYP/Development/server/middleware/authenticationUser.js","statementMap":{"0":{"start":{"line":1,"column":12},"end":{"line":1,"column":35}},"1":{"start":{"line":2,"column":33},"end":{"line":2,"column":53}},"2":{"start":{"line":3,"column":0},"end":{"line":3,"column":27}},"3":{"start":{"line":5,"column":17},"end":{"line":26,"column":1}},"4":{"start":{"line":6,"column":21},"end":{"line":6,"column":46}},"5":{"start":{"line":7,"column":2},"end":{"line":9,"column":3}},"6":{"start":{"line":8,"column":4},"end":{"line":8,"column":61}},"7":{"start":{"line":11,"column":16},"end":{"line":11,"column":40}},"8":{"start":{"line":12,"column":2},"end":{"line":25,"column":3}},"9":{"start":{"line":13,"column":20},"end":{"line":13,"column":61}},"10":{"start":{"line":16,"column":4},"end":{"line":21,"column":6}},"11":{"start":{"line":22,"column":4},"end":{"line":22,"column":11}},"12":{"start":{"line":24,"column":4},"end":{"line":24,"column":61}},"13":{"start":{"line":28,"column":0},"end":{"line":28,"column":26}}},"fnMap":{"0":{"name":"(anonymous_0)","decl":{"start":{"line":5,"column":17},"end":{"line":5,"column":18}},"loc":{"start":{"line":5,"column":43},"end":{"line":26,"column":1}},"line":5}},"branchMap":{"0":{"loc":{"start":{"line":7,"column":2},"end":{"line":9,"column":3}},"type":"if","locations":[{"start":{"line":7,"column":2},"end":{"line":9,"column":3}},{"start":{},"end":{}}],"line":7},"1":{"loc":{"start":{"line":7,"column":6},"end":{"line":7,"column":53}},"type":"binary-expr","locations":[{"start":{"line":7,"column":6},"end":{"line":7,"column":17}},{"start":{"line":7,"column":21},"end":{"line":7,"column":53}}],"line":7}},"s":{"0":4,"1":4,"2":4,"3":4,"4":27,"5":27,"6":0,"7":27,"8":27,"9":27,"10":27,"11":27,"12":0,"13":4},"f":{"0":27},"b":{"0":[0,27],"1":[27,27]},"_coverageSchema":"1a1c01bbd47fc00a2c39e90264f33305004495a9","hash":"8b9c2b7ab575bba7dff97e562e7346767d26a8eb"}
,"/home/nighthawks/Desktop/UMS/FYP/Development/server/middleware/error-handler.js": {"path":"/home/nighthawks/Desktop/UMS/FYP/Development/server/middleware/error-handler.js","statementMap":{"0":{"start":{"line":1,"column":24},"end":{"line":1,"column":52}},"1":{"start":{"line":3,"column":31},"end":{"line":76,"column":1}},"2":{"start":{"line":4,"column":20},"end":{"line":7,"column":3}},"3":{"start":{"line":13,"column":2},"end":{"line":25,"column":3}},"4":{"start":{"line":14,"column":4},"end":{"line":14,"column":44}},"5":{"start":{"line":15,"column":4},"end":{"line":16,"column":73}},"6":{"start":{"line":18,"column":4},"end":{"line":20,"column":5}},"7":{"start":{"line":19,"column":6},"end":{"line":19,"column":52}},"8":{"start":{"line":21,"column":4},"end":{"line":23,"column":5}},"9":{"start":{"line":22,"column":6},"end":{"line":22,"column":55}},"10":{"start":{"line":24,"column":4},"end":{"line":24,"column":53}},"11":{"start":{"line":30,"column":2},"end":{"line":37,"column":3}},"12":{"start":{"line":34,"column":23},"end":{"line":34,"column":66}},"13":{"start":{"line":35,"column":4},"end":{"line":35,"column":84}},"14":{"start":{"line":36,"column":4},"end":{"line":36,"column":53}},"15":{"start":{"line":41,"column":2},"end":{"line":48,"column":3}},"16":{"start":{"line":42,"column":4},"end":{"line":42,"column":44}},"17":{"start":{"line":43,"column":4},"end":{"line":46,"column":5}},"18":{"start":{"line":44,"column":6},"end":{"line":44,"column":60}},"19":{"start":{"line":47,"column":4},"end":{"line":47,"column":53}},"20":{"start":{"line":50,"column":2},"end":{"line":71,"column":3}},"21":{"start":{"line":51,"column":4},"end":{"line":52,"column":86}},"22":{"start":{"line":55,"column":4},"end":{"line":58,"column":5}},"23":{"start":{"line":56,"column":6},"end":{"line":57,"column":74}},"24":{"start":{"line":60,"column":4},"end":{"line":63,"column":5}},"25":{"start":{"line":61,"column":6},"end":{"line":62,"column":75}},"26":{"start":{"line":65,"column":4},"end":{"line":68,"column":5}},"27":{"start":{"line":66,"column":6},"end":{"line":67,"column":73}},"28":{"start":{"line":70,"column":4},"end":{"line":70,"column":53}},"29":{"start":{"line":75,"column":2},"end":{"line":75,"column":75}},"30":{"start":{"line":78,"column":0},"end":{"line":78,"column":40}}},"fnMap":{"0":{"name":"(anonymous_0)","decl":{"start":{"line":3,"column":31},"end":{"line":3,"column":32}},"loc":{"start":{"line":3,"column":56},"end":{"line":76,"column":1}},"line":3}},"branchMap":{"0":{"loc":{"start":{"line":5,"column":16},"end":{"line":5,"column":67}},"type":"binary-expr","locations":[{"start":{"line":5,"column":16},"end":{"line":5,"column":30}},{"start":{"line":5,"column":34},"end":{"line":5,"column":67}}],"line":5},"1":{"loc":{"start":{"line":6,"column":9},"end":{"line":6,"column":62}},"type":"binary-expr","locations":[{"start":{"line":6,"column":9},"end":{"line":6,"column":20}},{"start":{"line":6,"column":24},"end":{"line":6,"column":62}}],"line":6},"2":{"loc":{"start":{"line":13,"column":2},"end":{"line":25,"column":3}},"type":"if","locations":[{"start":{"line":13,"column":2},"end":{"line":25,"column":3}},{"start":{},"end":{}}],"line":13},"3":{"loc":{"start":{"line":18,"column":4},"end":{"line":20,"column":5}},"type":"if","locations":[{"start":{"line":18,"column":4},"end":{"line":20,"column":5}},{"start":{},"end":{}}],"line":18},"4":{"loc":{"start":{"line":21,"column":4},"end":{"line":23,"column":5}},"type":"if","locations":[{"start":{"line":21,"column":4},"end":{"line":23,"column":5}},{"start":{},"end":{}}],"line":21},"5":{"loc":{"start":{"line":30,"column":2},"end":{"line":37,"column":3}},"type":"if","locations":[{"start":{"line":30,"column":2},"end":{"line":37,"column":3}},{"start":{},"end":{}}],"line":30},"6":{"loc":{"start":{"line":31,"column":4},"end":{"line":32,"column":45}},"type":"binary-expr","locations":[{"start":{"line":31,"column":4},"end":{"line":31,"column":41}},{"start":{"line":32,"column":4},"end":{"line":32,"column":45}}],"line":31},"7":{"loc":{"start":{"line":41,"column":2},"end":{"line":48,"column":3}},"type":"if","locations":[{"start":{"line":41,"column":2},"end":{"line":48,"column":3}},{"start":{},"end":{}}],"line":41},"8":{"loc":{"start":{"line":43,"column":4},"end":{"line":46,"column":5}},"type":"if","locations":[{"start":{"line":43,"column":4},"end":{"line":46,"column":5}},{"start":{},"end":{}}],"line":43},"9":{"loc":{"start":{"line":50,"column":2},"end":{"line":71,"column":3}},"type":"if","locations":[{"start":{"line":50,"column":2},"end":{"line":71,"column":3}},{"start":{},"end":{}}],"line":50},"10":{"loc":{"start":{"line":55,"column":4},"end":{"line":58,"column":5}},"type":"if","locations":[{"start":{"line":55,"column":4},"end":{"line":58,"column":5}},{"start":{},"end":{}}],"line":55},"11":{"loc":{"start":{"line":60,"column":4},"end":{"line":63,"column":5}},"type":"if","locations":[{"start":{"line":60,"column":4},"end":{"line":63,"column":5}},{"start":{},"end":{}}],"line":60},"12":{"loc":{"start":{"line":65,"column":4},"end":{"line":68,"column":5}},"type":"if","locations":[{"start":{"line":65,"column":4},"end":{"line":68,"column":5}},{"start":{},"end":{}}],"line":65}},"s":{"0":4,"1":4,"2":59,"3":59,"4":2,"5":2,"6":2,"7":0,"8":2,"9":2,"10":2,"11":59,"12":2,"13":2,"14":2,"15":59,"16":18,"17":18,"18":8,"19":18,"20":59,"21":2,"22":2,"23":0,"24":2,"25":0,"26":2,"27":2,"28":2,"29":59,"30":4},"f":{"0":59},"b":{"0":[59,24],"1":[59,0],"2":[2,57],"3":[0,2],"4":[2,0],"5":[2,57],"6":[59,2],"7":[18,41],"8":[8,10],"9":[2,57],"10":[0,2],"11":[0,2],"12":[2,0]},"_coverageSchema":"1a1c01bbd47fc00a2c39e90264f33305004495a9","hash":"2e7e2ba08d941d97016136a1088eb0d586cf8841"}
,"/home/nighthawks/Desktop/UMS/FYP/Development/server/middleware/not-found.js": {"path":"/home/nighthawks/Desktop/UMS/FYP/Development/server/middleware/not-found.js","statementMap":{"0":{"start":{"line":1,"column":17},"end":{"line":1,"column":75}},"1":{"start":{"line":1,"column":31},"end":{"line":1,"column":75}},"2":{"start":{"line":3,"column":0},"end":{"line":3,"column":26}}},"fnMap":{"0":{"name":"(anonymous_0)","decl":{"start":{"line":1,"column":17},"end":{"line":1,"column":18}},"loc":{"start":{"line":1,"column":31},"end":{"line":1,"column":75}},"line":1}},"branchMap":{},"s":{"0":4,"1":0,"2":4},"f":{"0":0},"b":{},"_coverageSchema":"1a1c01bbd47fc00a2c39e90264f33305004495a9","hash":"a252000d1b0edb4c60196b46e6e9e598a1706022"}
[...]
ks/Desktop/UMS/FYP/Development/server/models/associations.js","statementMap":{"0":{"start":{"line":1,"column":19},"end":{"line":1,"column":37}},"1":{"start":{"line":2,"column":20},"end":{"line":2,"column":39}},"2":{"start":{"line":3,"column":21},"end":{"line":3,"column":41}},"3":{"start":{"line":4,"column":24},"end":{"line":4,"column":47}},"4":{"start":{"line":5,"column":27},"end":{"line":5,"column":53}},"5":{"start":{"line":6,"column":29},"end":{"line":6,"column":56}},"6":{"start":{"line":7,"column":25},"end":{"line":7,"column":48}},"7":{"start":{"line":9,"column":0},"end":{"line":9,"column":72}},"8":{"start":{"line":10,"column":0},"end":{"line":10,"column":72}},"9":{"start":{"line":12,"column":0},"end":{"line":12,"column":76}},"10":{"start":{"line":13,"column":0},"end":{"line":13,"column":76}},"11":{"start":{"line":15,"column":0},"end":{"line":15,"column":80}},"12":{"start":{"line":16,"column":0},"end":{"line":16,"column":76}},"13":{"start":{"line":18,"column":0},"end":{"line":21,"column":3}},"14":{"start":{"line":22,"column":0},"end":{"line":22,"column":79}},"15":{"start":{"line":24,"column":0},"end":{"line":27,"column":3}},"16":{"start":{"line":28,"column":0},"end":{"line":31,"column":3}},"17":{"start":{"line":33,"column":0},"end":{"line":36,"column":3}},"18":{"start":{"line":37,"column":0},"end":{"line":40,"column":3}},"19":{"start":{"line":42,"column":0},"end":{"line":45,"column":3}},"20":{"start":{"line":46,"column":0},"end":{"line":49,"column":3}},"21":{"start":{"line":51,"column":0},"end":{"line":54,"column":3}},"22":{"start":{"line":55,"column":0},"end":{"line":58,"column":3}},"23":{"start":{"line":60,"column":0},"end":{"line":63,"column":3}},"24":{"start":{"line":64,"column":0},"end":{"line":67,"column":3}},"25":{"start":{"line":69,"column":0},"end":{"line":77,"column":2}}},"fnMap":{},"branchMap":{},"s":{"0":4,"1":4,"2":4,"3":4,"4":4,"5":4,"6":4,"7":4,"8":4,"9":4,"10":4,"11":4,"12":4,"13":4,"14":4,"15":4,"16":4,"17":4,"18":4,"19":4,"20":4,"21":4,"22":4,"23":4,"24":4,"25":4},"f":{},"b":{},"_coverageSchema":"1a1c01bbd47fc00a2c39e90264f33305004495a9","hash":"833481c9288ca33822334f60e66d4acea44dafad"}
,"/home/nighthawks/Desktop/UMS/FYP/Development/server/mqtt/connect.js": {"path":"/home/nighthawks/Desktop/UMS/FYP/Development/server/mqtt/connect.js","statementMap":{"0":{"start":{"line":1,"column":13},"end":{"line":1,"column":28}},"1":{"start":{"line":2,"column":14},"end":{"line":2,"column":30}},"2":{"start":{"line":4,"column":19},"end":{"line":4,"column":50}},"3":{"start":{"line":6,"column":0},"end":{"line":6,"column":27}},"4":{"start":{"line":8,"column":17},"end":{"line":8,"column":42}},"5":{"start":{"line":9,"column":13},"end":{"line":9,"column":34}},"6":{"start":{"line":10,"column":13},"end":{"line":10,"column":34}},"7":{"start":{"line":12,"column":17},"end":{"line":12,"column":65}},"8":{"start":{"line":14,"column":19},"end":{"line":14,"column":50}},"9":{"start":{"line":16,"column":17},"end":{"line":16,"column":42}},"10":{"start":{"line":17,"column":17},"end":{"line":17,"column":42}},"11":{"start":{"line":19,"column":13},"end":{"line":27,"column":2}},"12":{"start":{"line":29,"column":0},"end":{"line":29,"column":35}},"13":{"start":{"line":30,"column":0},"end":{"line":30,"column":39}},"14":{"start":{"line":31,"column":0},"end":{"line":31,"column":31}},"15":{"start":{"line":32,"column":0},"end":{"line":32,"column":43}},"16":{"start":{"line":33,"column":0},"end":{"line":33,"column":31}},"17":{"start":{"line":35,"column":14},"end":{"line":35,"column":17}},"18":{"start":{"line":38,"column":2},"end":{"line":38,"column":49}},"19":{"start":{"line":39,"column":2},"end":{"line":39,"column":42}},"20":{"start":{"line":43,"column":2},"end":{"line":43,"column":38}},"21":{"start":{"line":44,"column":2},"end":{"line":46,"column":3}},"22":{"start":{"line":45,"column":4},"end":{"line":45,"column":21}},"23":{"start":{"line":50,"column":2},"end":{"line":50,"column":48}},"24":{"start":{"line":54,"column":2},"end":{"line":54,"column":42}},"25":{"start":{"line":58,"column":2},"end":{"line":58,"column":28}},"26":{"start":{"line":66,"column":13},"end":{"line":66,"column":43}},"27":{"start":{"line":72,"column":4},"end":{"line":72,"column":32}},"28":{"start":{"line":76,"column":2},"end":{"line":85,"column":3}},"29":{"start":{"line":77,"column":21},"end":{"line":81,"column":6}},"30":{"start":{"line":83,"column":4},"end":{"line":83,"column":41}},"31":{"start":{"line":84,"column":4},"end":{"line":84,"column":23}},"32":{"start":{"line":88,"column":0},"end":{"line":88,"column":24}}},"fnMap":{"0":{"name":"mqtt_connect","decl":{"start":{"line":37,"column":9},"end":{"line":37,"column":21}},"loc":{"start":{"line":37,"column":24},"end":{"line":40,"column":1}},"line":37},"1":{"name":"mqtt_subscribe","decl":{"start":{"line":42,"column":9},"end":{"line":42,"column":23}},"loc":{"start":{"line":42,"column":38},"end":{"line":47,"column":1}},"line":42},"2":{"name":"mqtt_reconnect","decl":{"start":{"line":49,"column":9},"end":{"line":49,"column":23}},"loc":{"start":{"line":49,"column":29},"end":{"line":51,"column":1}},"line":49},"3":{"name":"mqtt_error","decl":{"start":{"line":53,"column":9},"end":{"line":53,"column":19}},"loc":{"start":{"line":53,"column":25},"end":{"line":55,"column":1}},"line":53},"4":{"name":"mqtt_close","decl":{"start":{"line":57,"column":9},"end":{"line":57,"column":19}},"loc":{"start":{"line":57,"column":22},"end":{"line":59,"column":1}},"line":57},"5":{"name":"mqtt_messageReceived","decl":{"start":{"line":62,"column":9},"end":{"line":62,"column":29}},"loc":{"start":{"line":62,"column":46},"end":{"line":73,"column":1}},"line":62},"6":{"name":"insert_message","decl":{"start":{"line":75,"column":15},"end":{"line":75,"column":29}},"loc":{"start":{"line":75,"column":43},"end":{"line":86,"column":1}},"line":75}},"branchMap":{"0":{"loc":{"start":{"line":44,"column":2},"end":{"line":46,"column":3}},"type":"if","locations":[{"start":{"line":44,"column":2},"end":{"line":46,"column":3}},{"start":{},"end":{}}],"line":44}},"s":{"0":4,"1":4,"2":4,"3":4,"4":4,"5":4,"6":4,"7":4,"8":4,"9":4,"10":4,"11":4,"12":4,"13":4,"14":4,"15":4,"16":4,"17":4,"18":4,"19":4,"20":4,"21":4,"22":0,"23":0,"24":0,"25":0,"26":0,"27":0,"28":0,"29":0,"30":0,"31":0,"32":4},"f":{"0":4,"1":4,"2":0,"3":0,"4":0,"5":0,"6":0},"b":{"0":[0,4]},"_coverageSchema":"1a1c01bbd47fc00a2c39e90264f33305004495a9","hash":"30e364301a24502037fcee1cf1c1514276efb60b"}
,"/home/nighthawks/Desktop/UMS/FYP/Development/server/routes/auth.js": {"path":"/home/nighthawks/Desktop/UMS/FYP/Development/server/routes/auth.js","statementMap":{"0":{"start":{"line":1,"column":16},"end":{"line":1,"column":34}},"1":{"start":{"line":2,"column":15},"end":{"line":2,"column":31}},"2":{"start":{"line":3,"column":20},"end":{"line":3,"column":49}},"3":{"start":{"line":4,"column":26},"end":{"line":4,"column":56}},"4":{"start":{"line":6,"column":0},"end":{"line":6,"column":27}},"5":{"start":{"line":9,"column":19},"end":{"line":15,"column":2}},"6":{"start":{"line":17,"column":0},"end":{"line":17,"column":41}},"7":{"start":{"line":18,"column":0},"end":{"line":18,"column":43}},"8":{"start":{"line":20,"column":0},"end":{"line":20,"column":24}}},"fnMap":{},"branchMap":{},"s":{"0":4,"1":4,"2":4,"3":4,"4":4,"5":4,"6":4,"7":4,"8":4},"f":{},"b":{},"_coverageSchema":"1a1c01bbd47fc00a2c39e90264f33305004495a9","hash":"53f5eff0587a28116ebd5427d2bbd34901248038"}
,"/home/nighthawks/Desktop/UMS/FYP/Development/server/routes/board.js": {"path":"/home/nighthawks/Desktop/UMS/FYP/Development/server/routes/board.js","statementMap":{"0":{"start":{"line":1,"column":16},"end":{"line":1,"column":34}},"1":{"start":{"line":2,"column":15},"end":{"line":2,"column":31}},"2":{"start":{"line":9,"column":4},"end":{"line":9,"column":35}},"3":{"start":{"line":11,"column":25},"end":{"line":11,"column":68}},"4":{"start":{"line":12,"column":26},"end":{"line":12,"column":70}},"5":{"start":{"line":14,"column":0},"end":{"line":17,"column":37}},"6":{"start":{"line":18,"column":0},"end":{"line":22,"column":42}},"7":{"start":{"line":24,"column":0},"end":{"line":24,"column":24}}},"fnMap":{},"branchMap":{},"s":{"0":4,"1":4,"2":4,"3":4,"4":4,"5":4,"6":4,"7":4},"f":{},"b":{},"_coverageSchema":"1a1c01bbd47fc00a2c39e90264f33305004495a9","hash":"79cc867a6057b7594b630fb9cb70eba298633a40"}
,"/home/nighthawks/Desktop/UMS/FYP/Development/server/routes/dashboard.js": {"path":"/home/nighthawks/Desktop/UMS/FYP/Development/server/routes/dashboard.js","statementMap":{"0":{"start":{"line":1,"column":16},"end":{"line":1,"column":34}},"1":{"start":{"line":2,"column":15},"end":{"line":2,"column":31}},"2":{"start":{"line":10,"column":4},"end":{"line":10,"column":39}},"3":{"start":{"line":12,"column":25},"end":{"line":12,"column":68}},"4":{"start":{"line":14,"column":0},"end":{"line":14,"column":55}},"5":{"start":{"line":16,"column":0},"end":{"line":16,"column":77}},"6":{"start":{"line":18,"column":0},"end":{"line":22,"column":45}},"7":{"start":{"line":24,"column":0},"end":{"line":24,"column":24}}},"fnMap":{},"branchMap":{},"s":{"0":4,"1":4,"2":4,"3":4,"4":4,"5":4,"6":4,"7":4},"f":{},"b":{},"_coverageSchema":"1a1c01bbd47fc00a2c39e90264f33305004495a9","hash":"ce9cc8ae5427d16732626c408c9f3d7aa75ddeac"}
,"/home/nighthawks/Desktop/UMS/FYP/Development/server/routes/notification.js": {"path":"/home/nighthawks/Desktop/UMS/FYP/Development/server/routes/notification.js","statementMap":{"0":{"start":{"line":1,"column":16},"end":{"line":1,"column":34}},"1":{"start":{"line":2,"column":15},"end":{"line":2,"column":31}},"2":{"start":{"line":10,"column":4},"end":{"line":10,"column":42}},"3":{"start":{"line":12,"column":25},"end":{"line":12,"column":68}},"4":{"start":{"line":14,"column":0},"end":{"line":17,"column":43}},"5":{"start":{"line":19,"column":0},"end":{"line":23,"column":48}},"6":{"start":{"line":25,"column":0},"end":{"line":25,"column":24}}},"fnMap":{},"branchMap":{},"s":{"0":4,"1":4,"2":4,"3":4,"4":4,"5":4,"6":4},"f":{},"b":{},"_coverageSchema":"1a1c01bbd47fc00a2c39e90264f33305004495a9","hash":"39a9ff49310cef5ff2271befe1290ce4dd876c31"}
,"/home/nighthawks/Desktop/UMS/FYP/Development/server/routes/sensor.js": {"path":"/home/nighthawks/Desktop/UMS/FYP/Development/server/routes/sensor.js","statementMap":{"0":{"start":{"line":1,"column":16},"end":{"line":1,"column":34}},"1":{"start":{"line":2,"column":15},"end":{"line":2,"column":31}},"2":{"start":{"line":10,"column":4},"end":{"line":10,"column":36}},"3":{"start":{"line":12,"column":25},"end":{"line":12,"column":68}},"4":{"start":{"line":13,"column":26},"end":{"line":13,"column":70}},"5":{"start":{"line":15,"column":0},"end":{"line":18,"column":38}},"6":{"start":{"line":19,"column":0},"end":{"line":23,"column":43}},"7":{"start":{"line":25,"column":0},"end":{"line":25,"column":24}}},"fnMap":{},"branchMap":{},"s":{"0":4,"1":4,"2":4,"3":4,"4":4,"5":4,"6":4,"7":4},"f":{},"b":{},"_coverageSchema":"1a1c01bbd47fc00a2c39e90264f33305004495a9","hash":"4d54e6fa7b88689c5054e01dd56f3454447e304d"}
,"/home/nighthawks/Desktop/UMS/FYP/Development/server/routes/sensorControl.js": {"path":"/home/nighthawks/Desktop/UMS/FYP/Development/server/routes/sensorControl.js","statementMap":{"0":{"start":{"line":1,"column":16},"end":{"line":1,"column":34}},"1":{"start":{"line":2,"column":15},"end":{"line":2,"column":31}},"2":{"start":{"line":8,"column":4},"end":{"line":8,"column":43}},"3":{"start":{"line":10,"column":26},"end":{"line":10,"column":70}},"4":{"start":{"line":12,"column":0},"end":{"line":15,"column":45}},"5":{"start":{"line":16,"column":0},"end":{"line":16,"column":43}},"6":{"start":{"line":18,"column":0},"end":{"line":18,"column":24}}},"fnMap":{},"branchMap":{},"s":{"0":4,"1":4,"2":4,"3":4,"4":4,"5":4,"6":4},"f":{},"b":{},"_coverageSchema":"1a1c01bbd47fc00a2c39e90264f33305004495a9","hash":"c1c1f770df0e27369e3d9f3840c7b1faa784494d"}
,"/home/nighthawks/Desktop/UMS/FYP/Development/server/routes/sensorData.js": {"path":"/home/nighthawks/Desktop/UMS/FYP/Development/server/routes/sensorData.js","statementMap":{"0":{"start":{"line":1,"column":16},"end":{"line":1,"column":34}},"1":{"start":{"line":2,"column":15},"end":{"line":2,"column":31}},"2":{"start":{"line":9,"column":4},"end":{"line":9,"column":40}},"3":{"start":{"line":11,"column":0},"end":{"line":11,"column":60}},"4":{"start":{"line":12,"column":0},"end":{"line":12,"column":40}},"5":{"start":{"line":13,"column":0},"end":{"line":13,"column":53}},"6":{"start":{"line":15,"column":0},"end":{"line":15,"column":24}}},"fnMap":{},"branchMap":{},"s":{"0":4,"1":4,"2":4,"3":4,"4":4,"5":4,"6":4},"f":{},"b":{},"_coverageSchema":"1a1c01bbd47fc00a2c39e90264f33305004495a9","hash":"020ebf8831c2acc569efb0669be3154cbca2c685"}
,"/home/nighthawks/Desktop/UMS/FYP/Development/server/routes/user.js": {"path":"/home/nighthawks/Desktop/UMS/FYP/Development/server/routes/user.js","statementMap":{"0":{"start":{"line":1,"column":16},"end":{"line":1,"column":34}},"1":{"start":{"line":2,"column":15},"end":{"line":2,"column":31}},"2":{"start":{"line":3,"column":20},"end":{"line":3,"column":49}},"3":{"start":{"line":10,"column":4},"end":{"line":10,"column":34}},"4":{"start":{"line":12,"column":25},"end":{"line":12,"column":68}},"5":{"start":{"line":13,"column":26},"end":{"line":13,"column":70}},"6":{"start":{"line":15,"column":0},"end":{"line":15,"column":27}},"7":{"start":{"line":18,"column":19},"end":{"line":24,"column":2}},"8":{"start":{"line":26,"column":0},"end":{"line":29,"column":36}},"9":{"start":{"line":31,"column":0},"end":{"line":35,"column":41}},"10":{"start":{"line":37,"column":0},"end":{"line":37,"column":24}}},"fnMap":{},"branchMap":{},"s":{"0":4,"1":4,"2":4,"3":4,"4":4,"5":4,"6":4,"7":4,"8":4,"9":4,"10":4},"f":{},"b":{},"_coverageSchema":"1a1c01bbd47fc00a2c39e90264f33305004495a9","hash":"8b2c4102d1e7e370e30cbdaca75019dd4b2860ec"}
,"/home/nighthawks/Desktop/UMS/FYP/Development/server/utils/sendEmail.js": {"path":"/home/nighthawks/Desktop/UMS/FYP/Development/server/utils/sendEmail.js","statementMap":{"0":{"start":{"line":1,"column":19},"end":{"line":1,"column":40}},"1":{"start":{"line":2,"column":0},"end":{"line":2,"column":27}},"2":{"start":{"line":4,"column":20},"end":{"line":10,"column":2}},"3":{"start":{"line":12,"column":18},"end":{"line":26,"column":1}},"4":{"start":{"line":13,"column":22},"end":{"line":18,"column":3}},"5":{"start":{"line":20,"column":2},"end":{"line":25,"column":3}},"6":{"start":{"line":21,"column":4},"end":{"line":21,"column":44}},"7":{"start":{"line":22,"column":4},"end":{"line":22,"column":43}},"8":{"start":{"line":24,"column":4},"end":{"line":24,"column":47}},"9":{"start":{"line":28,"column":0},"end":{"line":28,"column":27}}},"fnMap":{"0":{"name":"(anonymous_0)","decl":{"start":{"line":12,"column":18},"end":{"line":12,"column":19}},"loc":{"start":{"line":12,"column":47},"end":{"line":26,"column":1}},"line":12}},"branchMap":{},"s":{"0":4,"1":4,"2":4,"3":4,"4":0,"5":0,"6":0,"7":0,"8":0,"9":4},"f":{"0":0},"b":{},"_coverageSchema":"1a1c01bbd47fc00a2c39e90264f33305004495a9","hash":"50d98a5c51fbfff854d44f8aab29475e58fa61c1"}
,"/home/nighthawks/Desktop/UMS/FYP/Development/server/utils/sendTelegramMessage.js": {"path":"/home/nighthawks/Desktop/UMS/FYP/Development/server/utils/sendTelegramMessage.js","statementMap":{"0":{"start":{"line":1,"column":20},"end":{"line":1,"column":52}},"1":{"start":{"line":2,"column":0},"end":{"line":2,"column":27}},"2":{"start":{"line":4,"column":12},"end":{"line":4,"column":59}},"3":{"start":{"line":6,"column":28},"end":{"line":13,"column":1}},"4":{"start":{"line":7,"column":2},"end":{"line":12,"column":3}},"5":{"start":{"line":8,"column":4},"end":{"line":8,"column":43}},"6":{"start":{"line":9,"column":4},"end":{"line":9,"column":54}},"7":{"start":{"line":11,"column":4},"end":{"line":11,"column":60}},"8":{"start":{"line":15,"column":0},"end":{"line":15,"column":37}}},"fnMap":{"0":{"name":"(anonymous_0)","decl":{"start":{"line":6,"column":28},"end":{"line":6,"column":29}},"loc":{"start":{"line":6,"column":55},"end":{"line":13,"column":1}},"line":6}},"branchMap":{},"s":{"0":4,"1":4,"2":4,"3":4,"4":0,"5":0,"6":0,"7":0,"8":4},"f":{"0":0},"b":{},"_coverageSchema":"1a1c01bbd47fc00a2c39e90264f33305004495a9","hash":"30a0a88e43813a9ac43c86e72102b9f2a8fa6dbf"}
,"/home/nighthawks/Desktop/UMS/FYP/Development/server/utils/server.js": {"path":"/home/nighthawks/Desktop/UMS/FYP/Development/server/utils/server.js","statementMap":{"0":{"start":{"line":1,"column":0},"end":{"line":1,"column":32}},"1":{"start":{"line":2,"column":15},"end":{"line":2,"column":32}},"2":{"start":{"line":3,"column":13},"end":{"line":3,"column":28}},"3":{"start":{"line":4,"column":12},"end":{"line":4,"column":32}},"4":{"start":{"line":5,"column":20},"end":{"line":5,"column":49}},"5":{"start":{"line":6,"column":21},"end":{"line":6,"column":45}},"6":{"start":{"line":7,"column":19},"end":{"line":7,"column":48}},"7":{"start":{"line":10,"column":18},"end":{"line":10,"column":42}},"8":{"start":{"line":13,"column":13},"end":{"line":13,"column":39}},"9":{"start":{"line":16,"column":25},"end":{"line":16,"column":68}},"10":{"start":{"line":17,"column":26},"end":{"line":17,"column":70}},"11":{"start":{"line":18,"column":27},"end":{"line":18,"column":61}},"12":{"start":{"line":19,"column":31},"end":{"line":19,"column":69}},"13":{"start":{"line":22,"column":19},"end":{"line":22,"column":44}},"14":{"start":{"line":23,"column":19},"end":{"line":23,"column":44}},"15":{"start":{"line":24,"column":20},"end":{"line":24,"column":46}},"16":{"start":{"line":25,"column":21},"end":{"line":25,"column":48}},"17":{"start":{"line":26,"column":27},"end":{"line":26,"column":60}},"18":{"start":{"line":27,"column":24},"end":{"line":27,"column":54}},"19":{"start":{"line":28,"column":25},"end":{"line":28,"column":56}},"20":{"start":{"line":29,"column":28},"end":{"line":29,"column":62}},"21":{"start":{"line":31,"column":16},"end":{"line":31,"column":34}},"22":{"start":{"line":32,"column":12},"end":{"line":32,"column":29}},"23":{"start":{"line":35,"column":14},"end":{"line":35,"column":23}},"24":{"start":{"line":38,"column":2},"end":{"line":38,"column":26}},"25":{"start":{"line":39,"column":2},"end":{"line":39,"column":50}},"26":{"start":{"line":40,"column":2},"end":{"line":40,"column":26}},"27":{"start":{"line":41,"column":2},"end":{"line":41,"column":24}},"28":{"start":{"line":44,"column":2},"end":{"line":44,"column":20}},"29":{"start":{"line":45,"column":2},"end":{"line":45,"column":17}},"30":{"start":{"line":48,"column":2},"end":{"line":53,"column":4}},"31":{"start":{"line":56,"column":2},"end":{"line":61,"column":4}},"32":{"start":{"line":64,"column":2},"end":{"line":64,"column":38}},"33":{"start":{"line":65,"column":2},"end":{"line":65,"column":38}},"34":{"start":{"line":66,"column":2},"end":{"line":66,"column":40}},"35":{"start":{"line":67,"column":2},"end":{"line":67,"column":42}},"36":{"start":{"line":68,"column":2},"end":{"line":68,"column":54}},"37":{"start":{"line":69,"column":2},"end":{"line":69,"column":48}},"38":{"start":{"line":70,"column":2},"end":{"line":70,"column":50}},"39":{"start":{"line":71,"column":2},"end":{"line":71,"column":56}},"40":{"start":{"line":74,"column":2},"end":{"line":74,"column":30}},"41":{"start":{"line":75,"column":2},"end":{"line":75,"column":34}},"42":{"start":{"line":77,"column":2},"end":{"line":77,"column":13}},"43":{"start":{"line":80,"column":0},"end":{"line":80,"column":30}}},"fnMap":{"0":{"name":"createServer","decl":{"start":{"line":34,"column":9},"end":{"line":34,"column":21}},"loc":{"start":{"line":34,"column":24},"end":{"line":78,"column":1}},"line":34}},"branchMap":{},"s":{"0":4,"1":4,"2":4,"3":4,"4":4,"5":4,"6":4,"7":4,"8":4,"9":4,"10":4,"11":4,"12":4,"13":4,"14":4,"15":4,"16":4,"17":4,"18":4,"19":4,"20":4,"21":4,"22":4,"23":4,"24":4,"25":4,"26":4,"27":4,"28":4,"29":4,"30":4,"31":4,"32":4,"33":4,"34":4,"35":4,"36":4,"37":4,"38":4,"39":4,"40":4,"41":4,"42":4,"43":4},"f":{"0":4},"b":{},"_coverageSchema":"1a1c01bbd47fc00a2c39e90264f33305004495a9","hash":"0dbfb59dbcbf2d562131c1144ad8bb7b2f0c8971"}
}
