{"/home/nighthawks/Desktop/UMS/FYP/Development/server/app.js": {"path":"/home/nighthawks/Desktop/UMS/FYP/Development/server/app.js","statementMap":{"0":{"start":{"line":1,"column":0},"end":{"line":1,"column":27}},"1":{"start":{"line":2,"column":0},"end":{"line":2,"column":32}},"2":{"start":{"line":4,"column":15},"end":{"line":4,"column":32}},"3":{"start":{"line":5,"column":13},"end":{"line":5,"column":28}},"4":{"start":{"line":6,"column":12},"end":{"line":6,"column":32}},"5":{"start":{"line":7,"column":20},"end":{"line":7,"column":49}},"6":{"start":{"line":8,"column":21},"end":{"line":8,"column":45}},"7":{"start":{"line":10,"column":16},"end":{"line":10,"column":34}},"8":{"start":{"line":11,"column":12},"end":{"line":11,"column":21}},"9":{"start":{"line":13,"column":18},"end":{"line":13,"column":41}},"10":{"start":{"line":16,"column":25},"end":{"line":16,"column":67}},"11":{"start":{"line":17,"column":26},"end":{"line":17,"column":69}},"12":{"start":{"line":18,"column":27},"end":{"line":18,"column":60}},"13":{"start":{"line":19,"column":31},"end":{"line":19,"column":68}},"14":{"start":{"line":22,"column":19},"end":{"line":22,"column":43}},"15":{"start":{"line":23,"column":19},"end":{"line":23,"column":43}},"16":{"start":{"line":24,"column":20},"end":{"line":24,"column":45}},"17":{"start":{"line":25,"column":21},"end":{"line":25,"column":47}},"18":{"start":{"line":26,"column":27},"end":{"line":26,"column":59}},"19":{"start":{"line":27,"column":24},"end":{"line":27,"column":53}},"20":{"start":{"line":28,"column":25},"end":{"line":28,"column":55}},"21":{"start":{"line":29,"column":28},"end":{"line":29,"column":61}},"22":{"start":{"line":31,"column":0},"end":{"line":31,"column":24}},"23":{"start":{"line":32,"column":0},"end":{"line":32,"column":18}},"24":{"start":{"line":33,"column":0},"end":{"line":33,"column":16}},"25":{"start":{"line":34,"column":0},"end":{"line":34,"column":15}},"26":{"start":{"line":35,"column":0},"end":{"line":35,"column":24}},"27":{"start":{"line":38,"column":0},"end":{"line":40,"column":3}},"28":{"start":{"line":39,"column":2},"end":{"line":39,"column":35}},"29":{"start":{"line":43,"column":0},"end":{"line":43,"column":36}},"30":{"start":{"line":44,"column":0},"end":{"line":44,"column":36}},"31":{"start":{"line":45,"column":0},"end":{"line":45,"column":38}},"32":{"start":{"line":46,"column":0},"end":{"line":46,"column":40}},"33":{"start":{"line":47,"column":0},"end":{"line":47,"column":52}},"34":{"start":{"line":48,"column":0},"end":{"line":48,"column":46}},"35":{"start":{"line":49,"column":0},"end":{"line":49,"column":48}},"36":{"start":{"line":50,"column":0},"end":{"line":50,"column":54}},"37":{"start":{"line":53,"column":0},"end":{"line":53,"column":28}},"38":{"start":{"line":54,"column":0},"end":{"line":54,"column":32}},"39":{"start":{"line":56,"column":13},"end":{"line":56,"column":37}},"40":{"start":{"line":58,"column":14},"end":{"line":69,"column":1}},"41":{"start":{"line":59,"column":2},"end":{"line":68,"column":3}},"42":{"start":{"line":60,"column":4},"end":{"line":62,"column":66}},"43":{"start":{"line":62,"column":18},"end":{"line":62,"column":64}},"44":{"start":{"line":63,"column":4},"end":{"line":65,"column":7}},"45":{"start":{"line":64,"column":6},"end":{"line":64,"column":57}},"46":{"start":{"line":67,"column":4},"end":{"line":67,"column":23}},"47":{"start":{"line":71,"column":0},"end":{"line":71,"column":8}},"48":{"start":{"line":73,"column":0},"end":{"line":73,"column":21}}},"fnMap":{"0":{"name":"(anonymous_0)","decl":{"start":{"line":38,"column":13},"end":{"line":38,"column":14}},"loc":{"start":{"line":38,"column":27},"end":{"line":40,"column":1}},"line":38},"1":{"name":"(anonymous_1)","decl":{"start":{"line":58,"column":14},"end":{"line":58,"column":15}},"loc":{"start":{"line":58,"column":26},"end":{"line":69,"column":1}},"line":58},"2":{"name":"(anonymous_2)","decl":{"start":{"line":62,"column":12},"end":{"line":62,"column":13}},"loc":{"start":{"line":62,"column":18},"end":{"line":62,"column":64}},"line":62},"3":{"name":"(anonymous_3)","decl":{"start":{"line":63,"column":21},"end":{"line":63,"column":22}},"loc":{"start":{"line":63,"column":27},"end":{"line":65,"column":5}},"line":63}},"branchMap":{"0":{"loc":{"start":{"line":56,"column":13},"end":{"line":56,"column":37}},"type":"binary-expr","locations":[{"start":{"line":56,"column":13},"end":{"line":56,"column":29}},{"start":{"line":56,"column":33},"end":{"line":56,"column":37}}],"line":56}},"s":{"0":8,"1":8,"2":8,"3":8,"4":8,"5":8,"6":8,"7":8,"8":8,"9":8,"10":8,"11":8,"12":8,"13":8,"14":8,"15":8,"16":8,"17":8,"18":8,"19":8,"20":8,"21":8,"22":8,"23":8,"24":8,"25":8,"26":8,"27":8,"28":0,"29":8,"30":8,"31":8,"32":8,"33":8,"34":8,"35":8,"36":8,"37":8,"38":8,"39":8,"40":8,"41":8,"42":8,"43":8,"44":8,"45":1,"46":0,"47":8,"48":8},"f":{"0":0,"1":8,"2":8,"3":1},"b":{"0":[8,0]},"_coverageSchema":"1a1c01bbd47fc00a2c39e90264f33305004495a9","hash":"c04e2e231be7dbe7cff816890ba246c4ca771332"}
,"/home/nighthawks/Desktop/UMS/FYP/Development/server/controllers/auth.js": {"path":"/home/nighthawks/Desktop/UMS/FYP/Development/server/controllers/auth.js","statementMap":{"0":{"start":{"line":1,"column":13},"end":{"line":1,"column":39}},"1":{"start":{"line":2,"column":24},"end":{"line":2,"column":52}},"2":{"start":{"line":3,"column":50},"end":{"line":3,"column":70}},"3":{"start":{"line":5,"column":14},"end":{"line":45,"column":1}},"4":{"start":{"line":6,"column":30},"end":{"line":6,"column":38}},"5":{"start":{"line":8,"column":2},"end":{"line":10,"column":3}},"6":{"start":{"line":9,"column":4},"end":{"line":9,"column":67}},"7":{"start":{"line":12,"column":15},"end":{"line":16,"column":4}},"8":{"start":{"line":18,"column":2},"end":{"line":20,"column":3}},"9":{"start":{"line":19,"column":4},"end":{"line":19,"column":60}},"10":{"start":{"line":22,"column":28},"end":{"line":22,"column":62}},"11":{"start":{"line":23,"column":2},"end":{"line":25,"column":3}},"12":{"start":{"line":24,"column":4},"end":{"line":24,"column":55}},"13":{"start":{"line":27,"column":16},"end":{"line":27,"column":34}},"14":{"start":{"line":29,"column":2},"end":{"line":34,"column":5}},"15":{"start":{"line":36,"column":2},"end":{"line":44,"column":5}},"16":{"start":{"line":47,"column":15},"end":{"line":54,"column":1}},"17":{"start":{"line":48,"column":2},"end":{"line":51,"column":5}},"18":{"start":{"line":53,"column":2},"end":{"line":53,"column":74}},"19":{"start":{"line":56,"column":0},"end":{"line":59,"column":2}}},"fnMap":{"0":{"name":"(anonymous_0)","decl":{"start":{"line":5,"column":14},"end":{"line":5,"column":15}},"loc":{"start":{"line":5,"column":34},"end":{"line":45,"column":1}},"line":5},"1":{"name":"(anonymous_1)","decl":{"start":{"line":47,"column":15},"end":{"line":47,"column":16}},"loc":{"start":{"line":47,"column":29},"end":{"line":54,"column":1}},"line":47}},"branchMap":{"0":{"loc":{"start":{"line":8,"column":2},"end":{"line":10,"column":3}},"type":"if","locations":[{"start":{"line":8,"column":2},"end":{"line":10,"column":3}},{"start":{},"end":{}}],"line":8},"1":{"loc":{"start":{"line":8,"column":6},"end":{"line":8,"column":25}},"type":"binary-expr","locations":[{"start":{"line":8,"column":6},"end":{"line":8,"column":12}},{"start":{"line":8,"column":16},"end":{"line":8,"column":25}}],"line":8},"2":{"loc":{"start":{"line":18,"column":2},"end":{"line":20,"column":3}},"type":"if","locations":[{"start":{"line":18,"column":2},"end":{"line":20,"column":3}},{"start":{},"end":{}}],"line":18},"3":{"loc":{"start":{"line":23,"column":2},"end":{"line":25,"column":3}},"type":"if","locations":[{"start":{"line":23,"column":2},"end":{"line":25,"column":3}},{"start":{},"end":{}}],"line":23}},"s":{"0":8,"1":8,"2":8,"3":8,"4":13,"5":13,"6":3,"7":10,"8":10,"9":1,"10":9,"11":9,"12":1,"13":8,"14":8,"15":8,"16":8,"17":1,"18":1,"19":8},"f":{"0":13,"1":1},"b":{"0":[3,10],"1":[13,11],"2":[1,9],"3":[1,8]},"_coverageSchema":"1a1c01bbd47fc00a2c39e90264f33305004495a9","hash":"ef1e3e05b30837733b02fdccd2015c666a2f5131"}
,"/home/nighthawks/Desktop/UMS/FYP/Development/server/controllers/board.js": {"path":"/home/nighthawks/Desktop/UMS/FYP/Development/server/controllers/board.js","statementMap":{"0":{"start":{"line":1,"column":14},"end":{"line":1,"column":41}},"1":{"start":{"line":2,"column":24},"end":{"line":2,"column":52}},"2":{"start":{"line":3,"column":43},"end":{"line":3,"column":63}},"3":{"start":{"line":5,"column":21},"end":{"line":9,"column":1}},"4":{"start":{"line":6,"column":17},"end":{"line":6,"column":38}},"5":{"start":{"line":8,"column":2},"end":{"line":8,"column":68}},"6":{"start":{"line":11,"column":17},"end":{"line":29,"column":1}},"7":{"start":{"line":12,"column":16},"end":{"line":12,"column":51}},"8":{"start":{"line":14,"column":2},"end":{"line":28,"column":3}},"9":{"start":{"line":15,"column":4},"end":{"line":25,"column":7}},"10":{"start":{"line":27,"column":4},"end":{"line":27,"column":65}},"11":{"start":{"line":31,"column":17},"end":{"line":58,"column":1}},"12":{"start":{"line":32,"column":62},"end":{"line":32,"column":70}},"13":{"start":{"line":34,"column":16},"end":{"line":41,"column":4}},"14":{"start":{"line":43,"column":2},"end":{"line":57,"column":3}},"15":{"start":{"line":44,"column":4},"end":{"line":54,"column":7}},"16":{"start":{"line":56,"column":4},"end":{"line":56,"column":78}},"17":{"start":{"line":60,"column":20},"end":{"line":100,"column":1}},"18":{"start":{"line":64,"column":6},"end":{"line":64,"column":9}},"19":{"start":{"line":66,"column":2},"end":{"line":68,"column":3}},"20":{"start":{"line":67,"column":4},"end":{"line":67,"column":59}},"21":{"start":{"line":70,"column":16},"end":{"line":70,"column":45}},"22":{"start":{"line":73,"column":18},"end":{"line":79,"column":3}},"23":{"start":{"line":81,"column":2},"end":{"line":81,"column":20}},"24":{"start":{"line":82,"column":2},"end":{"line":82,"column":20}},"25":{"start":{"line":83,"column":2},"end":{"line":83,"column":28}},"26":{"start":{"line":84,"column":2},"end":{"line":84,"column":32}},"27":{"start":{"line":85,"column":2},"end":{"line":85,"column":22}},"28":{"start":{"line":87,"column":18},"end":{"line":87,"column":36}},"29":{"start":{"line":89,"column":2},"end":{"line":99,"column":5}},"30":{"start":{"line":102,"column":20},"end":{"line":115,"column":1}},"31":{"start":{"line":103,"column":17},"end":{"line":103,"column":30}},"32":{"start":{"line":105,"column":16},"end":{"line":109,"column":4}},"33":{"start":{"line":110,"column":2},"end":{"line":112,"column":3}},"34":{"start":{"line":111,"column":4},"end":{"line":111,"column":58}},"35":{"start":{"line":114,"column":2},"end":{"line":114,"column":77}},"36":{"start":{"line":116,"column":0},"end":{"line":122,"column":2}}},"fnMap":{"0":{"name":"(anonymous_0)","decl":{"start":{"line":5,"column":21},"end":{"line":5,"column":22}},"loc":{"start":{"line":5,"column":41},"end":{"line":9,"column":1}},"line":5},"1":{"name":"(anonymous_1)","decl":{"start":{"line":11,"column":17},"end":{"line":11,"column":18}},"loc":{"start":{"line":11,"column":37},"end":{"line":29,"column":1}},"line":11},"2":{"name":"(anonymous_2)","decl":{"start":{"line":31,"column":17},"end":{"line":31,"column":18}},"loc":{"start":{"line":31,"column":37},"end":{"line":58,"column":1}},"line":31},"3":{"name":"(anonymous_3)","decl":{"start":{"line":60,"column":20},"end":{"line":60,"column":21}},"loc":{"start":{"line":60,"column":40},"end":{"line":100,"column":1}},"line":60},"4":{"name":"(anonymous_4)","decl":{"start":{"line":102,"column":20},"end":{"line":102,"column":21}},"loc":{"start":{"line":102,"column":40},"end":{"line":115,"column":1}},"line":102}},"branchMap":{"0":{"loc":{"start":{"line":14,"column":2},"end":{"line":28,"column":3}},"type":"if","locations":[{"start":{"line":14,"column":2},"end":{"line":28,"column":3}},{"start":{"line":26,"column":9},"end":{"line":28,"column":3}}],"line":14},"1":{"loc":{"start":{"line":43,"column":2},"end":{"line":57,"column":3}},"type":"if","locations":[{"start":{"line":43,"column":2},"end":{"line":57,"column":3}},{"start":{"line":55,"column":9},"end":{"line":57,"column":3}}],"line":43},"2":{"loc":{"start":{"line":66,"column":2},"end":{"line":68,"column":3}},"type":"if","locations":[{"start":{"line":66,"column":2},"end":{"line":68,"column":3}},{"start":{},"end":{}}],"line":66},"3":{"loc":{"start":{"line":66,"column":6},"end":{"line":66,"column":59}},"type":"binary-expr","locations":[{"start":{"line":66,"column":6},"end":{"line":66,"column":11}},{"start":{"line":66,"column":15},"end":{"line":66,"column":20}},{"start":{"line":66,"column":24},"end":{"line":66,"column":33}},{"start":{"line":66,"column":37},"end":{"line":66,"column":48}},{"start":{"line":66,"column":52},"end":{"line":66,"column":59}}],"line":66},"4":{"loc":{"start":{"line":110,"column":2},"end":{"line":112,"column":3}},"type":"if","locations":[{"start":{"line":110,"column":2},"end":{"line":112,"column":3}},{"start":{},"end":{}}],"line":110}},"s":{"0":8,"1":8,"2":8,"3":8,"4":1,"5":1,"6":8,"7":2,"8":2,"9":1,"10":1,"11":8,"12":1,"13":1,"14":1,"15":1,"16":0,"17":8,"18":2,"19":2,"20":1,"21":1,"22":1,"23":1,"24":1,"25":1,"26":1,"27":1,"28":1,"29":1,"30":8,"31":2,"32":2,"33":2,"34":1,"35":1,"36":8},"f":{"0":1,"1":2,"2":1,"3":2,"4":2},"b":{"0":[1,1],"1":[1,0],"2":[1,1],"3":[2,1,1,1,1],"4":[1,1]},"_coverageSchema":"1a1c01bbd47fc00a2c39e90264f33305004495a9","hash":"d4f881bf39eb6fb939d31841be1c8e5c00a6c4d1"}
,"/home/nighthawks/Desktop/UMS/FYP/Development/server/controllers/dashboard.js": {"path":"/home/nighthawks/Desktop/UMS/FYP/Development/server/controllers/dashboard.js","statementMap":{"0":{"start":{"line":1,"column":18},"end":{"line":1,"column":49}},"1":{"start":{"line":2,"column":24},"end":{"line":2,"column":52}},"2":{"start":{"line":3,"column":59},"end":{"line":3,"column":79}},"3":{"start":{"line":5,"column":24},"end":{"line":9,"column":1}},"4":{"start":{"line":6,"column":21},"end":{"line":6,"column":46}},"5":{"start":{"line":8,"column":2},"end":{"line":8,"column":76}},"6":{"start":{"line":11,"column":21},"end":{"line":29,"column":1}},"7":{"start":{"line":12,"column":22},"end":{"line":12,"column":35}},"8":{"start":{"line":13,"column":20},"end":{"line":13,"column":57}},"9":{"start":{"line":15,"column":2},"end":{"line":28,"column":3}},"10":{"start":{"line":16,"column":4},"end":{"line":25,"column":7}},"11":{"start":{"line":27,"column":4},"end":{"line":27,"column":67}},"12":{"start":{"line":31,"column":21},"end":{"line":58,"column":1}},"13":{"start":{"line":32,"column":52},"end":{"line":32,"column":60}},"14":{"start":{"line":34,"column":20},"end":{"line":40,"column":4}},"15":{"start":{"line":42,"column":2},"end":{"line":57,"column":3}},"16":{"start":{"line":43,"column":4},"end":{"line":52,"column":7}},"17":{"start":{"line":54,"column":4},"end":{"line":56,"column":6}},"18":{"start":{"line":60,"column":24},"end":{"line":101,"column":1}},"19":{"start":{"line":64,"column":6},"end":{"line":64,"column":9}},"20":{"start":{"line":66,"column":2},"end":{"line":75,"column":3}},"21":{"start":{"line":74,"column":4},"end":{"line":74,"column":59}},"22":{"start":{"line":77,"column":2},"end":{"line":79,"column":3}},"23":{"start":{"line":78,"column":4},"end":{"line":78,"column":72}},"24":{"start":{"line":81,"column":20},"end":{"line":81,"column":57}},"25":{"start":{"line":83,"column":2},"end":{"line":83,"column":28}},"26":{"start":{"line":84,"column":2},"end":{"line":84,"column":32}},"27":{"start":{"line":85,"column":2},"end":{"line":85,"column":24}},"28":{"start":{"line":86,"column":2},"end":{"line":86,"column":30}},"29":{"start":{"line":87,"column":2},"end":{"line":87,"column":24}},"30":{"start":{"line":89,"column":2},"end":{"line":89,"column":25}},"31":{"start":{"line":91,"column":2},"end":{"line":100,"column":5}},"32":{"start":{"line":103,"column":24},"end":{"line":129,"column":1}},"33":{"start":{"line":104,"column":22},"end":{"line":104,"column":35}},"34":{"start":{"line":105,"column":2},"end":{"line":105,"column":55}},"35":{"start":{"line":106,"column":26},"end":{"line":106,"column":63}},"36":{"start":{"line":108,"column":2},"end":{"line":110,"column":3}},"37":{"start":{"line":109,"column":4},"end":{"line":109,"column":67}},"38":{"start":{"line":112,"column":2},"end":{"line":114,"column":3}},"39":{"start":{"line":113,"column":4},"end":{"line":113,"column":72}},"40":{"start":{"line":116,"column":20},"end":{"line":120,"column":4}},"41":{"start":{"line":122,"column":2},"end":{"line":124,"column":3}},"42":{"start":{"line":123,"column":4},"end":{"line":123,"column":67}},"43":{"start":{"line":126,"column":2},"end":{"line":128,"column":62}},"44":{"start":{"line":131,"column":0},"end":{"line":137,"column":2}}},"fnMap":{"0":{"name":"(anonymous_0)","decl":{"start":{"line":5,"column":24},"end":{"line":5,"column":25}},"loc":{"start":{"line":5,"column":44},"end":{"line":9,"column":1}},"line":5},"1":{"name":"(anonymous_1)","decl":{"start":{"line":11,"column":21},"end":{"line":11,"column":22}},"loc":{"start":{"line":11,"column":41},"end":{"line":29,"column":1}},"line":11},"2":{"name":"(anonymous_2)","decl":{"start":{"line":31,"column":21},"end":{"line":31,"column":22}},"loc":{"start":{"line":31,"column":41},"end":{"line":58,"column":1}},"line":31},"3":{"name":"(anonymous_3)","decl":{"start":{"line":60,"column":24},"end":{"line":60,"column":25}},"loc":{"start":{"line":60,"column":44},"end":{"line":101,"column":1}},"line":60},"4":{"name":"(anonymous_4)","decl":{"start":{"line":103,"column":24},"end":{"line":103,"column":25}},"loc":{"start":{"line":103,"column":44},"end":{"line":129,"column":1}},"line":103}},"branchMap":{"0":{"loc":{"start":{"line":15,"column":2},"end":{"line":28,"column":3}},"type":"if","locations":[{"start":{"line":15,"column":2},"end":{"line":28,"column":3}},{"start":{"line":26,"column":9},"end":{"line":28,"column":3}}],"line":15},"1":{"loc":{"start":{"line":42,"column":2},"end":{"line":57,"column":3}},"type":"if","locations":[{"start":{"line":42,"column":2},"end":{"line":57,"column":3}},{"start":{"line":53,"column":9},"end":{"line":57,"column":3}}],"line":42},"2":{"loc":{"start":{"line":66,"column":2},"end":{"line":75,"column":3}},"type":"if","locations":[{"start":{"line":66,"column":2},"end":{"line":75,"column":3}},{"start":{},"end":{}}],"line":66},"3":{"loc":{"start":{"line":67,"column":4},"end":{"line":72,"column":9}},"type":"binary-expr","locations":[{"start":{"line":67,"column":4},"end":{"line":67,"column":11}},{"start":{"line":68,"column":4},"end":{"line":68,"column":13}},{"start":{"line":69,"column":4},"end":{"line":69,"column":9}},{"start":{"line":70,"column":4},"end":{"line":70,"column":20}},{"start":{"line":71,"column":4},"end":{"line":71,"column":25}},{"start":{"line":72,"column":4},"end":{"line":72,"column":9}}],"line":67},"4":{"loc":{"start":{"line":77,"column":2},"end":{"line":79,"column":3}},"type":"if","locations":[{"start":{"line":77,"column":2},"end":{"line":79,"column":3}},{"start":{},"end":{}}],"line":77},"5":{"loc":{"start":{"line":108,"column":2},"end":{"line":110,"column":3}},"type":"if","locations":[{"start":{"line":108,"column":2},"end":{"line":110,"column":3}},{"start":{},"end":{}}],"line":108},"6":{"loc":{"start":{"line":112,"column":2},"end":{"line":114,"column":3}},"type":"if","locations":[{"start":{"line":112,"column":2},"end":{"line":114,"column":3}},{"start":{},"end":{}}],"line":112},"7":{"loc":{"start":{"line":122,"column":2},"end":{"line":124,"column":3}},"type":"if","locations":[{"start":{"line":122,"column":2},"end":{"line":124,"column":3}},{"start":{},"end":{}}],"line":122}},"s":{"0":8,"1":8,"2":8,"3":8,"4":1,"5":1,"6":8,"7":2,"8":2,"9":2,"10":1,"11":1,"12":8,"13":1,"14":1,"15":1,"16":1,"17":0,"18":8,"19":3,"20":3,"21":1,"22":2,"23":1,"24":1,"25":1,"26":1,"27":1,"28":1,"29":1,"30":1,"31":1,"32":8,"33":3,"34":3,"35":3,"36":3,"37":1,"38":2,"39":1,"40":1,"41":1,"42":0,"43":1,"44":8},"f":{"0":1,"1":2,"2":1,"3":3,"4":3},"b":{"0":[1,1],"1":[1,0],"2":[1,2],"3":[3,3,3,2,2,2],"4":[1,1],"5":[1,2],"6":[1,1],"7":[0,1]},"_coverageSchema":"1a1c01bbd47fc00a2c39e90264f33305004495a9","hash":"62f54581dfff3dd60d048412cff1ce977b2ab718"}
,"/home/nighthawks/Desktop/UMS/FYP/Development/server/controllers/notification.js": {"path":"/home/nighthawks/Desktop/UMS/FYP/Development/server/controllers/notification.js","statementMap":{"0":{"start":{"line":1,"column":21},"end":{"line":1,"column":55}},"1":{"start":{"line":2,"column":24},"end":{"line":2,"column":52}},"2":{"start":{"line":3,"column":59},"end":{"line":3,"column":79}},"3":{"start":{"line":5,"column":28},"end":{"line":11,"column":1}},"4":{"start":{"line":6,"column":24},"end":{"line":6,"column":52}},"5":{"start":{"line":8,"column":2},"end":{"line":10,"column":58}},"6":{"start":{"line":13,"column":24},"end":{"line":33,"column":1}},"7":{"start":{"line":14,"column":23},"end":{"line":14,"column":65}},"8":{"start":{"line":16,"column":2},"end":{"line":32,"column":3}},"9":{"start":{"line":17,"column":4},"end":{"line":29,"column":7}},"10":{"start":{"line":31,"column":4},"end":{"line":31,"column":72}},"11":{"start":{"line":35,"column":24},"end":{"line":77,"column":1}},"12":{"start":{"line":45,"column":6},"end":{"line":45,"column":14}},"13":{"start":{"line":47,"column":23},"end":{"line":56,"column":4}},"14":{"start":{"line":58,"column":2},"end":{"line":76,"column":3}},"15":{"start":{"line":59,"column":4},"end":{"line":71,"column":7}},"16":{"start":{"line":73,"column":4},"end":{"line":75,"column":6}},"17":{"start":{"line":79,"column":27},"end":{"line":137,"column":1}},"18":{"start":{"line":92,"column":6},"end":{"line":92,"column":9}},"19":{"start":{"line":94,"column":2},"end":{"line":105,"column":3}},"20":{"start":{"line":104,"column":4},"end":{"line":104,"column":59}},"21":{"start":{"line":107,"column":2},"end":{"line":109,"column":3}},"22":{"start":{"line":108,"column":4},"end":{"line":108,"column":75}},"23":{"start":{"line":111,"column":23},"end":{"line":111,"column":66}},"24":{"start":{"line":113,"column":2},"end":{"line":113,"column":31}},"25":{"start":{"line":114,"column":2},"end":{"line":114,"column":35}},"26":{"start":{"line":115,"column":2},"end":{"line":115,"column":27}},"27":{"start":{"line":116,"column":2},"end":{"line":116,"column":37}},"28":{"start":{"line":117,"column":2},"end":{"line":117,"column":37}},"29":{"start":{"line":118,"column":2},"end":{"line":118,"column":33}},"30":{"start":{"line":119,"column":2},"end":{"line":119,"column":35}},"31":{"start":{"line":120,"column":2},"end":{"line":120,"column":33}},"32":{"start":{"line":122,"column":2},"end":{"line":122,"column":28}},"33":{"start":{"line":124,"column":2},"end":{"line":136,"column":5}},"34":{"start":{"line":139,"column":27},"end":{"line":165,"column":1}},"35":{"start":{"line":140,"column":25},"end":{"line":140,"column":38}},"36":{"start":{"line":142,"column":29},"end":{"line":142,"column":72}},"37":{"start":{"line":144,"column":2},"end":{"line":146,"column":3}},"38":{"start":{"line":145,"column":4},"end":{"line":145,"column":73}},"39":{"start":{"line":148,"column":2},"end":{"line":150,"column":3}},"40":{"start":{"line":149,"column":4},"end":{"line":149,"column":75}},"41":{"start":{"line":152,"column":23},"end":{"line":156,"column":4}},"42":{"start":{"line":158,"column":2},"end":{"line":160,"column":3}},"43":{"start":{"line":159,"column":4},"end":{"line":159,"column":73}},"44":{"start":{"line":162,"column":2},"end":{"line":164,"column":68}},"45":{"start":{"line":167,"column":0},"end":{"line":173,"column":2}}},"fnMap":{"0":{"name":"(anonymous_0)","decl":{"start":{"line":5,"column":28},"end":{"line":5,"column":29}},"loc":{"start":{"line":5,"column":48},"end":{"line":11,"column":1}},"line":5},"1":{"name":"(anonymous_1)","decl":{"start":{"line":13,"column":24},"end":{"line":13,"column":25}},"loc":{"start":{"line":13,"column":44},"end":{"line":33,"column":1}},"line":13},"2":{"name":"(anonymous_2)","decl":{"start":{"line":35,"column":24},"end":{"line":35,"column":25}},"loc":{"start":{"line":35,"column":44},"end":{"line":77,"column":1}},"line":35},"3":{"name":"(anonymous_3)","decl":{"start":{"line":79,"column":27},"end":{"line":79,"column":28}},"loc":{"start":{"line":79,"column":47},"end":{"line":137,"column":1}},"line":79},"4":{"name":"(anonymous_4)","decl":{"start":{"line":139,"column":27},"end":{"line":139,"column":28}},"loc":{"start":{"line":139,"column":47},"end":{"line":165,"column":1}},"line":139}},"branchMap":{"0":{"loc":{"start":{"line":16,"column":2},"end":{"line":32,"column":3}},"type":"if","locations":[{"start":{"line":16,"column":2},"end":{"line":32,"column":3}},{"start":{"line":30,"column":9},"end":{"line":32,"column":3}}],"line":16},"1":{"loc":{"start":{"line":58,"column":2},"end":{"line":76,"column":3}},"type":"if","locations":[{"start":{"line":58,"column":2},"end":{"line":76,"column":3}},{"start":{"line":72,"column":9},"end":{"line":76,"column":3}}],"line":58},"2":{"loc":{"start":{"line":94,"column":2},"end":{"line":105,"column":3}},"type":"if","locations":[{"start":{"line":94,"column":2},"end":{"line":105,"column":3}},{"start":{},"end":{}}],"line":94},"3":{"loc":{"start":{"line":95,"column":4},"end":{"line":102,"column":12}},"type":"binary-expr","locations":[{"start":{"line":95,"column":4},"end":{"line":95,"column":11}},{"start":{"line":96,"column":4},"end":{"line":96,"column":13}},{"start":{"line":97,"column":4},"end":{"line":97,"column":9}},{"start":{"line":98,"column":4},"end":{"line":98,"column":14}},{"start":{"line":99,"column":4},"end":{"line":99,"column":14}},{"start":{"line":100,"column":4},"end":{"line":100,"column":12}},{"start":{"line":101,"column":4},"end":{"line":101,"column":13}},{"start":{"line":102,"column":4},"end":{"line":102,"column":12}}],"line":95},"4":{"loc":{"start":{"line":107,"column":2},"end":{"line":109,"column":3}},"type":"if","locations":[{"start":{"line":107,"column":2},"end":{"line":109,"column":3}},{"start":{},"end":{}}],"line":107},"5":{"loc":{"start":{"line":144,"column":2},"end":{"line":146,"column":3}},"type":"if","locations":[{"start":{"line":144,"column":2},"end":{"line":146,"column":3}},{"start":{},"end":{}}],"line":144},"6":{"loc":{"start":{"line":148,"column":2},"end":{"line":150,"column":3}},"type":"if","locations":[{"start":{"line":148,"column":2},"end":{"line":150,"column":3}},{"start":{},"end":{}}],"line":148},"7":{"loc":{"start":{"line":158,"column":2},"end":{"line":160,"column":3}},"type":"if","locations":[{"start":{"line":158,"column":2},"end":{"line":160,"column":3}},{"start":{},"end":{}}],"line":158}},"s":{"0":8,"1":8,"2":8,"3":8,"4":1,"5":1,"6":8,"7":2,"8":2,"9":1,"10":1,"11":8,"12":1,"13":1,"14":1,"15":1,"16":0,"17":8,"18":3,"19":3,"20":1,"21":2,"22":1,"23":1,"24":1,"25":1,"26":1,"27":1,"28":1,"29":1,"30":1,"31":1,"32":1,"33":1,"34":8,"35":3,"36":3,"37":3,"38":1,"39":2,"40":1,"41":1,"42":1,"43":0,"44":1,"45":8},"f":{"0":1,"1":2,"2":1,"3":3,"4":3},"b":{"0":[1,1],"1":[1,0],"2":[1,2],"3":[3,3,3,2,2,2,2,2],"4":[1,1],"5":[1,2],"6":[1,1],"7":[0,1]},"_coverageSchema":"1a1c01bbd47fc00a2c39e90264f33305004495a9","hash":"8f8afb97553be900ba79eacdbe18929ef17cba2f"}
,"/home/nighthawks/Desktop/UMS/FYP/Development/server/controllers/sensor.js": {"path":"/home/nighthawks/Desktop/UMS/FYP/Development/server/controllers/sensor.js","statementMap":{"0":{"start":{"line":1,"column":15},"end":{"line":1,"column":43}},"1":{"start":{"line":2,"column":24},"end":{"line":2,"column":52}},"2":{"start":{"line":3,"column":43},"end":{"line":3,"column":63}},"3":{"start":{"line":5,"column":22},"end":{"line":9,"column":1}},"4":{"start":{"line":6,"column":18},"end":{"line":6,"column":40}},"5":{"start":{"line":8,"column":2},"end":{"line":8,"column":70}},"6":{"start":{"line":11,"column":18},"end":{"line":29,"column":1}},"7":{"start":{"line":12,"column":17},"end":{"line":12,"column":53}},"8":{"start":{"line":14,"column":2},"end":{"line":28,"column":3}},"9":{"start":{"line":15,"column":4},"end":{"line":25,"column":7}},"10":{"start":{"line":27,"column":4},"end":{"line":27,"column":66}},"11":{"start":{"line":31,"column":18},"end":{"line":58,"column":1}},"12":{"start":{"line":32,"column":53},"end":{"line":32,"column":61}},"13":{"start":{"line":34,"column":17},"end":{"line":41,"column":4}},"14":{"start":{"line":43,"column":2},"end":{"line":57,"column":3}},"15":{"start":{"line":44,"column":4},"end":{"line":54,"column":7}},"16":{"start":{"line":56,"column":4},"end":{"line":56,"column":78}},"17":{"start":{"line":60,"column":21},"end":{"line":93,"column":1}},"18":{"start":{"line":64,"column":6},"end":{"line":64,"column":9}},"19":{"start":{"line":66,"column":17},"end":{"line":66,"column":48}},"20":{"start":{"line":68,"column":2},"end":{"line":68,"column":27}},"21":{"start":{"line":69,"column":2},"end":{"line":69,"column":21}},"22":{"start":{"line":70,"column":2},"end":{"line":70,"column":19}},"23":{"start":{"line":71,"column":2},"end":{"line":71,"column":21}},"24":{"start":{"line":72,"column":2},"end":{"line":72,"column":23}},"25":{"start":{"line":73,"column":2},"end":{"line":73,"column":23}},"26":{"start":{"line":75,"column":2},"end":{"line":77,"column":3}},"27":{"start":{"line":76,"column":4},"end":{"line":76,"column":59}},"28":{"start":{"line":79,"column":2},"end":{"line":79,"column":22}},"29":{"start":{"line":81,"column":2},"end":{"line":92,"column":5}},"30":{"start":{"line":95,"column":21},"end":{"line":108,"column":1}},"31":{"start":{"line":96,"column":19},"end":{"line":96,"column":32}},"32":{"start":{"line":97,"column":17},"end":{"line":101,"column":4}},"33":{"start":{"line":103,"column":2},"end":{"line":105,"column":3}},"34":{"start":{"line":104,"column":4},"end":{"line":104,"column":61}},"35":{"start":{"line":107,"column":2},"end":{"line":107,"column":80}},"36":{"start":{"line":110,"column":0},"end":{"line":116,"column":2}}},"fnMap":{"0":{"name":"(anonymous_0)","decl":{"start":{"line":5,"column":22},"end":{"line":5,"column":23}},"loc":{"start":{"line":5,"column":42},"end":{"line":9,"column":1}},"line":5},"1":{"name":"(anonymous_1)","decl":{"start":{"line":11,"column":18},"end":{"line":11,"column":19}},"loc":{"start":{"line":11,"column":38},"end":{"line":29,"column":1}},"line":11},"2":{"name":"(anonymous_2)","decl":{"start":{"line":31,"column":18},"end":{"line":31,"column":19}},"loc":{"start":{"line":31,"column":38},"end":{"line":58,"column":1}},"line":31},"3":{"name":"(anonymous_3)","decl":{"start":{"line":60,"column":21},"end":{"line":60,"column":22}},"loc":{"start":{"line":60,"column":41},"end":{"line":93,"column":1}},"line":60},"4":{"name":"(anonymous_4)","decl":{"start":{"line":95,"column":21},"end":{"line":95,"column":22}},"loc":{"start":{"line":95,"column":41},"end":{"line":108,"column":1}},"line":95}},"branchMap":{"0":{"loc":{"start":{"line":14,"column":2},"end":{"line":28,"column":3}},"type":"if","locations":[{"start":{"line":14,"column":2},"end":{"line":28,"column":3}},{"start":{"line":26,"column":9},"end":{"line":28,"column":3}}],"line":14},"1":{"loc":{"start":{"line":43,"column":2},"end":{"line":57,"column":3}},"type":"if","locations":[{"start":{"line":43,"column":2},"end":{"line":57,"column":3}},{"start":{"line":55,"column":9},"end":{"line":57,"column":3}}],"line":43},"2":{"loc":{"start":{"line":75,"column":2},"end":{"line":77,"column":3}},"type":"if","locations":[{"start":{"line":75,"column":2},"end":{"line":77,"column":3}},{"start":{},"end":{}}],"line":75},"3":{"loc":{"start":{"line":75,"column":6},"end":{"line":75,"column":60}},"type":"binary-expr","locations":[{"start":{"line":75,"column":6},"end":{"line":75,"column":14}},{"start":{"line":75,"column":18},"end":{"line":75,"column":23}},{"start":{"line":75,"column":27},"end":{"line":75,"column":31}},{"start":{"line":75,"column":35},"end":{"line":75,"column":40}},{"start":{"line":75,"column":44},"end":{"line":75,"column":50}},{"start":{"line":75,"column":54},"end":{"line":75,"column":60}}],"line":75},"4":{"loc":{"start":{"line":103,"column":2},"end":{"line":105,"column":3}},"type":"if","locations":[{"start":{"line":103,"column":2},"end":{"line":105,"column":3}},{"start":{},"end":{}}],"line":103}},"s":{"0":8,"1":8,"2":8,"3":8,"4":1,"5":1,"6":8,"7":2,"8":2,"9":1,"10":1,"11":8,"12":1,"13":1,"14":1,"15":1,"16":0,"17":8,"18":2,"19":2,"20":2,"21":2,"22":2,"23":2,"24":2,"25":2,"26":2,"27":1,"28":1,"29":1,"30":8,"31":2,"32":2,"33":2,"34":1,"35":1,"36":8},"f":{"0":1,"1":2,"2":1,"3":2,"4":2},"b":{"0":[1,1],"1":[1,0],"2":[1,1],"3":[2,2,1,1,1,1],"4":[1,1]},"_coverageSchema":"1a1c01bbd47fc00a2c39e90264f33305004495a9","hash":"e367296279176f0bf63436dea96088e2862c32d5"}
,"/home/nighthawks/Desktop/UMS/FYP/Development/server/controllers/sensorControl.js": {"path":"/home/nighthawks/Desktop/UMS/FYP/Development/server/controllers/sensorControl.js","statementMap":{"0":{"start":{"line":1,"column":22},"end":{"line":1,"column":57}},"1":{"start":{"line":2,"column":24},"end":{"line":2,"column":52}},"2":{"start":{"line":3,"column":43},"end":{"line":3,"column":63}},"3":{"start":{"line":5,"column":29},"end":{"line":11,"column":1}},"4":{"start":{"line":6,"column":25},"end":{"line":6,"column":54}},"5":{"start":{"line":8,"column":2},"end":{"line":10,"column":60}},"6":{"start":{"line":13,"column":25},"end":{"line":30,"column":1}},"7":{"start":{"line":14,"column":26},"end":{"line":14,"column":39}},"8":{"start":{"line":16,"column":24},"end":{"line":16,"column":69}},"9":{"start":{"line":18,"column":2},"end":{"line":29,"column":3}},"10":{"start":{"line":19,"column":4},"end":{"line":26,"column":7}},"11":{"start":{"line":28,"column":4},"end":{"line":28,"column":76}},"12":{"start":{"line":32,"column":25},"end":{"line":55,"column":1}},"13":{"start":{"line":33,"column":38},"end":{"line":33,"column":46}},"14":{"start":{"line":35,"column":24},"end":{"line":39,"column":4}},"15":{"start":{"line":41,"column":2},"end":{"line":54,"column":3}},"16":{"start":{"line":42,"column":4},"end":{"line":49,"column":7}},"17":{"start":{"line":51,"column":4},"end":{"line":53,"column":6}},"18":{"start":{"line":57,"column":0},"end":{"line":61,"column":2}}},"fnMap":{"0":{"name":"(anonymous_0)","decl":{"start":{"line":5,"column":29},"end":{"line":5,"column":30}},"loc":{"start":{"line":5,"column":49},"end":{"line":11,"column":1}},"line":5},"1":{"name":"(anonymous_1)","decl":{"start":{"line":13,"column":25},"end":{"line":13,"column":26}},"loc":{"start":{"line":13,"column":45},"end":{"line":30,"column":1}},"line":13},"2":{"name":"(anonymous_2)","decl":{"start":{"line":32,"column":25},"end":{"line":32,"column":26}},"loc":{"start":{"line":32,"column":45},"end":{"line":55,"column":1}},"line":32}},"branchMap":{"0":{"loc":{"start":{"line":18,"column":2},"end":{"line":29,"column":3}},"type":"if","locations":[{"start":{"line":18,"column":2},"end":{"line":29,"column":3}},{"start":{"line":27,"column":9},"end":{"line":29,"column":3}}],"line":18},"1":{"loc":{"start":{"line":41,"column":2},"end":{"line":54,"column":3}},"type":"if","locations":[{"start":{"line":41,"column":2},"end":{"line":54,"column":3}},{"start":{"line":50,"column":9},"end":{"line":54,"column":3}}],"line":41}},"s":{"0":8,"1":8,"2":8,"3":8,"4":1,"5":1,"6":8,"7":2,"8":2,"9":2,"10":1,"11":1,"12":8,"13":1,"14":1,"15":1,"16":1,"17":0,"18":8},"f":{"0":1,"1":2,"2":1},"b":{"0":[1,1],"1":[1,0]},"_coverageSchema":"1a1c01bbd47fc00a2c39e90264f33305004495a9","hash":"ab6b3596a10bd7110e501bf31cb7ecebc85ac6f2"}
,"/home/nighthawks/Desktop/UMS/FYP/Development/server/controllers/sensorData.js": {"path":"/home/nighthawks/Desktop/UMS/FYP/Development/server/controllers/sensorData.js","statementMap":{"0":{"start":{"line":1,"column":19},"end":{"line":1,"column":50}},"1":{"start":{"line":2,"column":24},"end":{"line":2,"column":52}},"2":{"start":{"line":3,"column":43},"end":{"line":3,"column":63}},"3":{"start":{"line":5,"column":25},"end":{"line":9,"column":1}},"4":{"start":{"line":6,"column":21},"end":{"line":6,"column":47}},"5":{"start":{"line":8,"column":2},"end":{"line":8,"column":76}},"6":{"start":{"line":11,"column":22},"end":{"line":27,"column":1}},"7":{"start":{"line":12,"column":23},"end":{"line":12,"column":36}},"8":{"start":{"line":13,"column":21},"end":{"line":13,"column":60}},"9":{"start":{"line":15,"column":2},"end":{"line":26,"column":3}},"10":{"start":{"line":16,"column":4},"end":{"line":23,"column":7}},"11":{"start":{"line":25,"column":4},"end":{"line":25,"column":70}},"12":{"start":{"line":29,"column":22},"end":{"line":52,"column":1}},"13":{"start":{"line":30,"column":35},"end":{"line":30,"column":43}},"14":{"start":{"line":32,"column":21},"end":{"line":36,"column":4}},"15":{"start":{"line":38,"column":2},"end":{"line":51,"column":3}},"16":{"start":{"line":39,"column":4},"end":{"line":46,"column":7}},"17":{"start":{"line":48,"column":4},"end":{"line":50,"column":6}},"18":{"start":{"line":54,"column":0},"end":{"line":54,"column":68}}},"fnMap":{"0":{"name":"(anonymous_0)","decl":{"start":{"line":5,"column":25},"end":{"line":5,"column":26}},"loc":{"start":{"line":5,"column":45},"end":{"line":9,"column":1}},"line":5},"1":{"name":"(anonymous_1)","decl":{"start":{"line":11,"column":22},"end":{"line":11,"column":23}},"loc":{"start":{"line":11,"column":42},"end":{"line":27,"column":1}},"line":11},"2":{"name":"(anonymous_2)","decl":{"start":{"line":29,"column":22},"end":{"line":29,"column":23}},"loc":{"start":{"line":29,"column":42},"end":{"line":52,"column":1}},"line":29}},"branchMap":{"0":{"loc":{"start":{"line":15,"column":2},"end":{"line":26,"column":3}},"type":"if","locations":[{"start":{"line":15,"column":2},"end":{"line":26,"column":3}},{"start":{"line":24,"column":9},"end":{"line":26,"column":3}}],"line":15},"1":{"loc":{"start":{"line":38,"column":2},"end":{"line":51,"column":3}},"type":"if","locations":[{"start":{"line":38,"column":2},"end":{"line":51,"column":3}},{"start":{"line":47,"column":9},"end":{"line":51,"column":3}}],"line":38}},"s":{"0":8,"1":8,"2":8,"3":8,"4":1,"5":1,"6":8,"7":2,"8":2,"9":2,"10":1,"11":1,"12":8,"13":1,"14":1,"15":1,"16":1,"17":0,"18":8},"f":{"0":1,"1":2,"2":1},"b":{"0":[1,1],"1":[1,0]},"_coverageSchema":"1a1c01bbd47fc00a2c39e90264f33305004495a9","hash":"81a799431a547edbe40122527e363e4c78eda8f6"}
,"/home/nighthawks/Desktop/UMS/FYP/Development/server/controllers/user.js": {"path":"/home/nighthawks/Desktop/UMS/FYP/Development/server/controllers/user.js","statementMap":{"0":{"start":{"line":1,"column":13},"end":{"line":1,"column":39}},"1":{"start":{"line":2,"column":24},"end":{"line":2,"column":52}},"2":{"start":{"line":3,"column":43},"end":{"line":3,"column":63}},"3":{"start":{"line":4,"column":15},"end":{"line":4,"column":32}},"4":{"start":{"line":6,"column":16},"end":{"line":33,"column":1}},"5":{"start":{"line":7,"column":49},"end":{"line":7,"column":57}},"6":{"start":{"line":9,"column":15},"end":{"line":15,"column":4}},"7":{"start":{"line":17,"column":16},"end":{"line":17,"column":34}},"8":{"start":{"line":18,"column":2},"end":{"line":32,"column":3}},"9":{"start":{"line":19,"column":4},"end":{"line":29,"column":7}},"10":{"start":{"line":31,"column":4},"end":{"line":31,"column":77}},"11":{"start":{"line":35,"column":20},"end":{"line":39,"column":1}},"12":{"start":{"line":36,"column":16},"end":{"line":36,"column":36}},"13":{"start":{"line":38,"column":2},"end":{"line":38,"column":66}},"14":{"start":{"line":41,"column":16},"end":{"line":55,"column":1}},"15":{"start":{"line":42,"column":15},"end":{"line":42,"column":49}},"16":{"start":{"line":44,"column":2},"end":{"line":54,"column":3}},"17":{"start":{"line":45,"column":4},"end":{"line":51,"column":7}},"18":{"start":{"line":53,"column":4},"end":{"line":53,"column":64}},"19":{"start":{"line":57,"column":19},"end":{"line":134,"column":1}},"20":{"start":{"line":62,"column":6},"end":{"line":62,"column":9}},"21":{"start":{"line":64,"column":2},"end":{"line":66,"column":3}},"22":{"start":{"line":65,"column":4},"end":{"line":65,"column":59}},"23":{"start":{"line":68,"column":15},"end":{"line":68,"column":42}},"24":{"start":{"line":71,"column":18},"end":{"line":76,"column":3}},"25":{"start":{"line":78,"column":26},"end":{"line":78,"column":71}},"26":{"start":{"line":80,"column":2},"end":{"line":80,"column":21}},"27":{"start":{"line":81,"column":2},"end":{"line":81,"column":19}},"28":{"start":{"line":82,"column":2},"end":{"line":82,"column":27}},"29":{"start":{"line":83,"column":2},"end":{"line":83,"column":19}},"30":{"start":{"line":85,"column":18},"end":{"line":85,"column":35}},"31":{"start":{"line":89,"column":2},"end":{"line":133,"column":3}},"32":{"start":{"line":100,"column":18},"end":{"line":100,"column":36}},"33":{"start":{"line":101,"column":4},"end":{"line":101,"column":27}},"34":{"start":{"line":102,"column":4},"end":{"line":107,"column":7}},"35":{"start":{"line":109,"column":4},"end":{"line":119,"column":7}},"36":{"start":{"line":123,"column":4},"end":{"line":132,"column":7}},"37":{"start":{"line":136,"column":19},"end":{"line":149,"column":1}},"38":{"start":{"line":137,"column":15},"end":{"line":141,"column":4}},"39":{"start":{"line":142,"column":2},"end":{"line":144,"column":3}},"40":{"start":{"line":143,"column":4},"end":{"line":143,"column":64}},"41":{"start":{"line":146,"column":2},"end":{"line":148,"column":59}},"42":{"start":{"line":151,"column":0},"end":{"line":157,"column":2}}},"fnMap":{"0":{"name":"(anonymous_0)","decl":{"start":{"line":6,"column":16},"end":{"line":6,"column":17}},"loc":{"start":{"line":6,"column":36},"end":{"line":33,"column":1}},"line":6},"1":{"name":"(anonymous_1)","decl":{"start":{"line":35,"column":20},"end":{"line":35,"column":21}},"loc":{"start":{"line":35,"column":40},"end":{"line":39,"column":1}},"line":35},"2":{"name":"(anonymous_2)","decl":{"start":{"line":41,"column":16},"end":{"line":41,"column":17}},"loc":{"start":{"line":41,"column":36},"end":{"line":55,"column":1}},"line":41},"3":{"name":"(anonymous_3)","decl":{"start":{"line":57,"column":19},"end":{"line":57,"column":20}},"loc":{"start":{"line":57,"column":39},"end":{"line":134,"column":1}},"line":57},"4":{"name":"(anonymous_4)","decl":{"start":{"line":136,"column":19},"end":{"line":136,"column":20}},"loc":{"start":{"line":136,"column":39},"end":{"line":149,"column":1}},"line":136}},"branchMap":{"0":{"loc":{"start":{"line":18,"column":2},"end":{"line":32,"column":3}},"type":"if","locations":[{"start":{"line":18,"column":2},"end":{"line":32,"column":3}},{"start":{"line":30,"column":9},"end":{"line":32,"column":3}}],"line":18},"1":{"loc":{"start":{"line":44,"column":2},"end":{"line":54,"column":3}},"type":"if","locations":[{"start":{"line":44,"column":2},"end":{"line":54,"column":3}},{"start":{"line":52,"column":9},"end":{"line":54,"column":3}}],"line":44},"2":{"loc":{"start":{"line":64,"column":2},"end":{"line":66,"column":3}},"type":"if","locations":[{"start":{"line":64,"column":2},"end":{"line":66,"column":3}},{"start":{},"end":{}}],"line":64},"3":{"loc":{"start":{"line":64,"column":6},"end":{"line":64,"column":43}},"type":"binary-expr","locations":[{"start":{"line":64,"column":6},"end":{"line":64,"column":11}},{"start":{"line":64,"column":15},"end":{"line":64,"column":21}},{"start":{"line":64,"column":25},"end":{"line":64,"column":34}},{"start":{"line":64,"column":38},"end":{"line":64,"column":43}}],"line":64},"4":{"loc":{"start":{"line":89,"column":2},"end":{"line":133,"column":3}},"type":"if","locations":[{"start":{"line":89,"column":2},"end":{"line":133,"column":3}},{"start":{"line":122,"column":7},"end":{"line":133,"column":3}}],"line":89},"5":{"loc":{"start":{"line":90,"column":4},"end":{"line":98,"column":23}},"type":"binary-expr","locations":[{"start":{"line":90,"column":4},"end":{"line":90,"column":20}},{"start":{"line":91,"column":5},"end":{"line":97,"column":8}},{"start":{"line":98,"column":6},"end":{"line":98,"column":22}}],"line":90},"6":{"loc":{"start":{"line":142,"column":2},"end":{"line":144,"column":3}},"type":"if","locations":[{"start":{"line":142,"column":2},"end":{"line":144,"column":3}},{"start":{},"end":{}}],"line":142}},"s":{"0":8,"1":8,"2":8,"3":8,"4":8,"5":1,"6":1,"7":1,"8":1,"9":1,"10":0,"11":8,"12":1,"13":1,"14":8,"15":2,"16":2,"17":1,"18":1,"19":8,"20":3,"21":3,"22":1,"23":2,"24":2,"25":2,"26":2,"27":2,"28":2,"29":2,"30":2,"31":2,"32":1,"33":1,"34":1,"35":1,"36":1,"37":8,"38":3,"39":3,"40":1,"41":2,"42":8},"f":{"0":1,"1":1,"2":2,"3":3,"4":3},"b":{"0":[1,0],"1":[1,1],"2":[1,2],"3":[3,3,3,3],"4":[1,1],"5":[2,1,0],"6":[1,2]},"_coverageSchema":"1a1c01bbd47fc00a2c39e90264f33305004495a9","hash":"4375eb172b9a3e79bce5dbef765ae6b4c9861f45"}
,"/home/nighthawks/Desktop/UMS/FYP/Development/server/db/connect.js": {"path":"/home/nighthawks/Desktop/UMS/FYP/Development/server/db/connect.js","statementMap":{"0":{"start":{"line":1,"column":22},"end":{"line":1,"column":42}},"1":{"start":{"line":2,"column":0},"end":{"line":2,"column":27}},"2":{"start":{"line":4,"column":18},"end":{"line":18,"column":1}},"3":{"start":{"line":20,"column":0},"end":{"line":20,"column":27}}},"fnMap":{},"branchMap":{},"s":{"0":8,"1":8,"2":8,"3":8},"f":{},"b":{},"_coverageSchema":"1a1c01bbd47fc00a2c39e90264f33305004495a9","hash":"b7c65fa841895cf6bd7839a95e4eec1be75745f0"}
,"/home/nighthawks/Desktop/UMS/FYP/Development/server/errors/bad-request.js": {"path":"/home/nighthawks/Desktop/UMS/FYP/Development/server/errors/bad-request.js","statementMap":{"0":{"start":{"line":1,"column":24},"end":{"line":1,"column":52}},"1":{"start":{"line":2,"column":23},"end":{"line":2,"column":46}},"2":{"start":{"line":3,"column":10},"end":{"line":3,"column":25}},"3":{"start":{"line":7,"column":4},"end":{"line":7,"column":19}},"4":{"start":{"line":8,"column":4},"end":{"line":8,"column":46}},"5":{"start":{"line":12,"column":0},"end":{"line":12,"column":33}}},"fnMap":{"0":{"name":"(anonymous_0)","decl":{"start":{"line":6,"column":2},"end":{"line":6,"column":3}},"loc":{"start":{"line":6,"column":23},"end":{"line":9,"column":3}},"line":6}},"branchMap":{},"s":{"0":8,"1":8,"2":8,"3":8,"4":8,"5":8},"f":{"0":8},"b":{},"_coverageSchema":"1a1c01bbd47fc00a2c39e90264f33305004495a9","hash":"156cff40de17c5490884b495d0f5c918181655c5"}
,"/home/nighthawks/Desktop/UMS/FYP/Development/server/errors/custom-api.js": {"path":"/home/nighthawks/Desktop/UMS/FYP/Development/server/errors/custom-api.js","statementMap":{"0":{"start":{"line":3,"column":4},"end":{"line":3,"column":19}},"1":{"start":{"line":7,"column":0},"end":{"line":7,"column":32}}},"fnMap":{"0":{"name":"(anonymous_0)","decl":{"start":{"line":2,"column":2},"end":{"line":2,"column":3}},"loc":{"start":{"line":2,"column":23},"end":{"line":4,"column":3}},"line":2}},"branchMap":{},"s":{"0":45,"1":8},"f":{"0":45},"b":{},"_coverageSchema":"1a1c01bbd47fc00a2c39e90264f33305004495a9","hash":"a76d63bd80631ccceb5e16f4652f748a42719070"}
,"/home/nighthawks/Desktop/UMS/FYP/Development/server/errors/forbidden.js": {"path":"/home/nighthawks/Desktop/UMS/FYP/Development/server/errors/forbidden.js","statementMap":{"0":{"start":{"line":1,"column":24},"end":{"line":1,"column":52}},"1":{"start":{"line":2,"column":23},"end":{"line":2,"column":46}},"2":{"start":{"line":6,"column":4},"end":{"line":6,"column":19}},"3":{"start":{"line":7,"column":4},"end":{"line":7,"column":44}},"4":{"start":{"line":11,"column":0},"end":{"line":11,"column":32}}},"fnMap":{"0":{"name":"(anonymous_0)","decl":{"start":{"line":5,"column":2},"end":{"line":5,"column":3}},"loc":{"start":{"line":5,"column":23},"end":{"line":8,"column":3}},"line":5}},"branchMap":{},"s":{"0":8,"1":8,"2":4,"3":4,"4":8},"f":{"0":4},"b":{},"_coverageSchema":"1a1c01bbd47fc00a2c39e90264f33305004495a9","hash":"757861823adce568815ac75c76d364487887402e"}
,"/home/nighthawks/Desktop/UMS/FYP/Development/server/errors/index.js": {"path":"/home/nighthawks/Desktop/UMS/FYP/Development/server/errors/index.js","statementMap":{"0":{"start":{"line":1,"column":23},"end":{"line":1,"column":46}},"1":{"start":{"line":2,"column":29},"end":{"line":2,"column":57}},"2":{"start":{"line":3,"column":22},"end":{"line":3,"column":44}},"3":{"start":{"line":4,"column":24},"end":{"line":4,"column":48}},"4":{"start":{"line":5,"column":23},"end":{"line":5,"column":45}},"5":{"start":{"line":7,"column":0},"end":{"line":13,"column":2}}},"fnMap":{},"branchMap":{},"s":{"0":8,"1":8,"2":8,"3":8,"4":8,"5":8},"f":{},"b":{},"_coverageSchema":"1a1c01bbd47fc00a2c39e90264f33305004495a9","hash":"9e3a462965d821e292b94517d7865f1f81aa9d52"}
,"/home/nighthawks/Desktop/UMS/FYP/Development/server/errors/not-found.js": {"path":"/home/nighthawks/Desktop/UMS/FYP/Development/server/errors/not-found.js","statementMap":{"0":{"start":{"line":1,"column":24},"end":{"line":1,"column":52}},"1":{"start":{"line":2,"column":23},"end":{"line":2,"column":46}},"2":{"start":{"line":6,"column":4},"end":{"line":6,"column":19}},"3":{"start":{"line":7,"column":4},"end":{"line":7,"column":44}},"4":{"start":{"line":11,"column":0},"end":{"line":11,"column":31}}},"fnMap":{"0":{"name":"(anonymous_0)","decl":{"start":{"line":5,"column":2},"end":{"line":5,"column":3}},"loc":{"start":{"line":5,"column":23},"end":{"line":8,"column":3}},"line":5}},"branchMap":{},"s":{"0":8,"1":8,"2":12,"3":12,"4":8},"f":{"0":12},"b":{},"_coverageSchema":"1a1c01bbd47fc00a2c39e90264f33305004495a9","hash":"aeb6d9947b89d1cf8cc9581bdc66e19aeff654da"}
,"/home/nighthawks/Desktop/UMS/FYP/Development/server/errors/unauthenticated.js": {"path":"/home/nighthawks/Desktop/UMS/FYP/Development/server/errors/unauthenticated.js","statementMap":{"0":{"start":{"line":1,"column":24},"end":{"line":1,"column":52}},"1":{"start":{"line":2,"column":23},"end":{"line":2,"column":46}},"2":{"start":{"line":6,"column":4},"end":{"line":6,"column":19}},"3":{"start":{"line":7,"column":4},"end":{"line":7,"column":47}},"4":{"start":{"line":11,"column":0},"end":{"line":11,"column":38}}},"fnMap":{"0":{"name":"(anonymous_0)","decl":{"start":{"line":5,"column":2},"end":{"line":5,"column":3}},"loc":{"start":{"line":5,"column":23},"end":{"line":8,"column":3}},"line":5}},"branchMap":{},"s":{"0":8,"1":8,"2":21,"3":21,"4":8},"f":{"0":21},"b":{},"_coverageSchema":"1a1c01bbd47fc00a2c39e90264f33305004495a9","hash":"fe93e027179dc1ce9b2221c19a9ba66b130e7fd0"}
,"/home/nighthawks/Desktop/UMS/FYP/Development/server/middleware/authenticationAdmin.js": {"path":"/home/nighthawks/Desktop/UMS/FYP/Development/server/middleware/authenticationAdmin.js","statementMap":{"0":{"start":{"line":1,"column":12},"end":{"line":1,"column":35}},"1":{"start":{"line":2,"column":33},"end":{"line":2,"column":53}},"2":{"start":{"line":3,"column":0},"end":{"line":3,"column":27}},"3":{"start":{"line":5,"column":17},"end":{"line":32,"column":1}},"4":{"start":{"line":6,"column":21},"end":{"line":6,"column":46}},"5":{"start":{"line":7,"column":2},"end":{"line":9,"column":3}},"6":{"start":{"line":8,"column":4},"end":{"line":8,"column":61}},"7":{"start":{"line":11,"column":16},"end":{"line":11,"column":40}},"8":{"start":{"line":12,"column":2},"end":{"line":31,"column":3}},"9":{"start":{"line":13,"column":20},"end":{"line":13,"column":61}},"10":{"start":{"line":17,"column":4},"end":{"line":22,"column":6}},"11":{"start":{"line":24,"column":4},"end":{"line":26,"column":5}},"12":{"start":{"line":25,"column":6},"end":{"line":25,"column":63}},"13":{"start":{"line":28,"column":4},"end":{"line":28,"column":11}},"14":{"start":{"line":30,"column":4},"end":{"line":30,"column":61}},"15":{"start":{"line":34,"column":0},"end":{"line":34,"column":26}}},"fnMap":{"0":{"name":"(anonymous_0)","decl":{"start":{"line":5,"column":17},"end":{"line":5,"column":18}},"loc":{"start":{"line":5,"column":43},"end":{"line":32,"column":1}},"line":5}},"branchMap":{"0":{"loc":{"start":{"line":7,"column":2},"end":{"line":9,"column":3}},"type":"if","locations":[{"start":{"line":7,"column":2},"end":{"line":9,"column":3}},{"start":{},"end":{}}],"line":7},"1":{"loc":{"start":{"line":7,"column":6},"end":{"line":7,"column":53}},"type":"binary-expr","locations":[{"start":{"line":7,"column":6},"end":{"line":7,"column":17}},{"start":{"line":7,"column":21},"end":{"line":7,"column":53}}],"line":7},"2":{"loc":{"start":{"line":24,"column":4},"end":{"line":26,"column":5}},"type":"if","locations":[{"start":{"line":24,"column":4},"end":{"line":26,"column":5}},{"start":{},"end":{}}],"line":24}},"s":{"0":8,"1":8,"2":8,"3":8,"4":28,"5":28,"6":1,"7":27,"8":27,"9":27,"10":27,"11":27,"12":9,"13":18,"14":9,"15":8},"f":{"0":28},"b":{"0":[1,27],"1":[28,27],"2":[9,18]},"_coverageSchema":"1a1c01bbd47fc00a2c39e90264f33305004495a9","hash":"b8ffdf574d7af211fff479136cede9cb14d9c9b4"}
,"/home/nighthawks/Desktop/UMS/FYP/Development/server/middleware/authenticationUser.js": {"path":"/home/nighthawks/Desktop/UMS/FYP/Development/server/middleware/authenticationUser.js","statementMap":{"0":{"start":{"line":1,"column":12},"end":{"line":1,"column":35}},"1":{"start":{"line":2,"column":33},"end":{"line":2,"column":53}},"2":{"start":{"line":3,"column":0},"end":{"line":3,"column":27}},"3":{"start":{"line":5,"column":17},"end":{"line":26,"column":1}},"4":{"start":{"line":6,"column":21},"end":{"line":6,"column":46}},"5":{"start":{"line":7,"column":2},"end":{"line":9,"column":3}},"6":{"start":{"line":8,"column":4},"end":{"line":8,"column":61}},"7":{"start":{"line":11,"column":16},"end":{"line":11,"column":40}},"8":{"start":{"line":12,"column":2},"end":{"line":25,"column":3}},"9":{"start":{"line":13,"column":20},"end":{"line":13,"column":61}},"10":{"start":{"line":16,"column":4},"end":{"line":21,"column":6}},"11":{"start":{"line":22,"column":4},"end":{"line":22,"column":11}},"12":{"start":{"line":24,"column":4},"end":{"line":24,"column":61}},"13":{"start":{"line":28,"column":0},"end":{"line":28,"column":26}}},"fnMap":{"0":{"name":"(anonymous_0)","decl":{"start":{"line":5,"column":17},"end":{"line":5,"column":18}},"loc":{"start":{"line":5,"column":43},"end":{"line":26,"column":1}},"line":5}},"branchMap":{"0":{"loc":{"start":{"line":7,"column":2},"end":{"line":9,"column":3}},"type":"if","locations":[{"start":{"line":7,"column":2},"end":{"line":9,"column":3}},{"start":{},"end":{}}],"line":7},"1":{"loc":{"start":{"line":7,"column":6},"end":{"line":7,"column":53}},"type":"binary-expr","locations":[{"start":{"line":7,"column":6},"end":{"line":7,"column":17}},{"start":{"line":7,"column":21},"end":{"line":7,"column":53}}],"line":7}},"s":{"0":8,"1":8,"2":8,"3":8,"4":29,"5":29,"6":0,"7":29,"8":29,"9":29,"10":29,"11":29,"12":0,"13":8},"f":{"0":29},"b":{"0":[0,29],"1":[29,29]},"_coverageSchema":"1a1c01bbd47fc00a2c39e90264f33305004495a9","hash":"8b9c2b7ab575bba7dff97e562e7346767d26a8eb"}
,"/home/nighthawks/Desktop/UMS/FYP/Development/server/middleware/error-handler.js": {"path":"/home/nighthawks/Desktop/UMS/FYP/Development/server/middleware/error-handler.js","statementMap":{"0":{"start":{"line":1,"column":24},"end":{"line":1,"column":52}},"1":{"start":{"line":3,"column":31},"end":{"line":47,"column":1}},"2":{"start":{"line":4,"column":20},"end":{"line":7,"column":3}},"3":{"start":{"line":13,"column":2},"end":{"line":21,"column":3}},"4":{"start":{"line":14,"column":4},"end":{"line":14,"column":44}},"5":{"start":{"line":15,"column":4},"end":{"line":16,"column":73}},"6":{"start":{"line":17,"column":4},"end":{"line":19,"column":5}},"7":{"start":{"line":18,"column":6},"end":{"line":18,"column":52}},"8":{"start":{"line":20,"column":4},"end":{"line":20,"column":53}},"9":{"start":{"line":26,"column":2},"end":{"line":33,"column":3}},"10":{"start":{"line":30,"column":23},"end":{"line":30,"column":66}},"11":{"start":{"line":31,"column":4},"end":{"line":31,"column":84}},"12":{"start":{"line":32,"column":4},"end":{"line":32,"column":53}},"13":{"start":{"line":37,"column":2},"end":{"line":44,"column":3}},"14":{"start":{"line":38,"column":4},"end":{"line":38,"column":44}},"15":{"start":{"line":39,"column":4},"end":{"line":42,"column":5}},"16":{"start":{"line":40,"column":6},"end":{"line":40,"column":60}},"17":{"start":{"line":41,"column":6},"end":{"line":41,"column":35}},"18":{"start":{"line":43,"column":4},"end":{"line":43,"column":53}},"19":{"start":{"line":46,"column":2},"end":{"line":46,"column":75}},"20":{"start":{"line":49,"column":0},"end":{"line":49,"column":40}}},"fnMap":{"0":{"name":"(anonymous_0)","decl":{"start":{"line":3,"column":31},"end":{"line":3,"column":32}},"loc":{"start":{"line":3,"column":56},"end":{"line":47,"column":1}},"line":3}},"branchMap":{"0":{"loc":{"start":{"line":5,"column":16},"end":{"line":5,"column":67}},"type":"binary-expr","locations":[{"start":{"line":5,"column":16},"end":{"line":5,"column":30}},{"start":{"line":5,"column":34},"end":{"line":5,"column":67}}],"line":5},"1":{"loc":{"start":{"line":6,"column":9},"end":{"line":6,"column":62}},"type":"binary-expr","locations":[{"start":{"line":6,"column":9},"end":{"line":6,"column":20}},{"start":{"line":6,"column":24},"end":{"line":6,"column":62}}],"line":6},"2":{"loc":{"start":{"line":13,"column":2},"end":{"line":21,"column":3}},"type":"if","locations":[{"start":{"line":13,"column":2},"end":{"line":21,"column":3}},{"start":{},"end":{}}],"line":13},"3":{"loc":{"start":{"line":17,"column":4},"end":{"line":19,"column":5}},"type":"if","locations":[{"start":{"line":17,"column":4},"end":{"line":19,"column":5}},{"start":{},"end":{}}],"line":17},"4":{"loc":{"start":{"line":26,"column":2},"end":{"line":33,"column":3}},"type":"if","locations":[{"start":{"line":26,"column":2},"end":{"line":33,"column":3}},{"start":{},"end":{}}],"line":26},"5":{"loc":{"start":{"line":27,"column":4},"end":{"line":28,"column":45}},"type":"binary-expr","locations":[{"start":{"line":27,"column":4},"end":{"line":27,"column":41}},{"start":{"line":28,"column":4},"end":{"line":28,"column":45}}],"line":27},"6":{"loc":{"start":{"line":37,"column":2},"end":{"line":44,"column":3}},"type":"if","locations":[{"start":{"line":37,"column":2},"end":{"line":44,"column":3}},{"start":{},"end":{}}],"line":37},"7":{"loc":{"start":{"line":39,"column":4},"end":{"line":42,"column":5}},"type":"if","locations":[{"start":{"line":39,"column":4},"end":{"line":42,"column":5}},{"start":{},"end":{}}],"line":39}},"s":{"0":8,"1":8,"2":36,"3":36,"4":0,"5":0,"6":0,"7":0,"8":0,"9":36,"10":0,"11":0,"12":0,"13":36,"14":0,"15":0,"16":0,"17":0,"18":0,"19":36,"20":8},"f":{"0":36},"b":{"0":[36,0],"1":[36,0],"2":[0,36],"3":[0,0],"4":[0,36],"5":[36,0],"6":[0,36],"7":[0,0]},"_coverageSchema":"1a1c01bbd47fc00a2c39e90264f33305004495a9","hash":"1e614ec23d91c8f13afc7969f5e0a301d2b55de9"}
,"/home/nighthawks/Desktop/UMS/FYP/Development/server/middleware/not-found.js": {"path":"/home/nighthawks/Desktop/UMS/FYP/Development/server/middleware/not-found.js","statementMap":{"0":{"start":{"line":1,"column":17},"end":{"line":1,"column":75}},"1":{"start":{"line":1,"column":31},"end":{"line":1,"column":75}},"2":{"start":{"line":3,"column":0},"end":{"line":3,"column":26}}},"fnMap":{"0":{"name":"(anonymous_0)","decl":{"start":{"line":1,"column":17},"end":{"line":1,"column":18}},"loc":{"start":{"line":1,"column":31},"end":{"line":1,"column":75}},"line":1}},"branchMap":{},"s":{"0":8,"1":0,"2":8},"f":{"0":0},"b":{},"_coverageSchema":"1a1c01bbd47fc00a2c39e90264f33305004495a9","hash":"a252000d1b0edb4c60196b46e6e9e598a1706022"}
,"/home/nighthawks/Desktop/UMS/FYP/Development/server/models/Boards.js": {"path":"/home/nighthawks/Desktop/UMS/FYP/Development/server/models/Boards.js","statementMap":{"0":{"start":{"line":1,"column":33},"end":{"line":1,"column":53}},"1":{"start":{"line":2,"column":18},"end":{"line":2,"column":42}},"2":{"start":{"line":4,"column":19},"end":{"line":4,"column":37}},"3":{"start":{"line":6,"column":20},"end":{"line":87,"column":1}},"4":{"start":{"line":83,"column":8},"end":{"line":83,"column":37}},"5":{"start":{"line":89,"column":0},"end":{"line":89,"column":60}},"6":{"start":{"line":91,"column":0},"end":{"line":98,"column":5}},"7":{"start":{"line":94,"column":4},"end":{"line":94,"column":53}},"8":{"start":{"line":97,"column":4},"end":{"line":97,"column":58}},"9":{"start":{"line":100,"column":0},"end":{"line":100,"column":29}}},"fnMap":{"0":{"name":"(anonymous_0)","decl":{"start":{"line":82,"column":20},"end":{"line":82,"column":21}},"loc":{"start":{"line":82,"column":37},"end":{"line":84,"column":7}},"line":82},"1":{"name":"(anonymous_1)","decl":{"start":{"line":93,"column":8},"end":{"line":93,"column":9}},"loc":{"start":{"line":93,"column":14},"end":{"line":95,"column":3}},"line":93},"2":{"name":"(anonymous_2)","decl":{"start":{"line":96,"column":9},"end":{"line":96,"column":10}},"loc":{"start":{"line":96,"column":20},"end":{"line":98,"column":3}},"line":96}},"branchMap":{},"s":{"0":8,"1":8,"2":8,"3":8,"4":1,"5":8,"6":8,"7":8,"8":0,"9":8},"f":{"0":1,"1":8,"2":0},"b":{},"_coverageSchema":"1a1c01bbd47fc00a2c39e90264f33305004495a9","hash":"1bbdde496a249474357619f6b99c6c46a3b3cfa5"}
,"/home/nighthawks/Desktop/UMS/FYP/Development/server/models/Dashboards.js": {"path":"/home/nighthawks/Desktop/UMS/FYP/Development/server/models/Dashboards.js","statementMap":{"0":{"start":{"line":1,"column":33},"end":{"line":1,"column":53}},"1":{"start":{"line":2,"column":18},"end":{"line":2,"column":42}},"2":{"start":{"line":4,"column":19},"end":{"line":4,"column":37}},"3":{"start":{"line":5,"column":21},"end":{"line":5,"column":41}},"4":{"start":{"line":7,"column":24},"end":{"line":58,"column":1}},"5":{"start":{"line":60,"column":0},"end":{"line":60,"column":64}},"6":{"start":{"line":61,"column":0},"end":{"line":61,"column":68}},"7":{"start":{"line":63,"column":0},"end":{"line":70,"column":5}},"8":{"start":{"line":66,"column":4},"end":{"line":66,"column":57}},"9":{"start":{"line":69,"column":4},"end":{"line":69,"column":63}},"10":{"start":{"line":72,"column":0},"end":{"line":72,"column":33}}},"fnMap":{"0":{"name":"(anonymous_0)","decl":{"start":{"line":65,"column":8},"end":{"line":65,"column":9}},"loc":{"start":{"line":65,"column":14},"end":{"line":67,"column":3}},"line":65},"1":{"name":"(anonymous_1)","decl":{"start":{"line":68,"column":9},"end":{"line":68,"column":10}},"loc":{"start":{"line":68,"column":20},"end":{"line":70,"column":3}},"line":68}},"branchMap":{},"s":{"0":8,"1":8,"2":8,"3":8,"4":8,"5":8,"6":8,"7":8,"8":8,"9":0,"10":8},"f":{"0":8,"1":0},"b":{},"_coverageSchema":"1a1c01bbd47fc00a2c39e90264f33305004495a9","hash":"43617e36755f048e3fee668a2eca2132ce1c3d8d"}
,"/home/nighthawks/Desktop/UMS/FYP/Development/server/models/Notifications.js": {"path":"/home/nighthawks/Desktop/UMS/FYP/Development/server/models/Notifications.js","statementMap":{"0":{"start":{"line":1,"column":33},"end":{"line":1,"column":53}},"1":{"start":{"line":2,"column":18},"end":{"line":2,"column":42}},"2":{"start":{"line":4,"column":19},"end":{"line":4,"column":37}},"3":{"start":{"line":5,"column":21},"end":{"line":5,"column":41}},"4":{"start":{"line":7,"column":27},"end":{"line":88,"column":1}},"5":{"start":{"line":84,"column":8},"end":{"line":84,"column":44}},"6":{"start":{"line":90,"column":0},"end":{"line":90,"column":67}},"7":{"start":{"line":91,"column":0},"end":{"line":91,"column":71}},"8":{"start":{"line":93,"column":0},"end":{"line":100,"column":5}},"9":{"start":{"line":96,"column":4},"end":{"line":96,"column":60}},"10":{"start":{"line":99,"column":4},"end":{"line":99,"column":66}},"11":{"start":{"line":102,"column":0},"end":{"line":102,"column":36}}},"fnMap":{"0":{"name":"(anonymous_0)","decl":{"start":{"line":83,"column":20},"end":{"line":83,"column":21}},"loc":{"start":{"line":83,"column":44},"end":{"line":85,"column":7}},"line":83},"1":{"name":"(anonymous_1)","decl":{"start":{"line":95,"column":8},"end":{"line":95,"column":9}},"loc":{"start":{"line":95,"column":14},"end":{"line":97,"column":3}},"line":95},"2":{"name":"(anonymous_2)","decl":{"start":{"line":98,"column":9},"end":{"line":98,"column":10}},"loc":{"start":{"line":98,"column":20},"end":{"line":100,"column":3}},"line":98}},"branchMap":{},"s":{"0":8,"1":8,"2":8,"3":8,"4":8,"5":1,"6":8,"7":8,"8":8,"9":8,"10":0,"11":8},"f":{"0":1,"1":8,"2":0},"b":{},"_coverageSchema":"1a1c01bbd47fc00a2c39e90264f33305004495a9","hash":"2d79ffa494929a22df1d1cb1f089a4b0c96239af"}
,"/home/nighthawks/Desktop/UMS/FYP/Development/server/models/SensorControls.js": {"path":"/home/nighthawks/Desktop/UMS/FYP/Development/server/models/SensorControls.js","statementMap":{"0":{"start":{"line":1,"column":33},"end":{"line":1,"column":53}},"1":{"start":{"line":2,"column":18},"end":{"line":2,"column":42}},"2":{"start":{"line":4,"column":21},"end":{"line":4,"column":41}},"3":{"start":{"line":5,"column":19},"end":{"line":5,"column":37}},"4":{"start":{"line":7,"column":29},"end":{"line":44,"column":1}},"5":{"start":{"line":46,"column":0},"end":{"line":46,"column":69}},"6":{"start":{"line":47,"column":0},"end":{"line":47,"column":73}},"7":{"start":{"line":49,"column":0},"end":{"line":56,"column":5}},"8":{"start":{"line":52,"column":4},"end":{"line":52,"column":61}},"9":{"start":{"line":55,"column":4},"end":{"line":55,"column":67}},"10":{"start":{"line":58,"column":0},"end":{"line":58,"column":38}}},"fnMap":{"0":{"name":"(anonymous_0)","decl":{"start":{"line":51,"column":8},"end":{"line":51,"column":9}},"loc":{"start":{"line":51,"column":14},"end":{"line":53,"column":3}},"line":51},"1":{"name":"(anonymous_1)","decl":{"start":{"line":54,"column":9},"end":{"line":54,"column":10}},"loc":{"start":{"line":54,"column":20},"end":{"line":56,"column":3}},"line":54}},"branchMap":{},"s":{"0":8,"1":8,"2":8,"3":8,"4":8,"5":8,"6":8,"7":8,"8":8,"9":0,"10":8},"f":{"0":8,"1":0},"b":{},"_coverageSchema":"1a1c01bbd47fc00a2c39e90264f33305004495a9","hash":"a39a4638fe9cecd575ee58843ecfa1602da4df74"}
,"/home/nighthawks/Desktop/UMS/FYP/Development/server/models/SensorData.js": {"path":"/home/nighthawks/Desktop/UMS/FYP/Development/server/models/SensorData.js","statementMap":{"0":{"start":{"line":1,"column":33},"end":{"line":1,"column":53}},"1":{"start":{"line":2,"column":18},"end":{"line":2,"column":42}},"2":{"start":{"line":4,"column":21},"end":{"line":4,"column":41}},"3":{"start":{"line":6,"column":25},"end":{"line":44,"column":1}},"4":{"start":{"line":46,"column":0},"end":{"line":46,"column":69}},"5":{"start":{"line":48,"column":0},"end":{"line":55,"column":5}},"6":{"start":{"line":51,"column":4},"end":{"line":51,"column":57}},"7":{"start":{"line":54,"column":4},"end":{"line":54,"column":63}},"8":{"start":{"line":57,"column":0},"end":{"line":57,"column":34}}},"fnMap":{"0":{"name":"(anonymous_0)","decl":{"start":{"line":50,"column":8},"end":{"line":50,"column":9}},"loc":{"start":{"line":50,"column":14},"end":{"line":52,"column":3}},"line":50},"1":{"name":"(anonymous_1)","decl":{"start":{"line":53,"column":9},"end":{"line":53,"column":10}},"loc":{"start":{"line":53,"column":20},"end":{"line":55,"column":3}},"line":53}},"branchMap":{},"s":{"0":8,"1":8,"2":8,"3":8,"4":8,"5":8,"6":8,"7":0,"8":8},"f":{"0":8,"1":0},"b":{},"_coverageSchema":"1a1c01bbd47fc00a2c39e90264f33305004495a9","hash":"50dc94da987b22d7695e750cf6b7567884a36581"}
,"/home/nighthawks/Desktop/UMS/FYP/Development/server/models/Sensors.js": {"path":"/home/nighthawks/Desktop/UMS/FYP/Development/server/models/Sensors.js","statementMap":{"0":{"start":{"line":1,"column":33},"end":{"line":1,"column":53}},"1":{"start":{"line":2,"column":18},"end":{"line":2,"column":42}},"2":{"start":{"line":4,"column":20},"end":{"line":4,"column":39}},"3":{"start":{"line":6,"column":21},"end":{"line":84,"column":1}},"4":{"start":{"line":80,"column":8},"end":{"line":80,"column":38}},"5":{"start":{"line":86,"column":0},"end":{"line":86,"column":63}},"6":{"start":{"line":88,"column":0},"end":{"line":95,"column":5}},"7":{"start":{"line":91,"column":4},"end":{"line":91,"column":54}},"8":{"start":{"line":94,"column":4},"end":{"line":94,"column":60}},"9":{"start":{"line":97,"column":0},"end":{"line":97,"column":30}}},"fnMap":{"0":{"name":"(anonymous_0)","decl":{"start":{"line":79,"column":20},"end":{"line":79,"column":21}},"loc":{"start":{"line":79,"column":38},"end":{"line":81,"column":7}},"line":79},"1":{"name":"(anonymous_1)","decl":{"start":{"line":90,"column":8},"end":{"line":90,"column":9}},"loc":{"start":{"line":90,"column":14},"end":{"line":92,"column":3}},"line":90},"2":{"name":"(anonymous_2)","decl":{"start":{"line":93,"column":9},"end":{"line":93,"column":10}},"loc":{"start":{"line":93,"column":20},"end":{"line":95,"column":3}},"line":93}},"branchMap":{},"s":{"0":8,"1":8,"2":8,"3":8,"4":1,"5":8,"6":8,"7":8,"8":0,"9":8},"f":{"0":1,"1":8,"2":0},"b":{},"_coverageSchema":"1a1c01bbd47fc00a2c39e90264f33305004495a9","hash":"a9ead6ee45d80acd2cdc4e96edd8ae1bb99c7777"}
,"/home/nighthawks/Desktop/UMS/FYP/Development/server/models/Users.js": {"path":"/home/nighthawks/Desktop/UMS/FYP/Development/server/models/Users.js","statementMap":{"0":{"start":{"line":1,"column":33},"end":{"line":1,"column":53}},"1":{"start":{"line":2,"column":18},"end":{"line":2,"column":42}},"2":{"start":{"line":3,"column":15},"end":{"line":3,"column":32}},"3":{"start":{"line":4,"column":12},"end":{"line":4,"column":35}},"4":{"start":{"line":5,"column":0},"end":{"line":5,"column":27}},"5":{"start":{"line":7,"column":19},"end":{"line":86,"column":1}},"6":{"start":{"line":74,"column":21},"end":{"line":74,"column":45}},"7":{"start":{"line":75,"column":8},"end":{"line":75,"column":63}},"8":{"start":{"line":78,"column":8},"end":{"line":82,"column":9}},"9":{"start":{"line":79,"column":23},"end":{"line":79,"column":47}},"10":{"start":{"line":80,"column":10},"end":{"line":80,"column":65}},"11":{"start":{"line":81,"column":10},"end":{"line":81,"column":37}},"12":{"start":{"line":88,"column":0},"end":{"line":90,"column":2}},"13":{"start":{"line":89,"column":2},"end":{"line":89,"column":55}},"14":{"start":{"line":92,"column":0},"end":{"line":100,"column":2}},"15":{"start":{"line":93,"column":2},"end":{"line":99,"column":4}},"16":{"start":{"line":102,"column":0},"end":{"line":109,"column":5}},"17":{"start":{"line":105,"column":4},"end":{"line":105,"column":52}},"18":{"start":{"line":108,"column":4},"end":{"line":108,"column":57}},"19":{"start":{"line":111,"column":0},"end":{"line":111,"column":28}}},"fnMap":{"0":{"name":"(anonymous_0)","decl":{"start":{"line":73,"column":20},"end":{"line":73,"column":21}},"loc":{"start":{"line":73,"column":36},"end":{"line":76,"column":7}},"line":73},"1":{"name":"(anonymous_1)","decl":{"start":{"line":77,"column":20},"end":{"line":77,"column":21}},"loc":{"start":{"line":77,"column":36},"end":{"line":83,"column":7}},"line":77},"2":{"name":"(anonymous_2)","decl":{"start":{"line":88,"column":37},"end":{"line":88,"column":38}},"loc":{"start":{"line":88,"column":63},"end":{"line":90,"column":1}},"line":88},"3":{"name":"(anonymous_3)","decl":{"start":{"line":92,"column":35},"end":{"line":92,"column":36}},"loc":{"start":{"line":92,"column":47},"end":{"line":100,"column":1}},"line":92},"4":{"name":"(anonymous_4)","decl":{"start":{"line":104,"column":8},"end":{"line":104,"column":9}},"loc":{"start":{"line":104,"column":14},"end":{"line":106,"column":3}},"line":104},"5":{"name":"(anonymous_5)","decl":{"start":{"line":107,"column":9},"end":{"line":107,"column":10}},"loc":{"start":{"line":107,"column":20},"end":{"line":109,"column":3}},"line":107}},"branchMap":{"0":{"loc":{"start":{"line":78,"column":8},"end":{"line":82,"column":9}},"type":"if","locations":[{"start":{"line":78,"column":8},"end":{"line":82,"column":9}},{"start":{},"end":{}}],"line":78}},"s":{"0":8,"1":8,"2":8,"3":8,"4":8,"5":8,"6":16,"7":16,"8":2,"9":2,"10":2,"11":2,"12":8,"13":9,"14":8,"15":10,"16":8,"17":8,"18":0,"19":8},"f":{"0":16,"1":2,"2":9,"3":10,"4":8,"5":0},"b":{"0":[2,0]},"_coverageSchema":"1a1c01bbd47fc00a2c39e90264f33305004495a9","hash":"6279d45067c42793a5fb3fc25218242986b8fd22"}
,"/home/nighthawks/Desktop/UMS/FYP/Development/server/routes/auth.js": {"path":"/home/nighthawks/Desktop/UMS/FYP/Development/server/routes/auth.js","statementMap":{"0":{"start":{"line":1,"column":16},"end":{"line":1,"column":34}},"1":{"start":{"line":2,"column":15},"end":{"line":2,"column":31}},"2":{"start":{"line":3,"column":20},"end":{"line":3,"column":49}},"3":{"start":{"line":4,"column":26},"end":{"line":4,"column":56}},"4":{"start":{"line":6,"column":0},"end":{"line":6,"column":27}},"5":{"start":{"line":9,"column":19},"end":{"line":15,"column":2}},"6":{"start":{"line":17,"column":0},"end":{"line":17,"column":41}},"7":{"start":{"line":18,"column":0},"end":{"line":18,"column":43}},"8":{"start":{"line":20,"column":0},"end":{"line":20,"column":24}}},"fnMap":{},"branchMap":{},"s":{"0":8,"1":8,"2":8,"3":8,"4":8,"5":8,"6":8,"7":8,"8":8},"f":{},"b":{},"_coverageSchema":"1a1c01bbd47fc00a2c39e90264f33305004495a9","hash":"53f5eff0587a28116ebd5427d2bbd34901248038"}
,"/home/nighthawks/Desktop/UMS/FYP/Development/server/routes/board.js": {"path":"/home/nighthawks/Desktop/UMS/FYP/Development/server/routes/board.js","statementMap":{"0":{"start":{"line":1,"column":16},"end":{"line":1,"column":34}},"1":{"start":{"line":2,"column":15},"end":{"line":2,"column":31}},"2":{"start":{"line":9,"column":4},"end":{"line":9,"column":35}},"3":{"start":{"line":11,"column":25},"end":{"line":11,"column":68}},"4":{"start":{"line":12,"column":26},"end":{"line":12,"column":70}},"5":{"start":{"line":14,"column":0},"end":{"line":17,"column":37}},"6":{"start":{"line":18,"column":0},"end":{"line":22,"column":42}},"7":{"start":{"line":24,"column":0},"end":{"line":24,"column":24}}},"fnMap":{},"branchMap":{},"s":{"0":8,"1":8,"2":8,"3":8,"4":8,"5":8,"6":8,"7":8},"f":{},"b":{},"_coverageSchema":"1a1c01bbd47fc00a2c39e90264f33305004495a9","hash":"79cc867a6057b7594b630fb9cb70eba298633a40"}
,"/home/nighthawks/Desktop/UMS/FYP/Development/server/routes/dashboard.js": {"path":"/home/nighthawks/Desktop/UMS/FYP/Development/server/routes/dashboard.js","statementMap":{"0":{"start":{"line":1,"column":16},"end":{"line":1,"column":34}},"1":{"start":{"line":2,"column":15},"end":{"line":2,"column":31}},"2":{"start":{"line":10,"column":4},"end":{"line":10,"column":39}},"3":{"start":{"line":12,"column":25},"end":{"line":12,"column":68}},"4":{"start":{"line":14,"column":0},"end":{"line":17,"column":40}},"5":{"start":{"line":19,"column":0},"end":{"line":23,"column":45}},"6":{"start":{"line":25,"column":0},"end":{"line":25,"column":24}}},"fnMap":{},"branchMap":{},"s":{"0":8,"1":8,"2":8,"3":8,"4":8,"5":8,"6":8},"f":{},"b":{},"_coverageSchema":"1a1c01bbd47fc00a2c39e90264f33305004495a9","hash":"c97f04517ad6870fe5623f6e8bc8c27136be5459"}
,"/home/nighthawks/Desktop/UMS/FYP/Development/server/routes/notification.js": {"path":"/home/nighthawks/Desktop/UMS/FYP/Development/server/routes/notification.js","statementMap":{"0":{"start":{"line":1,"column":16},"end":{"line":1,"column":34}},"1":{"start":{"line":2,"column":15},"end":{"line":2,"column":31}},"2":{"start":{"line":10,"column":4},"end":{"line":10,"column":42}},"3":{"start":{"line":12,"column":25},"end":{"line":12,"column":68}},"4":{"start":{"line":14,"column":0},"end":{"line":17,"column":43}},"5":{"start":{"line":19,"column":0},"end":{"line":23,"column":48}},"6":{"start":{"line":25,"column":0},"end":{"line":25,"column":24}}},"fnMap":{},"branchMap":{},"s":{"0":8,"1":8,"2":8,"3":8,"4":8,"5":8,"6":8},"f":{},"b":{},"_coverageSchema":"1a1c01bbd47fc00a2c39e90264f33305004495a9","hash":"39a9ff49310cef5ff2271befe1290ce4dd876c31"}
,"/home/nighthawks/Desktop/UMS/FYP/Development/server/routes/sensor.js": {"path":"/home/nighthawks/Desktop/UMS/FYP/Development/server/routes/sensor.js","statementMap":{"0":{"start":{"line":1,"column":16},"end":{"line":1,"column":34}},"1":{"start":{"line":2,"column":15},"end":{"line":2,"column":31}},"2":{"start":{"line":10,"column":4},"end":{"line":10,"column":36}},"3":{"start":{"line":12,"column":25},"end":{"line":12,"column":68}},"4":{"start":{"line":13,"column":26},"end":{"line":13,"column":70}},"5":{"start":{"line":15,"column":0},"end":{"line":18,"column":38}},"6":{"start":{"line":19,"column":0},"end":{"line":23,"column":43}},"7":{"start":{"line":25,"column":0},"end":{"line":25,"column":24}}},"fnMap":{},"branchMap":{},"s":{"0":8,"1":8,"2":8,"3":8,"4":8,"5":8,"6":8,"7":8},"f":{},"b":{},"_coverageSchema":"1a1c01bbd47fc00a2c39e90264f33305004495a9","hash":"4d54e6fa7b88689c5054e01dd56f3454447e304d"}
,"/home/nighthawks/Desktop/UMS/FYP/Development/server/routes/sensorControl.js": {"path":"/home/nighthawks/Desktop/UMS/FYP/Development/server/routes/sensorControl.js","statementMap":{"0":{"start":{"line":1,"column":16},"end":{"line":1,"column":34}},"1":{"start":{"line":2,"column":15},"end":{"line":2,"column":31}},"2":{"start":{"line":8,"column":4},"end":{"line":8,"column":43}},"3":{"start":{"line":10,"column":26},"end":{"line":10,"column":70}},"4":{"start":{"line":12,"column":0},"end":{"line":15,"column":45}},"5":{"start":{"line":16,"column":0},"end":{"line":16,"column":43}},"6":{"start":{"line":18,"column":0},"end":{"line":18,"column":24}}},"fnMap":{},"branchMap":{},"s":{"0":8,"1":8,"2":8,"3":8,"4":8,"5":8,"6":8},"f":{},"b":{},"_coverageSchema":"1a1c01bbd47fc00a2c39e90264f33305004495a9","hash":"c1c1f770df0e27369e3d9f3840c7b1faa784494d"}
,"/home/nighthawks/Desktop/UMS/FYP/Development/server/routes/sensorData.js": {"path":"/home/nighthawks/Desktop/UMS/FYP/Development/server/routes/sensorData.js","statementMap":{"0":{"start":{"line":1,"column":16},"end":{"line":1,"column":34}},"1":{"start":{"line":2,"column":15},"end":{"line":2,"column":31}},"2":{"start":{"line":8,"column":4},"end":{"line":8,"column":40}},"3":{"start":{"line":10,"column":0},"end":{"line":10,"column":60}},"4":{"start":{"line":11,"column":0},"end":{"line":11,"column":40}},"5":{"start":{"line":13,"column":0},"end":{"line":13,"column":24}}},"fnMap":{},"branchMap":{},"s":{"0":8,"1":8,"2":8,"3":8,"4":8,"5":8},"f":{},"b":{},"_coverageSchema":"1a1c01bbd47fc00a2c39e90264f33305004495a9","hash":"d6de751f5791678e044ce3cb159b301e8f4ca5a8"}
,"/home/nighthawks/Desktop/UMS/FYP/Development/server/routes/user.js": {"path":"/home/nighthawks/Desktop/UMS/FYP/Development/server/routes/user.js","statementMap":{"0":{"start":{"line":1,"column":16},"end":{"line":1,"column":34}},"1":{"start":{"line":2,"column":15},"end":{"line":2,"column":31}},"2":{"start":{"line":3,"column":20},"end":{"line":3,"column":49}},"3":{"start":{"line":10,"column":4},"end":{"line":10,"column":34}},"4":{"start":{"line":12,"column":25},"end":{"line":12,"column":68}},"5":{"start":{"line":13,"column":26},"end":{"line":13,"column":70}},"6":{"start":{"line":15,"column":0},"end":{"line":15,"column":27}},"7":{"start":{"line":18,"column":19},"end":{"line":24,"column":2}},"8":{"start":{"line":26,"column":0},"end":{"line":29,"column":36}},"9":{"start":{"line":31,"column":0},"end":{"line":35,"column":41}},"10":{"start":{"line":37,"column":0},"end":{"line":37,"column":24}}},"fnMap":{},"branchMap":{},"s":{"0":8,"1":8,"2":8,"3":8,"4":8,"5":8,"6":8,"7":8,"8":8,"9":8,"10":8},"f":{},"b":{},"_coverageSchema":"1a1c01bbd47fc00a2c39e90264f33305004495a9","hash":"8b2c4102d1e7e370e30cbdaca75019dd4b2860ec"}
}
