TN:
SF:app.js
FN:9,(anonymous_0)
FN:13,(anonymous_1)
FNF:2
FNH:2
FNDA:1,(anonymous_0)
FNDA:1,(anonymous_1)
DA:1,7
DA:2,7
DA:4,7
DA:5,7
DA:7,7
DA:9,7
DA:10,1
DA:11,1
DA:13,1
DA:15,0
DA:19,7
LF:11
LH:10
BRDA:5,0,0,7
BRDA:5,0,1,0
BRF:2
BRH:1
end_of_record
TN:
SF:controllers/auth.js
FN:7,(anonymous_0)
FN:68,(anonymous_1)
FNF:2
FNH:2
FNDA:9,(anonymous_0)
FNDA:1,(anonymous_1)
DA:1,7
DA:2,7
DA:3,7
DA:5,7
DA:7,7
DA:8,9
DA:10,9
DA:11,2
DA:14,7
DA:20,7
DA:21,1
DA:24,6
DA:25,6
DA:26,1
DA:29,5
DA:31,5
DA:39,5
DA:56,5
DA:68,7
DA:69,1
DA:70,1
DA:72,1
DA:75,7
LF:23
LH:23
BRDA:10,0,0,2
BRDA:10,0,1,7
BRDA:10,1,0,9
BRDA:10,1,1,8
BRDA:20,2,0,1
BRDA:20,2,1,6
BRDA:25,3,0,1
BRDA:25,3,1,5
BRF:8
BRH:8
end_of_record
TN:
SF:controllers/board.js
FN:9,(anonymous_0)
FN:15,(anonymous_1)
FN:43,(anonymous_2)
FN:61,(anonymous_3)
FN:97,(anonymous_4)
FN:136,(anonymous_5)
FN:171,(anonymous_6)
FNF:7
FNH:0
FNDA:0,(anonymous_0)
FNDA:0,(anonymous_1)
FNDA:0,(anonymous_2)
FNDA:0,(anonymous_3)
FNDA:0,(anonymous_4)
FNDA:0,(anonymous_5)
FNDA:0,(anonymous_6)
DA:1,7
DA:2,7
DA:3,7
DA:4,7
DA:7,7
DA:9,7
DA:10,0
DA:12,0
DA:15,7
DA:16,0
DA:25,0
DA:26,0
DA:39,0
DA:43,7
DA:44,0
DA:45,0
DA:47,0
DA:48,0
DA:50,0
DA:51,0
DA:52,0
DA:53,0
DA:58,0
DA:59,0
DA:61,0
DA:62,0
DA:63,0
DA:64,0
DA:71,0
DA:80,0
DA:81,0
DA:93,0
DA:97,7
DA:101,0
DA:102,0
DA:104,0
DA:105,0
DA:108,0
DA:110,0
DA:111,0
DA:115,0
DA:123,0
DA:124,0
DA:126,0
DA:127,0
DA:128,0
DA:129,0
DA:134,0
DA:135,0
DA:136,0
DA:137,0
DA:138,0
DA:139,0
DA:146,0
DA:147,0
DA:148,0
DA:149,0
DA:150,0
DA:152,0
DA:154,0
DA:155,0
DA:167,0
DA:171,7
DA:172,0
DA:174,0
DA:179,0
DA:180,0
DA:183,0
DA:185,7
LF:69
LH:11
BRDA:25,0,0,0
BRDA:25,0,1,0
BRDA:47,1,0,0
BRDA:47,1,1,0
BRDA:47,2,0,0
BRDA:47,2,1,0
BRDA:52,3,0,0
BRDA:52,3,1,0
BRDA:62,4,0,0
BRDA:62,4,1,0
BRDA:80,5,0,0
BRDA:80,5,1,0
BRDA:104,6,0,0
BRDA:104,6,1,0
BRDA:104,7,0,0
BRDA:104,7,1,0
BRDA:104,7,2,0
BRDA:104,7,3,0
BRDA:104,7,4,0
BRDA:110,8,0,0
BRDA:110,8,1,0
BRDA:123,9,0,0
BRDA:123,9,1,0
BRDA:123,10,0,0
BRDA:123,10,1,0
BRDA:128,11,0,0
BRDA:128,11,1,0
BRDA:137,12,0,0
BRDA:137,12,1,0
BRDA:154,13,0,0
BRDA:154,13,1,0
BRDA:179,14,0,0
BRDA:179,14,1,0
BRF:33
BRH:0
end_of_record
TN:
SF:controllers/dashboard.js
FN:8,(anonymous_0)
FN:21,(anonymous_1)
FN:41,(anonymous_2)
FN:64,(anonymous_3)
FN:106,(anonymous_4)
FN:146,(anonymous_5)
FNF:6
FNH:0
FNDA:0,(anonymous_0)
FNDA:0,(anonymous_1)
FNDA:0,(anonymous_2)
FNDA:0,(anonymous_3)
FNDA:0,(anonymous_4)
FNDA:0,(anonymous_5)
DA:1,7
DA:2,7
DA:3,7
DA:5,7
DA:6,7
DA:8,7
DA:9,0
DA:10,0
DA:21,0
DA:22,0
DA:23,0
DA:36,0
DA:41,7
DA:42,0
DA:43,0
DA:45,0
DA:46,0
DA:47,0
DA:49,0
DA:60,0
DA:64,7
DA:65,0
DA:67,0
DA:69,0
DA:71,0
DA:72,0
DA:76,0
DA:80,0
DA:88,0
DA:89,0
DA:100,0
DA:106,7
DA:110,0
DA:112,0
DA:113,0
DA:116,0
DA:118,0
DA:119,0
DA:120,0
DA:123,0
DA:125,0
DA:127,0
DA:138,0
DA:146,7
DA:147,0
DA:148,0
DA:150,0
DA:151,0
DA:152,0
DA:154,0
DA:159,0
DA:163,0
DA:167,7
LF:53
LH:11
BRDA:32,0,0,0
BRDA:32,0,1,0
BRDA:45,1,0,0
BRDA:45,1,1,0
BRDA:46,2,0,0
BRDA:46,2,1,0
BRDA:71,3,0,0
BRDA:71,3,1,0
BRDA:76,4,0,0
BRDA:76,4,1,0
BRDA:76,5,0,0
BRDA:76,5,1,0
BRDA:88,6,0,0
BRDA:88,6,1,0
BRDA:112,7,0,0
BRDA:112,7,1,0
BRDA:118,8,0,0
BRDA:118,8,1,0
BRDA:119,9,0,0
BRDA:119,9,1,0
BRDA:150,10,0,0
BRDA:150,10,1,0
BRDA:151,11,0,0
BRDA:151,11,1,0
BRF:24
BRH:0
end_of_record
TN:
SF:controllers/notification.js
FN:7,(anonymous_0)
FN:18,(anonymous_1)
FN:37,(anonymous_2)
FN:70,(anonymous_3)
FN:108,(anonymous_4)
FN:164,(anonymous_5)
FNF:6
FNH:0
FNDA:0,(anonymous_0)
FNDA:0,(anonymous_1)
FNDA:0,(anonymous_2)
FNDA:0,(anonymous_3)
FNDA:0,(anonymous_4)
FNDA:0,(anonymous_5)
DA:1,7
DA:2,7
DA:3,7
DA:5,7
DA:7,7
DA:8,0
DA:9,0
DA:18,0
DA:31,0
DA:37,7
DA:38,0
DA:46,0
DA:47,0
DA:48,0
DA:50,0
DA:66,0
DA:70,7
DA:72,0
DA:74,0
DA:76,0
DA:87,0
DA:88,0
DA:102,0
DA:108,7
DA:112,0
DA:114,0
DA:116,0
DA:126,0
DA:129,0
DA:131,0
DA:132,0
DA:133,0
DA:136,0
DA:137,0
DA:138,0
DA:139,0
DA:140,0
DA:141,0
DA:142,0
DA:144,0
DA:146,0
DA:160,0
DA:164,7
DA:165,0
DA:167,0
DA:169,0
DA:170,0
DA:171,0
DA:173,0
DA:179,0
DA:183,0
DA:187,7
LF:52
LH:10
BRDA:46,0,0,0
BRDA:46,0,1,0
BRDA:47,1,0,0
BRDA:47,1,1,0
BRDA:87,2,0,0
BRDA:87,2,1,0
BRDA:116,3,0,0
BRDA:116,3,1,0
BRDA:117,4,0,0
BRDA:117,4,1,0
BRDA:117,4,2,0
BRDA:117,4,3,0
BRDA:117,4,4,0
BRDA:117,4,5,0
BRDA:117,4,6,0
BRDA:117,4,7,0
BRDA:131,5,0,0
BRDA:131,5,1,0
BRDA:132,6,0,0
BRDA:132,6,1,0
BRDA:169,7,0,0
BRDA:169,7,1,0
BRDA:170,8,0,0
BRDA:170,8,1,0
BRF:24
BRH:0
end_of_record
TN:
SF:controllers/sensor.js
FN:15,(anonymous_0)
FN:24,(anonymous_1)
FN:41,(anonymous_2)
FN:76,(anonymous_3)
FN:93,(anonymous_4)
FN:129,(anonymous_5)
FN:159,(anonymous_6)
FN:192,(anonymous_7)
FNF:8
FNH:8
FNDA:2,(anonymous_0)
FNDA:62,(anonymous_1)
FNDA:3,(anonymous_2)
FNDA:15,(anonymous_3)
FNDA:14,(anonymous_4)
FNDA:16,(anonymous_5)
FNDA:9,(anonymous_6)
FNDA:2,(anonymous_7)
DA:8,7
DA:9,7
DA:10,7
DA:11,7
DA:13,7
DA:15,7
DA:16,2
DA:24,62
DA:36,2
DA:41,7
DA:42,3
DA:52,3
DA:53,2
DA:58,2
DA:72,1
DA:76,7
DA:77,15
DA:78,15
DA:79,15
DA:81,15
DA:82,15
DA:83,15
DA:84,15
DA:85,1
DA:90,14
DA:91,14
DA:93,14
DA:94,14
DA:95,0
DA:96,0
DA:103,14
DA:112,1
DA:113,1
DA:125,0
DA:129,7
DA:133,16
DA:134,16
DA:136,16
DA:137,5
DA:140,11
DA:142,11
DA:143,1
DA:146,10
DA:147,10
DA:149,10
DA:150,10
DA:151,10
DA:152,1
DA:157,9
DA:158,9
DA:159,9
DA:160,9
DA:161,0
DA:162,0
DA:169,9
DA:170,9
DA:171,9
DA:172,9
DA:173,9
DA:174,9
DA:176,9
DA:178,1
DA:192,7
DA:193,2
DA:194,2
DA:200,2
DA:201,1
DA:204,1
DA:319,7
LF:69
LH:64
BRDA:52,0,0,2
BRDA:52,0,1,1
BRDA:67,1,0,2
BRDA:67,1,1,0
BRDA:68,2,0,0
BRDA:68,2,1,2
BRDA:81,3,0,15
BRDA:81,3,1,0
BRDA:81,4,0,15
BRDA:81,4,1,15
BRDA:84,5,0,1
BRDA:84,5,1,14
BRDA:94,6,0,0
BRDA:94,6,1,14
BRDA:112,7,0,1
BRDA:112,7,1,0
BRDA:136,8,0,5
BRDA:136,8,1,11
BRDA:136,9,0,16
BRDA:136,9,1,15
BRDA:136,9,2,14
BRDA:136,9,3,13
BRDA:136,9,4,12
BRDA:142,10,0,1
BRDA:142,10,1,10
BRDA:146,11,0,10
BRDA:146,11,1,0
BRDA:146,12,0,10
BRDA:146,12,1,10
BRDA:151,13,0,1
BRDA:151,13,1,9
BRDA:160,14,0,0
BRDA:160,14,1,9
BRDA:200,15,0,1
BRDA:200,15,1,1
BRF:35
BRH:28
end_of_record
TN:
SF:controllers/sensorControl.js
FN:8,(anonymous_0)
FN:16,(anonymous_1)
FN:35,(anonymous_2)
FNF:3
FNH:0
FNDA:0,(anonymous_0)
FNDA:0,(anonymous_1)
FNDA:0,(anonymous_2)
DA:1,7
DA:2,7
DA:3,7
DA:4,7
DA:6,7
DA:8,7
DA:9,0
DA:11,0
DA:16,7
DA:17,0
DA:19,0
DA:21,0
DA:22,0
DA:31,0
DA:35,7
DA:36,0
DA:38,0
DA:46,0
DA:50,0
DA:52,0
DA:53,0
DA:62,0
DA:68,7
LF:23
LH:9
BRDA:21,0,0,0
BRDA:21,0,1,0
BRDA:52,1,0,0
BRDA:52,1,1,0
BRF:4
BRH:0
end_of_record
TN:
SF:controllers/sensorData.js
FN:11,(anonymous_0)
FN:17,(anonymous_1)
FN:31,(anonymous_2)
FN:34,(anonymous_3)
FN:57,(anonymous_4)
FN:71,(anonymous_5)
FN:74,(anonymous_6)
FNF:7
FNH:5
FNDA:2,(anonymous_0)
FNDA:2,(anonymous_1)
FNDA:0,(anonymous_2)
FNDA:2,(anonymous_3)
FNDA:2,(anonymous_4)
FNDA:0,(anonymous_5)
FNDA:2,(anonymous_6)
DA:5,7
DA:6,7
DA:7,7
DA:9,7
DA:10,7
DA:11,7
DA:12,2
DA:14,2
DA:17,7
DA:18,2
DA:20,2
DA:25,2
DA:30,2
DA:31,0
DA:34,2
DA:35,2
DA:36,2
DA:42,0
DA:43,0
DA:52,2
DA:57,7
DA:58,2
DA:60,2
DA:65,2
DA:70,2
DA:71,0
DA:74,2
DA:75,2
DA:76,2
DA:83,0
DA:84,0
DA:93,2
DA:129,7
LF:33
LH:27
BRDA:35,0,0,2
BRDA:35,0,1,0
BRDA:42,1,0,0
BRDA:42,1,1,0
BRDA:75,2,0,2
BRDA:75,2,1,0
BRDA:83,3,0,0
BRDA:83,3,1,0
BRF:8
BRH:2
end_of_record
TN:
SF:controllers/user.js
FN:14,(anonymous_0)
FN:31,(anonymous_1)
FN:66,(anonymous_2)
FN:72,(anonymous_3)
FN:190,(anonymous_4)
FN:243,(anonymous_5)
FN:305,(anonymous_6)
FNF:7
FNH:0
FNDA:0,(anonymous_0)
FNDA:0,(anonymous_1)
FNDA:0,(anonymous_2)
FNDA:0,(anonymous_3)
FNDA:0,(anonymous_4)
FNDA:0,(anonymous_5)
FNDA:0,(anonymous_6)
DA:7,7
DA:8,7
DA:9,7
DA:10,7
DA:11,7
DA:13,7
DA:14,7
DA:15,0
DA:16,0
DA:18,0
DA:19,0
DA:20,0
DA:21,0
DA:22,0
DA:23,0
DA:28,0
DA:29,0
DA:31,0
DA:32,0
DA:33,0
DA:34,0
DA:41,0
DA:49,0
DA:50,0
DA:51,0
DA:62,0
DA:66,7
DA:67,0
DA:69,0
DA:72,7
DA:73,0
DA:74,0
DA:77,0
DA:79,0
DA:80,0
DA:90,0
DA:190,7
DA:195,0
DA:197,0
DA:198,0
DA:201,0
DA:202,0
DA:205,0
DA:206,0
DA:207,0
DA:211,0
DA:218,0
DA:221,0
DA:222,0
DA:223,0
DA:224,0
DA:226,0
DA:229,0
DA:230,0
DA:232,0
DA:233,0
DA:234,0
DA:235,0
DA:240,0
DA:242,0
DA:243,0
DA:244,0
DA:245,0
DA:246,0
DA:251,0
DA:254,0
DA:258,0
DA:269,0
DA:270,0
DA:271,0
DA:278,0
DA:292,0
DA:305,7
DA:306,0
DA:311,0
DA:312,0
DA:315,0
DA:424,7
LF:78
LH:12
BRDA:18,0,0,0
BRDA:18,0,1,0
BRDA:18,1,0,0
BRDA:18,1,1,0
BRDA:22,2,0,0
BRDA:22,2,1,0
BRDA:32,3,0,0
BRDA:32,3,1,0
BRDA:50,4,0,0
BRDA:50,4,1,0
BRDA:73,5,0,0
BRDA:73,5,1,0
BRDA:73,6,0,0
BRDA:73,6,1,0
BRDA:79,7,0,0
BRDA:79,7,1,0
BRDA:197,8,0,0
BRDA:197,8,1,0
BRDA:197,9,0,0
BRDA:197,9,1,0
BRDA:201,10,0,0
BRDA:201,10,1,0
BRDA:201,11,0,0
BRDA:201,11,1,0
BRDA:201,11,2,0
BRDA:201,11,3,0
BRDA:206,12,0,0
BRDA:206,12,1,0
BRDA:229,13,0,0
BRDA:229,13,1,0
BRDA:229,14,0,0
BRDA:229,14,1,0
BRDA:234,15,0,0
BRDA:234,15,1,0
BRDA:244,16,0,0
BRDA:244,16,1,0
BRDA:258,17,0,0
BRDA:258,17,1,0
BRDA:259,18,0,0
BRDA:259,18,1,0
BRDA:259,18,2,0
BRDA:311,19,0,0
BRDA:311,19,1,0
BRF:43
BRH:0
end_of_record
TN:
SF:db/connect.js
FNF:0
FNH:0
DA:1,7
DA:2,7
DA:4,7
DA:20,7
LF:4
LH:4
BRF:0
BRH:0
end_of_record
TN:
SF:errors/bad-request.js
FN:6,(anonymous_0)
FNF:1
FNH:1
FNDA:9,(anonymous_0)
DA:1,7
DA:2,7
DA:3,7
DA:7,9
DA:8,9
DA:12,7
LF:6
LH:6
BRF:0
BRH:0
end_of_record
TN:
SF:errors/custom-api.js
FN:2,(anonymous_0)
FNF:1
FNH:1
FNDA:23,(anonymous_0)
DA:3,23
DA:7,7
LF:2
LH:2
BRF:0
BRH:0
end_of_record
TN:
SF:errors/forbidden.js
FN:5,(anonymous_0)
FNF:1
FNH:0
FNDA:0,(anonymous_0)
DA:1,7
DA:2,7
DA:6,0
DA:7,0
DA:11,7
LF:5
LH:3
BRF:0
BRH:0
end_of_record
TN:
SF:errors/index.js
FNF:0
FNH:0
DA:1,7
DA:2,7
DA:3,7
DA:4,7
DA:5,7
DA:7,7
LF:6
LH:6
BRF:0
BRH:0
end_of_record
TN:
SF:errors/not-found.js
FN:5,(anonymous_0)
FNF:1
FNH:1
FNDA:3,(anonymous_0)
DA:1,7
DA:2,7
DA:6,3
DA:7,3
DA:11,7
LF:5
LH:5
BRF:0
BRH:0
end_of_record
TN:
SF:errors/unauthenticated.js
FN:5,(anonymous_0)
FNF:1
FNH:1
FNDA:11,(anonymous_0)
DA:1,7
DA:2,7
DA:6,11
DA:7,11
DA:11,7
LF:5
LH:5
BRF:0
BRH:0
end_of_record
TN:
SF:middleware/authenticationAdmin.js
FN:5,(anonymous_0)
FNF:1
FNH:1
FNDA:36,(anonymous_0)
DA:1,7
DA:2,7
DA:3,7
DA:5,7
DA:6,36
DA:7,36
DA:8,0
DA:11,36
DA:12,36
DA:13,36
DA:17,36
DA:24,36
DA:25,3
DA:28,33
DA:30,3
DA:34,7
LF:16
LH:15
BRDA:7,0,0,0
BRDA:7,0,1,36
BRDA:7,1,0,36
BRDA:7,1,1,36
BRDA:24,2,0,3
BRDA:24,2,1,33
BRF:6
BRH:5
end_of_record
TN:
SF:middleware/authenticationUser.js
FN:5,(anonymous_0)
FNF:1
FNH:1
FNDA:14,(anonymous_0)
DA:1,7
DA:2,7
DA:3,7
DA:5,7
DA:6,14
DA:7,14
DA:8,3
DA:11,11
DA:12,11
DA:13,11
DA:16,11
DA:22,11
DA:24,0
DA:28,7
LF:14
LH:13
BRDA:7,0,0,3
BRDA:7,0,1,11
BRDA:7,1,0,14
BRDA:7,1,1,11
BRF:4
BRH:4
end_of_record
TN:
SF:middleware/error-handler.js
FN:3,(anonymous_0)
FNF:1
FNH:1
FNDA:41,(anonymous_0)
DA:1,7
DA:3,7
DA:4,41
DA:13,41
DA:14,2
DA:15,2
DA:18,2
DA:19,0
DA:21,2
DA:22,0
DA:24,2
DA:25,2
DA:27,2
DA:30,41
DA:34,0
DA:35,0
DA:36,0
DA:42,41
DA:46,2
DA:47,2
DA:48,2
DA:53,41
DA:54,15
DA:55,15
DA:56,5
DA:59,15
DA:61,41
DA:62,2
DA:66,2
DA:70,0
DA:74,2
DA:78,2
DA:82,2
DA:86,0
DA:90,2
DA:94,0
DA:98,2
DA:99,0
DA:103,2
DA:106,41
DA:109,7
LF:41
LH:32
BRDA:5,0,0,41
BRDA:5,0,1,21
BRDA:6,1,0,41
BRDA:6,1,1,0
BRDA:13,2,0,2
BRDA:13,2,1,39
BRDA:18,3,0,0
BRDA:18,3,1,2
BRDA:21,4,0,0
BRDA:21,4,1,2
BRDA:24,5,0,2
BRDA:24,5,1,0
BRDA:30,6,0,0
BRDA:30,6,1,41
BRDA:31,7,0,41
BRDA:31,7,1,2
BRDA:42,8,0,2
BRDA:42,8,1,39
BRDA:43,9,0,41
BRDA:43,9,1,2
BRDA:53,10,0,15
BRDA:53,10,1,26
BRDA:55,11,0,5
BRDA:55,11,1,10
BRDA:61,12,0,2
BRDA:61,12,1,39
BRDA:66,13,0,0
BRDA:66,13,1,2
BRDA:67,14,0,2
BRDA:67,14,1,2
BRDA:74,15,0,2
BRDA:74,15,1,0
BRDA:75,16,0,2
BRDA:75,16,1,2
BRDA:82,17,0,0
BRDA:82,17,1,2
BRDA:83,18,0,2
BRDA:83,18,1,0
BRDA:90,19,0,0
BRDA:90,19,1,2
BRDA:91,20,0,2
BRDA:91,20,1,0
BRDA:98,21,0,0
BRDA:98,21,1,2
BRF:44
BRH:32
end_of_record
TN:
SF:middleware/not-found.js
FN:1,(anonymous_0)
FNF:1
FNH:0
FNDA:0,(anonymous_0)
DA:1,7
DA:3,7
LF:2
LH:2
BRF:0
BRH:0
end_of_record
TN:
SF:models/Boards.js
FN:83,(anonymous_0)
FN:92,(anonymous_1)
FN:95,(anonymous_2)
FNF:3
FNH:2
FNDA:0,(anonymous_0)
FNDA:3,(anonymous_1)
FNDA:1,(anonymous_2)
DA:1,7
DA:2,7
DA:4,7
DA:5,7
DA:7,7
DA:84,0
DA:90,7
DA:93,3
DA:96,1
DA:99,7
LF:10
LH:9
BRF:0
BRH:0
end_of_record
TN:
SF:models/Dashboards.js
FN:59,(anonymous_0)
FN:62,(anonymous_1)
FNF:2
FNH:2
FNDA:3,(anonymous_0)
FNDA:1,(anonymous_1)
DA:1,7
DA:2,7
DA:4,7
DA:57,7
DA:60,3
DA:63,1
DA:66,7
LF:7
LH:7
BRF:0
BRH:0
end_of_record
TN:
SF:models/Notifications.js
FN:83,(anonymous_0)
FN:94,(anonymous_1)
FN:97,(anonymous_2)
FNF:3
FNH:2
FNDA:0,(anonymous_0)
FNDA:3,(anonymous_1)
FNDA:1,(anonymous_2)
DA:1,7
DA:2,7
DA:4,7
DA:5,7
DA:7,7
DA:84,0
DA:90,7
DA:92,7
DA:95,3
DA:98,1
DA:101,7
LF:11
LH:10
BRF:0
BRH:0
end_of_record
TN:
SF:models/SensorControls.js
FN:45,(anonymous_0)
FN:48,(anonymous_1)
FNF:2
FNH:2
FNDA:3,(anonymous_0)
FNDA:1,(anonymous_1)
DA:1,7
DA:2,7
DA:4,7
DA:43,7
DA:46,3
DA:49,1
DA:52,7
LF:7
LH:7
BRF:0
BRH:0
end_of_record
TN:
SF:models/SensorData.js
FN:48,(anonymous_0)
FN:96,(anonymous_1)
FN:99,(anonymous_2)
FNF:3
FNH:3
FNDA:1,(anonymous_0)
FNDA:3,(anonymous_1)
FNDA:1,(anonymous_2)
DA:1,7
DA:2,7
DA:4,7
DA:6,7
DA:7,7
DA:8,7
DA:10,7
DA:49,1
DA:56,1
DA:57,0
DA:59,0
DA:67,0
DA:70,0
DA:71,0
DA:73,0
DA:78,0
DA:80,0
DA:85,0
DA:94,7
DA:97,3
DA:100,1
DA:103,7
LF:22
LH:13
BRDA:59,0,0,0
BRDA:59,0,1,0
BRDA:60,1,0,0
BRDA:60,1,1,0
BRDA:60,1,2,0
BRDA:60,1,3,0
BRDA:60,1,4,0
BRDA:60,1,5,0
BRDA:70,2,0,0
BRDA:70,2,1,0
BRDA:71,3,0,0
BRDA:71,3,1,0
BRDA:78,4,0,0
BRDA:78,4,1,0
BRF:14
BRH:0
end_of_record
TN:
SF:models/Sensors.js
FN:78,(anonymous_0)
FN:87,(anonymous_1)
FN:90,(anonymous_2)
FNF:3
FNH:3
FNDA:4,(anonymous_0)
FNDA:3,(anonymous_1)
FNDA:1,(anonymous_2)
DA:1,7
DA:2,7
DA:4,7
DA:79,4
DA:85,7
DA:88,3
DA:91,1
DA:94,7
LF:8
LH:8
BRF:0
BRH:0
end_of_record
TN:
SF:models/Users.js
FN:73,(anonymous_0)
FN:77,(anonymous_1)
FN:88,(anonymous_2)
FN:92,(anonymous_3)
FN:104,(anonymous_4)
FN:107,(anonymous_5)
FNF:6
FNH:5
FNDA:9,(anonymous_0)
FNDA:0,(anonymous_1)
FNDA:6,(anonymous_2)
FNDA:5,(anonymous_3)
FNDA:3,(anonymous_4)
FNDA:1,(anonymous_5)
DA:1,7
DA:2,7
DA:3,7
DA:4,7
DA:5,7
DA:7,7
DA:74,9
DA:75,9
DA:78,0
DA:79,0
DA:80,0
DA:81,0
DA:88,7
DA:89,6
DA:92,7
DA:93,5
DA:102,7
DA:105,3
DA:108,1
DA:111,7
LF:20
LH:16
BRDA:78,0,0,0
BRDA:78,0,1,0
BRF:2
BRH:0
end_of_record
TN:
SF:models/associations.js
FNF:0
FNH:0
DA:1,7
DA:2,7
DA:3,7
DA:4,7
DA:5,7
DA:6,7
DA:7,7
DA:9,7
DA:10,7
DA:12,7
DA:13,7
DA:15,7
DA:16,7
DA:18,7
DA:22,7
DA:24,7
DA:28,7
DA:33,7
DA:37,7
DA:42,7
DA:46,7
DA:51,7
DA:55,7
DA:60,7
DA:64,7
DA:69,7
LF:26
LH:26
BRF:0
BRH:0
end_of_record
TN:
SF:mqtt/connect.js
FN:37,mqtt_connect
FN:42,mqtt_subscribe
FN:49,mqtt_reconnect
FN:53,mqtt_error
FN:57,mqtt_close
FN:62,mqtt_messageReceived
FN:75,insert_message
FNF:7
FNH:2
FNDA:7,mqtt_connect
FNDA:7,mqtt_subscribe
FNDA:0,mqtt_reconnect
FNDA:0,mqtt_error
FNDA:0,mqtt_close
FNDA:0,mqtt_messageReceived
FNDA:0,insert_message
DA:1,7
DA:2,7
DA:4,7
DA:6,7
DA:8,7
DA:9,7
DA:10,7
DA:12,7
DA:14,7
DA:16,7
DA:17,7
DA:19,7
DA:29,7
DA:30,7
DA:31,7
DA:32,7
DA:33,7
DA:35,7
DA:38,7
DA:39,7
DA:43,7
DA:44,7
DA:45,0
DA:50,0
DA:54,0
DA:58,0
DA:66,0
DA:72,0
DA:76,0
DA:77,0
DA:83,0
DA:84,0
DA:88,7
LF:33
LH:23
BRDA:44,0,0,0
BRDA:44,0,1,7
BRF:2
BRH:1
end_of_record
TN:
SF:routes/auth.js
FNF:0
FNH:0
DA:1,7
DA:2,7
DA:3,7
DA:4,7
DA:6,7
DA:9,7
DA:17,7
DA:18,7
DA:20,7
LF:9
LH:9
BRF:0
BRH:0
end_of_record
TN:
SF:routes/board.js
FNF:0
FNH:0
DA:1,7
DA:2,7
DA:9,7
DA:11,7
DA:12,7
DA:14,7
DA:18,7
DA:24,7
LF:8
LH:8
BRF:0
BRH:0
end_of_record
TN:
SF:routes/dashboard.js
FNF:0
FNH:0
DA:1,7
DA:2,7
DA:10,7
DA:12,7
DA:14,7
DA:19,7
DA:25,7
LF:7
LH:7
BRF:0
BRH:0
end_of_record
TN:
SF:routes/notification.js
FNF:0
FNH:0
DA:1,7
DA:2,7
DA:10,7
DA:12,7
DA:14,7
DA:19,7
DA:25,7
LF:7
LH:7
BRF:0
BRH:0
end_of_record
TN:
SF:routes/sensor.js
FNF:0
FNH:0
DA:1,7
DA:2,7
DA:10,7
DA:12,7
DA:13,7
DA:15,7
DA:19,7
DA:25,7
LF:8
LH:8
BRF:0
BRH:0
end_of_record
TN:
SF:routes/sensorControl.js
FNF:0
FNH:0
DA:1,7
DA:2,7
DA:8,7
DA:10,7
DA:12,7
DA:16,7
DA:18,7
LF:7
LH:7
BRF:0
BRH:0
end_of_record
TN:
SF:routes/sensorData.js
FNF:0
FNH:0
DA:1,7
DA:2,7
DA:9,7
DA:11,7
DA:13,7
DA:17,7
DA:18,7
DA:20,7
LF:8
LH:8
BRF:0
BRH:0
end_of_record
TN:
SF:routes/user.js
FNF:0
FNH:0
DA:1,7
DA:2,7
DA:3,7
DA:10,7
DA:12,7
DA:13,7
DA:15,7
DA:18,7
DA:26,7
DA:31,7
DA:37,7
LF:11
LH:11
BRF:0
BRH:0
end_of_record
TN:
SF:utils/sendEmail.js
FN:12,(anonymous_0)
FNF:1
FNH:0
FNDA:0,(anonymous_0)
DA:1,7
DA:2,7
DA:4,7
DA:12,7
DA:13,0
DA:20,0
DA:21,0
DA:22,0
DA:24,0
DA:28,7
LF:10
LH:5
BRF:0
BRH:0
end_of_record
TN:
SF:utils/sendTelegramMessage.js
FN:6,(anonymous_0)
FNF:1
FNH:0
FNDA:0,(anonymous_0)
DA:1,7
DA:2,7
DA:4,7
DA:6,7
DA:7,0
DA:8,0
DA:9,0
DA:11,0
DA:15,7
LF:9
LH:5
BRF:0
BRH:0
end_of_record
TN:
SF:utils/server.js
FN:34,createServer
FNF:1
FNH:1
FNDA:7,createServer
DA:1,7
DA:2,7
DA:3,7
DA:4,7
DA:5,7
DA:6,7
DA:7,7
DA:10,7
DA:13,7
DA:16,7
DA:17,7
DA:18,7
DA:19,7
DA:22,7
DA:23,7
DA:24,7
DA:25,7
DA:26,7
DA:27,7
DA:28,7
DA:29,7
DA:31,7
DA:32,7
DA:35,7
DA:38,7
DA:39,7
DA:40,7
DA:41,7
DA:44,7
DA:45,7
DA:48,7
DA:56,7
DA:64,7
DA:65,7
DA:66,7
DA:67,7
DA:68,7
DA:69,7
DA:70,7
DA:71,7
DA:74,7
DA:75,7
DA:77,7
DA:80,7
LF:44
LH:44
BRF:0
BRH:0
end_of_record
