TN:
SF:app.js
FN:9,(anonymous_0)
FN:13,(anonymous_1)
FNF:2
FNH:2
FNDA:1,(anonymous_0)
FNDA:1,(anonymous_1)
DA:1,5
DA:2,5
DA:4,5
DA:5,5
DA:7,5
DA:9,5
DA:10,1
DA:11,1
DA:13,1
DA:15,0
DA:19,5
LF:11
LH:10
BRDA:5,0,0,5
BRDA:5,0,1,0
BRF:2
BRH:1
end_of_record
TN:
SF:controllers/auth.js
FN:7,(anonymous_0)
FN:68,(anonymous_1)
FNF:2
FNH:2
FNDA:9,(anonymous_0)
FNDA:1,(anonymous_1)
DA:1,5
DA:2,5
DA:3,5
DA:5,5
DA:7,5
DA:8,9
DA:10,9
DA:11,2
DA:14,7
DA:20,7
DA:21,1
DA:24,6
DA:25,6
DA:26,1
DA:29,5
DA:31,5
DA:39,5
DA:56,5
DA:68,5
DA:69,1
DA:70,1
DA:72,1
DA:75,5
LF:23
LH:23
BRDA:10,0,0,2
BRDA:10,0,1,7
BRDA:10,1,0,9
BRDA:10,1,1,8
BRDA:20,2,0,1
BRDA:20,2,1,6
BRDA:25,3,0,1
BRDA:25,3,1,5
BRF:8
BRH:8
end_of_record
TN:
SF:controllers/board.js
FN:9,(anonymous_0)
FN:15,(anonymous_1)
FN:43,(anonymous_2)
FN:61,(anonymous_3)
FN:97,(anonymous_4)
FN:136,(anonymous_5)
FN:171,(anonymous_6)
FNF:7
FNH:0
FNDA:0,(anonymous_0)
FNDA:0,(anonymous_1)
FNDA:0,(anonymous_2)
FNDA:0,(anonymous_3)
FNDA:0,(anonymous_4)
FNDA:0,(anonymous_5)
FNDA:0,(anonymous_6)
DA:1,5
DA:2,5
DA:3,5
DA:4,5
DA:7,5
DA:9,5
DA:10,0
DA:12,0
DA:15,5
DA:16,0
DA:25,0
DA:26,0
DA:39,0
DA:43,5
DA:44,0
DA:45,0
DA:47,0
DA:48,0
DA:50,0
DA:51,0
DA:52,0
DA:53,0
DA:58,0
DA:59,0
DA:61,0
DA:62,0
DA:63,0
DA:64,0
DA:71,0
DA:80,0
DA:81,0
DA:93,0
DA:97,5
DA:101,0
DA:102,0
DA:104,0
DA:105,0
DA:108,0
DA:110,0
DA:111,0
DA:115,0
DA:123,0
DA:124,0
DA:126,0
DA:127,0
DA:128,0
DA:129,0
DA:134,0
DA:135,0
DA:136,0
DA:137,0
DA:138,0
DA:139,0
DA:146,0
DA:147,0
DA:148,0
DA:149,0
DA:150,0
DA:152,0
DA:154,0
DA:155,0
DA:167,0
DA:171,5
DA:172,0
DA:174,0
DA:179,0
DA:180,0
DA:183,0
DA:185,5
LF:69
LH:11
BRDA:25,0,0,0
BRDA:25,0,1,0
BRDA:47,1,0,0
BRDA:47,1,1,0
BRDA:47,2,0,0
BRDA:47,2,1,0
BRDA:52,3,0,0
BRDA:52,3,1,0
BRDA:62,4,0,0
BRDA:62,4,1,0
BRDA:80,5,0,0
BRDA:80,5,1,0
BRDA:104,6,0,0
BRDA:104,6,1,0
BRDA:104,7,0,0
BRDA:104,7,1,0
BRDA:104,7,2,0
BRDA:104,7,3,0
BRDA:104,7,4,0
BRDA:110,8,0,0
BRDA:110,8,1,0
BRDA:123,9,0,0
BRDA:123,9,1,0
BRDA:123,10,0,0
BRDA:123,10,1,0
BRDA:128,11,0,0
BRDA:128,11,1,0
BRDA:137,12,0,0
BRDA:137,12,1,0
BRDA:154,13,0,0
BRDA:154,13,1,0
BRDA:179,14,0,0
BRDA:179,14,1,0
BRF:33
BRH:0
end_of_record
TN:
SF:controllers/dashboard.js
FN:8,(anonymous_0)
FN:21,(anonymous_1)
FN:41,(anonymous_2)
FN:61,(anonymous_3)
FN:101,(anonymous_4)
FN:146,(anonymous_5)
FNF:6
FNH:0
FNDA:0,(anonymous_0)
FNDA:0,(anonymous_1)
FNDA:0,(anonymous_2)
FNDA:0,(anonymous_3)
FNDA:0,(anonymous_4)
FNDA:0,(anonymous_5)
DA:1,5
DA:2,5
DA:3,5
DA:5,5
DA:6,5
DA:8,5
DA:9,0
DA:10,0
DA:21,0
DA:22,0
DA:23,0
DA:36,0
DA:41,5
DA:42,0
DA:43,0
DA:45,0
DA:46,0
DA:57,0
DA:61,5
DA:62,0
DA:64,0
DA:66,0
DA:67,0
DA:71,0
DA:75,0
DA:83,0
DA:84,0
DA:95,0
DA:101,5
DA:105,0
DA:118,0
DA:119,0
DA:120,0
DA:121,0
DA:124,0
DA:128,0
DA:132,0
DA:134,0
DA:146,5
DA:147,0
DA:148,0
DA:150,0
DA:151,0
DA:154,0
DA:155,0
DA:158,0
DA:164,0
DA:165,0
DA:168,0
DA:173,5
LF:50
LH:11
BRDA:32,0,0,0
BRDA:32,0,1,0
BRDA:45,1,0,0
BRDA:45,1,1,0
BRDA:66,2,0,0
BRDA:66,2,1,0
BRDA:71,3,0,0
BRDA:71,3,1,0
BRDA:71,4,0,0
BRDA:71,4,1,0
BRDA:83,5,0,0
BRDA:83,5,1,0
BRDA:118,6,0,0
BRDA:118,6,1,0
BRDA:150,7,0,0
BRDA:150,7,1,0
BRDA:154,8,0,0
BRDA:154,8,1,0
BRDA:164,9,0,0
BRDA:164,9,1,0
BRF:20
BRH:0
end_of_record
TN:
SF:controllers/notification.js
FN:7,(anonymous_0)
FN:18,(anonymous_1)
FN:37,(anonymous_2)
FN:70,(anonymous_3)
FN:108,(anonymous_4)
FN:164,(anonymous_5)
FNF:6
FNH:0
FNDA:0,(anonymous_0)
FNDA:0,(anonymous_1)
FNDA:0,(anonymous_2)
FNDA:0,(anonymous_3)
FNDA:0,(anonymous_4)
FNDA:0,(anonymous_5)
DA:1,5
DA:2,5
DA:3,5
DA:5,5
DA:7,5
DA:8,0
DA:9,0
DA:18,0
DA:31,0
DA:37,5
DA:38,0
DA:46,0
DA:47,0
DA:48,0
DA:50,0
DA:66,0
DA:70,5
DA:72,0
DA:74,0
DA:76,0
DA:87,0
DA:88,0
DA:102,0
DA:108,5
DA:112,0
DA:114,0
DA:116,0
DA:126,0
DA:129,0
DA:131,0
DA:132,0
DA:133,0
DA:136,0
DA:137,0
DA:138,0
DA:139,0
DA:140,0
DA:141,0
DA:142,0
DA:144,0
DA:146,0
DA:160,0
DA:164,5
DA:165,0
DA:167,0
DA:169,0
DA:170,0
DA:171,0
DA:173,0
DA:179,0
DA:183,0
DA:187,5
LF:52
LH:10
BRDA:46,0,0,0
BRDA:46,0,1,0
BRDA:47,1,0,0
BRDA:47,1,1,0
BRDA:87,2,0,0
BRDA:87,2,1,0
BRDA:116,3,0,0
BRDA:116,3,1,0
BRDA:117,4,0,0
BRDA:117,4,1,0
BRDA:117,4,2,0
BRDA:117,4,3,0
BRDA:117,4,4,0
BRDA:117,4,5,0
BRDA:117,4,6,0
BRDA:117,4,7,0
BRDA:131,5,0,0
BRDA:131,5,1,0
BRDA:132,6,0,0
BRDA:132,6,1,0
BRDA:169,7,0,0
BRDA:169,7,1,0
BRDA:170,8,0,0
BRDA:170,8,1,0
BRF:24
BRH:0
end_of_record
TN:
SF:controllers/sensor.js
FN:15,(anonymous_0)
FN:24,(anonymous_1)
FN:41,(anonymous_2)
FN:76,(anonymous_3)
FN:93,(anonymous_4)
FN:129,(anonymous_5)
FN:159,(anonymous_6)
FN:192,(anonymous_7)
FNF:8
FNH:8
FNDA:2,(anonymous_0)
FNDA:62,(anonymous_1)
FNDA:3,(anonymous_2)
FNDA:15,(anonymous_3)
FNDA:14,(anonymous_4)
FNDA:16,(anonymous_5)
FNDA:9,(anonymous_6)
FNDA:2,(anonymous_7)
DA:8,5
DA:9,5
DA:10,5
DA:11,5
DA:13,5
DA:15,5
DA:16,2
DA:24,62
DA:36,2
DA:41,5
DA:42,3
DA:52,3
DA:53,2
DA:58,2
DA:72,1
DA:76,5
DA:77,15
DA:78,15
DA:79,15
DA:81,15
DA:82,15
DA:83,15
DA:84,15
DA:85,1
DA:90,14
DA:91,14
DA:93,14
DA:94,14
DA:95,0
DA:96,0
DA:103,14
DA:112,1
DA:113,1
DA:125,0
DA:129,5
DA:133,16
DA:134,16
DA:136,16
DA:137,5
DA:140,11
DA:142,11
DA:143,1
DA:146,10
DA:147,10
DA:149,10
DA:150,10
DA:151,10
DA:152,1
DA:157,9
DA:158,9
DA:159,9
DA:160,9
DA:161,0
DA:162,0
DA:169,9
DA:170,9
DA:171,9
DA:172,9
DA:173,9
DA:174,9
DA:176,9
DA:178,1
DA:192,5
DA:193,2
DA:194,2
DA:200,2
DA:201,1
DA:204,1
DA:319,5
LF:69
LH:64
BRDA:52,0,0,2
BRDA:52,0,1,1
BRDA:67,1,0,2
BRDA:67,1,1,0
BRDA:68,2,0,0
BRDA:68,2,1,2
BRDA:81,3,0,15
BRDA:81,3,1,0
BRDA:81,4,0,15
BRDA:81,4,1,15
BRDA:84,5,0,1
BRDA:84,5,1,14
BRDA:94,6,0,0
BRDA:94,6,1,14
BRDA:112,7,0,1
BRDA:112,7,1,0
BRDA:136,8,0,5
BRDA:136,8,1,11
BRDA:136,9,0,16
BRDA:136,9,1,15
BRDA:136,9,2,14
BRDA:136,9,3,13
BRDA:136,9,4,12
BRDA:142,10,0,1
BRDA:142,10,1,10
BRDA:146,11,0,10
BRDA:146,11,1,0
BRDA:146,12,0,10
BRDA:146,12,1,10
BRDA:151,13,0,1
BRDA:151,13,1,9
BRDA:160,14,0,0
BRDA:160,14,1,9
BRDA:200,15,0,1
BRDA:200,15,1,1
BRF:35
BRH:28
end_of_record
TN:
SF:controllers/sensorControl.js
FN:8,(anonymous_0)
FN:16,(anonymous_1)
FN:35,(anonymous_2)
FNF:3
FNH:0
FNDA:0,(anonymous_0)
FNDA:0,(anonymous_1)
FNDA:0,(anonymous_2)
DA:1,5
DA:2,5
DA:3,5
DA:4,5
DA:6,5
DA:8,5
DA:9,0
DA:11,0
DA:16,5
DA:17,0
DA:19,0
DA:21,0
DA:22,0
DA:31,0
DA:35,5
DA:36,0
DA:38,0
DA:46,0
DA:50,0
DA:52,0
DA:53,0
DA:62,0
DA:68,5
LF:23
LH:9
BRDA:21,0,0,0
BRDA:21,0,1,0
BRDA:52,1,0,0
BRDA:52,1,1,0
BRF:4
BRH:0
end_of_record
TN:
SF:controllers/sensorData.js
FN:11,(anonymous_0)
FN:17,(anonymous_1)
FN:31,(anonymous_2)
FN:34,(anonymous_3)
FN:55,(anonymous_4)
FN:69,(anonymous_5)
FN:72,(anonymous_6)
FN:94,(anonymous_7)
FNF:8
FNH:0
FNDA:0,(anonymous_0)
FNDA:0,(anonymous_1)
FNDA:0,(anonymous_2)
FNDA:0,(anonymous_3)
FNDA:0,(anonymous_4)
FNDA:0,(anonymous_5)
FNDA:0,(anonymous_6)
FNDA:0,(anonymous_7)
DA:5,5
DA:6,5
DA:7,5
DA:9,5
DA:10,5
DA:11,5
DA:12,0
DA:14,0
DA:17,5
DA:18,0
DA:20,0
DA:25,0
DA:30,0
DA:31,0
DA:34,0
DA:35,0
DA:36,0
DA:41,0
DA:42,0
DA:50,0
DA:55,5
DA:56,0
DA:58,0
DA:63,0
DA:68,0
DA:69,0
DA:72,0
DA:73,0
DA:74,0
DA:80,0
DA:81,0
DA:89,0
DA:94,5
DA:95,0
DA:97,0
DA:103,0
DA:109,0
DA:110,0
DA:119,0
DA:125,5
LF:40
LH:10
BRDA:35,0,0,0
BRDA:35,0,1,0
BRDA:41,1,0,0
BRDA:41,1,1,0
BRDA:73,2,0,0
BRDA:73,2,1,0
BRDA:80,3,0,0
BRDA:80,3,1,0
BRDA:109,4,0,0
BRDA:109,4,1,0
BRF:10
BRH:0
end_of_record
TN:
SF:controllers/user.js
FN:14,(anonymous_0)
FN:31,(anonymous_1)
FN:66,(anonymous_2)
FN:72,(anonymous_3)
FN:190,(anonymous_4)
FN:243,(anonymous_5)
FN:305,(anonymous_6)
FNF:7
FNH:7
FNDA:13,(anonymous_0)
FNDA:12,(anonymous_1)
FNDA:1,(anonymous_2)
FNDA:5,(anonymous_3)
FNDA:17,(anonymous_4)
FNDA:10,(anonymous_5)
FNDA:2,(anonymous_6)
DA:7,5
DA:8,5
DA:9,5
DA:10,5
DA:11,5
DA:13,5
DA:14,5
DA:15,13
DA:16,13
DA:18,13
DA:19,13
DA:20,13
DA:21,13
DA:22,13
DA:23,1
DA:28,12
DA:29,12
DA:31,12
DA:32,12
DA:33,0
DA:34,0
DA:41,12
DA:49,2
DA:50,2
DA:51,2
DA:62,0
DA:66,5
DA:67,1
DA:69,1
DA:72,5
DA:73,5
DA:74,1
DA:77,4
DA:79,4
DA:80,3
DA:90,1
DA:190,5
DA:195,17
DA:197,17
DA:198,1
DA:201,16
DA:202,4
DA:205,12
DA:206,12
DA:207,1
DA:211,11
DA:218,11
DA:221,11
DA:222,11
DA:223,11
DA:224,11
DA:226,11
DA:229,11
DA:230,11
DA:232,11
DA:233,11
DA:234,11
DA:235,1
DA:240,10
DA:242,10
DA:243,10
DA:244,10
DA:245,0
DA:246,0
DA:251,10
DA:254,10
DA:258,3
DA:269,2
DA:270,2
DA:271,2
DA:278,2
DA:292,1
DA:305,5
DA:306,2
DA:311,2
DA:312,1
DA:315,1
DA:424,5
LF:78
LH:73
BRDA:18,0,0,13
BRDA:18,0,1,0
BRDA:18,1,0,13
BRDA:18,1,1,13
BRDA:22,2,0,1
BRDA:22,2,1,12
BRDA:32,3,0,0
BRDA:32,3,1,12
BRDA:50,4,0,2
BRDA:50,4,1,0
BRDA:73,5,0,1
BRDA:73,5,1,4
BRDA:73,6,0,5
BRDA:73,6,1,3
BRDA:79,7,0,3
BRDA:79,7,1,1
BRDA:197,8,0,1
BRDA:197,8,1,16
BRDA:197,9,0,17
BRDA:197,9,1,15
BRDA:201,10,0,4
BRDA:201,10,1,12
BRDA:201,11,0,16
BRDA:201,11,1,15
BRDA:201,11,2,14
BRDA:201,11,3,13
BRDA:206,12,0,1
BRDA:206,12,1,11
BRDA:229,13,0,11
BRDA:229,13,1,0
BRDA:229,14,0,11
BRDA:229,14,1,11
BRDA:234,15,0,1
BRDA:234,15,1,10
BRDA:244,16,0,0
BRDA:244,16,1,10
BRDA:258,17,0,2
BRDA:258,17,1,1
BRDA:259,18,0,3
BRDA:259,18,1,2
BRDA:259,18,2,0
BRDA:311,19,0,1
BRDA:311,19,1,1
BRF:43
BRH:37
end_of_record
TN:
SF:db/connect.js
FNF:0
FNH:0
DA:1,5
DA:2,5
DA:4,5
DA:20,5
LF:4
LH:4
BRF:0
BRH:0
end_of_record
TN:
SF:errors/bad-request.js
FN:6,(anonymous_0)
FNF:1
FNH:1
FNDA:15,(anonymous_0)
DA:1,5
DA:2,5
DA:3,5
DA:7,15
DA:8,15
DA:12,5
LF:6
LH:6
BRF:0
BRH:0
end_of_record
TN:
SF:errors/custom-api.js
FN:2,(anonymous_0)
FNF:1
FNH:1
FNDA:37,(anonymous_0)
DA:3,37
DA:7,5
LF:2
LH:2
BRF:0
BRH:0
end_of_record
TN:
SF:errors/forbidden.js
FN:5,(anonymous_0)
FNF:1
FNH:1
FNDA:2,(anonymous_0)
DA:1,5
DA:2,5
DA:6,2
DA:7,2
DA:11,5
LF:5
LH:5
BRF:0
BRH:0
end_of_record
TN:
SF:errors/index.js
FNF:0
FNH:0
DA:1,5
DA:2,5
DA:3,5
DA:4,5
DA:5,5
DA:7,5
LF:6
LH:6
BRF:0
BRH:0
end_of_record
TN:
SF:errors/not-found.js
FN:5,(anonymous_0)
FNF:1
FNH:1
FNDA:6,(anonymous_0)
DA:1,5
DA:2,5
DA:6,6
DA:7,6
DA:11,5
LF:5
LH:5
BRF:0
BRH:0
end_of_record
TN:
SF:errors/unauthenticated.js
FN:5,(anonymous_0)
FNF:1
FNH:1
FNDA:14,(anonymous_0)
DA:1,5
DA:2,5
DA:6,14
DA:7,14
DA:11,5
LF:5
LH:5
BRF:0
BRH:0
end_of_record
TN:
SF:middleware/authenticationAdmin.js
FN:5,(anonymous_0)
FNF:1
FNH:1
FNDA:55,(anonymous_0)
DA:1,5
DA:2,5
DA:3,5
DA:5,5
DA:6,55
DA:7,55
DA:8,0
DA:11,55
DA:12,55
DA:13,55
DA:17,55
DA:24,55
DA:25,6
DA:28,49
DA:30,6
DA:34,5
LF:16
LH:15
BRDA:7,0,0,0
BRDA:7,0,1,55
BRDA:7,1,0,55
BRDA:7,1,1,55
BRDA:24,2,0,6
BRDA:24,2,1,49
BRF:6
BRH:5
end_of_record
TN:
SF:middleware/authenticationUser.js
FN:5,(anonymous_0)
FNF:1
FNH:1
FNDA:27,(anonymous_0)
DA:1,5
DA:2,5
DA:3,5
DA:5,5
DA:6,27
DA:7,27
DA:8,0
DA:11,27
DA:12,27
DA:13,27
DA:16,27
DA:22,27
DA:24,0
DA:28,5
LF:14
LH:12
BRDA:7,0,0,0
BRDA:7,0,1,27
BRDA:7,1,0,27
BRDA:7,1,1,27
BRF:4
BRH:3
end_of_record
TN:
SF:middleware/error-handler.js
FN:3,(anonymous_0)
FNF:1
FNH:1
FNDA:69,(anonymous_0)
DA:1,5
DA:3,5
DA:4,69
DA:13,69
DA:14,4
DA:15,4
DA:18,4
DA:19,0
DA:21,4
DA:22,2
DA:24,4
DA:25,2
DA:27,4
DA:33,69
DA:37,4
DA:38,4
DA:39,4
DA:44,69
DA:45,28
DA:46,28
DA:47,8
DA:50,28
DA:52,69
DA:53,2
DA:57,2
DA:61,0
DA:65,2
DA:69,2
DA:73,2
DA:77,0
DA:81,2
DA:85,0
DA:89,2
DA:90,0
DA:94,2
DA:97,69
DA:100,5
LF:37
LH:32
BRDA:5,0,0,69
BRDA:5,0,1,38
BRDA:6,1,0,69
BRDA:6,1,1,0
BRDA:13,2,0,4
BRDA:13,2,1,65
BRDA:18,3,0,0
BRDA:18,3,1,4
BRDA:21,4,0,2
BRDA:21,4,1,2
BRDA:24,5,0,2
BRDA:24,5,1,2
BRDA:33,6,0,4
BRDA:33,6,1,65
BRDA:34,7,0,69
BRDA:34,7,1,4
BRDA:44,8,0,28
BRDA:44,8,1,41
BRDA:46,9,0,8
BRDA:46,9,1,20
BRDA:52,10,0,2
BRDA:52,10,1,67
BRDA:57,11,0,0
BRDA:57,11,1,2
BRDA:58,12,0,2
BRDA:58,12,1,2
BRDA:65,13,0,2
BRDA:65,13,1,0
BRDA:66,14,0,2
BRDA:66,14,1,2
BRDA:73,15,0,0
BRDA:73,15,1,2
BRDA:74,16,0,2
BRDA:74,16,1,0
BRDA:81,17,0,0
BRDA:81,17,1,2
BRDA:82,18,0,2
BRDA:82,18,1,0
BRDA:89,19,0,0
BRDA:89,19,1,2
BRF:40
BRH:31
end_of_record
TN:
SF:middleware/not-found.js
FN:1,(anonymous_0)
FNF:1
FNH:0
FNDA:0,(anonymous_0)
DA:1,5
DA:3,5
LF:2
LH:2
BRF:0
BRH:0
end_of_record
TN:
SF:models/Boards.js
FN:83,(anonymous_0)
FN:92,(anonymous_1)
FN:95,(anonymous_2)
FNF:3
FNH:2
FNDA:0,(anonymous_0)
FNDA:3,(anonymous_1)
FNDA:2,(anonymous_2)
DA:1,5
DA:2,5
DA:4,5
DA:5,5
DA:7,5
DA:84,0
DA:90,5
DA:93,3
DA:96,2
DA:99,5
LF:10
LH:9
BRF:0
BRH:0
end_of_record
TN:
SF:models/Dashboards.js
FN:59,(anonymous_0)
FN:62,(anonymous_1)
FNF:2
FNH:2
FNDA:3,(anonymous_0)
FNDA:2,(anonymous_1)
DA:1,5
DA:2,5
DA:4,5
DA:57,5
DA:60,3
DA:63,2
DA:66,5
LF:7
LH:7
BRF:0
BRH:0
end_of_record
TN:
SF:models/Notifications.js
FN:83,(anonymous_0)
FN:94,(anonymous_1)
FN:97,(anonymous_2)
FNF:3
FNH:2
FNDA:0,(anonymous_0)
FNDA:3,(anonymous_1)
FNDA:2,(anonymous_2)
DA:1,5
DA:2,5
DA:4,5
DA:5,5
DA:7,5
DA:84,0
DA:90,5
DA:92,5
DA:95,3
DA:98,2
DA:101,5
LF:11
LH:10
BRF:0
BRH:0
end_of_record
TN:
SF:models/SensorControls.js
FN:45,(anonymous_0)
FN:48,(anonymous_1)
FNF:2
FNH:2
FNDA:3,(anonymous_0)
FNDA:2,(anonymous_1)
DA:1,5
DA:2,5
DA:4,5
DA:43,5
DA:46,3
DA:49,2
DA:52,5
LF:7
LH:7
BRF:0
BRH:0
end_of_record
TN:
SF:models/SensorData.js
FN:48,(anonymous_0)
FN:96,(anonymous_1)
FN:99,(anonymous_2)
FNF:3
FNH:2
FNDA:0,(anonymous_0)
FNDA:3,(anonymous_1)
FNDA:2,(anonymous_2)
DA:1,5
DA:2,5
DA:4,5
DA:6,5
DA:7,5
DA:8,5
DA:10,5
DA:49,0
DA:56,0
DA:57,0
DA:59,0
DA:67,0
DA:70,0
DA:71,0
DA:73,0
DA:78,0
DA:80,0
DA:85,0
DA:94,5
DA:97,3
DA:100,2
DA:103,5
LF:22
LH:11
BRDA:59,0,0,0
BRDA:59,0,1,0
BRDA:60,1,0,0
BRDA:60,1,1,0
BRDA:60,1,2,0
BRDA:60,1,3,0
BRDA:60,1,4,0
BRDA:60,1,5,0
BRDA:70,2,0,0
BRDA:70,2,1,0
BRDA:71,3,0,0
BRDA:71,3,1,0
BRDA:78,4,0,0
BRDA:78,4,1,0
BRF:14
BRH:0
end_of_record
TN:
SF:models/Sensors.js
FN:78,(anonymous_0)
FN:87,(anonymous_1)
FN:90,(anonymous_2)
FNF:3
FNH:3
FNDA:4,(anonymous_0)
FNDA:3,(anonymous_1)
FNDA:2,(anonymous_2)
DA:1,5
DA:2,5
DA:4,5
DA:79,4
DA:85,5
DA:88,3
DA:91,2
DA:94,5
LF:8
LH:8
BRF:0
BRH:0
end_of_record
TN:
SF:models/Users.js
FN:73,(anonymous_0)
FN:77,(anonymous_1)
FN:88,(anonymous_2)
FN:92,(anonymous_3)
FN:104,(anonymous_4)
FN:107,(anonymous_5)
FNF:6
FNH:6
FNDA:12,(anonymous_0)
FNDA:5,(anonymous_1)
FNDA:6,(anonymous_2)
FNDA:9,(anonymous_3)
FNDA:3,(anonymous_4)
FNDA:2,(anonymous_5)
DA:1,5
DA:2,5
DA:3,5
DA:4,5
DA:5,5
DA:7,5
DA:74,12
DA:75,12
DA:78,5
DA:79,5
DA:80,5
DA:81,5
DA:88,5
DA:89,6
DA:92,5
DA:93,9
DA:102,5
DA:105,3
DA:108,2
DA:111,5
LF:20
LH:20
BRDA:78,0,0,5
BRDA:78,0,1,0
BRF:2
BRH:1
end_of_record
TN:
SF:models/associations.js
FNF:0
FNH:0
DA:1,5
DA:2,5
DA:3,5
DA:4,5
DA:5,5
DA:6,5
DA:7,5
DA:9,5
DA:10,5
DA:12,5
DA:13,5
DA:15,5
DA:16,5
DA:18,5
DA:22,5
DA:24,5
DA:28,5
DA:33,5
DA:37,5
DA:42,5
DA:46,5
DA:51,5
DA:55,5
DA:60,5
DA:64,5
DA:69,5
LF:26
LH:26
BRF:0
BRH:0
end_of_record
TN:
SF:mqtt/connect.js
FN:37,mqtt_connect
FN:42,mqtt_subscribe
FN:49,mqtt_reconnect
FN:53,mqtt_error
FN:57,mqtt_close
FN:62,mqtt_messageReceived
FN:75,insert_message
FNF:7
FNH:2
FNDA:5,mqtt_connect
FNDA:5,mqtt_subscribe
FNDA:0,mqtt_reconnect
FNDA:0,mqtt_error
FNDA:0,mqtt_close
FNDA:0,mqtt_messageReceived
FNDA:0,insert_message
DA:1,5
DA:2,5
DA:4,5
DA:6,5
DA:8,5
DA:9,5
DA:10,5
DA:12,5
DA:14,5
DA:16,5
DA:17,5
DA:19,5
DA:29,5
DA:30,5
DA:31,5
DA:32,5
DA:33,5
DA:35,5
DA:38,5
DA:39,5
DA:43,5
DA:44,5
DA:45,0
DA:50,0
DA:54,0
DA:58,0
DA:66,0
DA:72,0
DA:76,0
DA:77,0
DA:83,0
DA:84,0
DA:88,5
LF:33
LH:23
BRDA:44,0,0,0
BRDA:44,0,1,5
BRF:2
BRH:1
end_of_record
TN:
SF:routes/auth.js
FNF:0
FNH:0
DA:1,5
DA:2,5
DA:3,5
DA:4,5
DA:6,5
DA:9,5
DA:17,5
DA:18,5
DA:20,5
LF:9
LH:9
BRF:0
BRH:0
end_of_record
TN:
SF:routes/board.js
FNF:0
FNH:0
DA:1,5
DA:2,5
DA:9,5
DA:11,5
DA:12,5
DA:14,5
DA:18,5
DA:24,5
LF:8
LH:8
BRF:0
BRH:0
end_of_record
TN:
SF:routes/dashboard.js
FNF:0
FNH:0
DA:1,5
DA:2,5
DA:10,5
DA:12,5
DA:14,5
DA:16,5
DA:18,5
DA:24,5
LF:8
LH:8
BRF:0
BRH:0
end_of_record
TN:
SF:routes/notification.js
FNF:0
FNH:0
DA:1,5
DA:2,5
DA:10,5
DA:12,5
DA:14,5
DA:19,5
DA:25,5
LF:7
LH:7
BRF:0
BRH:0
end_of_record
TN:
SF:routes/sensor.js
FNF:0
FNH:0
DA:1,5
DA:2,5
DA:10,5
DA:12,5
DA:13,5
DA:15,5
DA:19,5
DA:25,5
LF:8
LH:8
BRF:0
BRH:0
end_of_record
TN:
SF:routes/sensorControl.js
FNF:0
FNH:0
DA:1,5
DA:2,5
DA:8,5
DA:10,5
DA:12,5
DA:16,5
DA:18,5
LF:7
LH:7
BRF:0
BRH:0
end_of_record
TN:
SF:routes/sensorData.js
FNF:0
FNH:0
DA:1,5
DA:2,5
DA:9,5
DA:11,5
DA:12,5
DA:13,5
DA:15,5
LF:7
LH:7
BRF:0
BRH:0
end_of_record
TN:
SF:routes/user.js
FNF:0
FNH:0
DA:1,5
DA:2,5
DA:3,5
DA:10,5
DA:12,5
DA:13,5
DA:15,5
DA:18,5
DA:26,5
DA:31,5
DA:37,5
LF:11
LH:11
BRF:0
BRH:0
end_of_record
TN:
SF:utils/sendEmail.js
FN:12,(anonymous_0)
FNF:1
FNH:0
FNDA:0,(anonymous_0)
DA:1,5
DA:2,5
DA:4,5
DA:12,5
DA:13,0
DA:20,0
DA:21,0
DA:22,0
DA:24,0
DA:28,5
LF:10
LH:5
BRF:0
BRH:0
end_of_record
TN:
SF:utils/sendTelegramMessage.js
FN:6,(anonymous_0)
FNF:1
FNH:0
FNDA:0,(anonymous_0)
DA:1,5
DA:2,5
DA:4,5
DA:6,5
DA:7,0
DA:8,0
DA:9,0
DA:11,0
DA:15,5
LF:9
LH:5
BRF:0
BRH:0
end_of_record
TN:
SF:utils/server.js
FN:34,createServer
FNF:1
FNH:1
FNDA:5,createServer
DA:1,5
DA:2,5
DA:3,5
DA:4,5
DA:5,5
DA:6,5
DA:7,5
DA:10,5
DA:13,5
DA:16,5
DA:17,5
DA:18,5
DA:19,5
DA:22,5
DA:23,5
DA:24,5
DA:25,5
DA:26,5
DA:27,5
DA:28,5
DA:29,5
DA:31,5
DA:32,5
DA:35,5
DA:38,5
DA:39,5
DA:40,5
DA:41,5
DA:44,5
DA:45,5
DA:48,5
DA:56,5
DA:64,5
DA:65,5
DA:66,5
DA:67,5
DA:68,5
DA:69,5
DA:70,5
DA:71,5
DA:74,5
DA:75,5
DA:77,5
DA:80,5
LF:44
LH:44
BRF:0
BRH:0
end_of_record
